{"C:\\Users\\Vartotojas\\Desktop\\unifit_test\\src\\assets\\svg\\bigmac.svg": {"path":"C:\\Users\\Vartotojas\\Desktop\\unifit_test\\src\\assets\\svg\\bigmac.svg","statementMap":{"0":{"start":{"line":1,"column":0},"end":{"line":4,"column":6}}},"fnMap":{},"branchMap":{},"s":{"0":1},"f":{},"b":{},"_coverageSchema":"1a1c01bbd47fc00a2c39e90264f33305004495a9","hash":"0a66b34f898cc74ee2d23ad731400e32c7731694"}
,"C:\\Users\\Vartotojas\\Desktop\\unifit_test\\src\\assets\\svg\\calories.svg": {"path":"C:\\Users\\Vartotojas\\Desktop\\unifit_test\\src\\assets\\svg\\calories.svg","statementMap":{"0":{"start":{"line":1,"column":0},"end":{"line":4,"column":6}}},"fnMap":{},"branchMap":{},"s":{"0":2},"f":{},"b":{},"_coverageSchema":"1a1c01bbd47fc00a2c39e90264f33305004495a9","hash":"06bf33dfb17e7ba210477ec46497caddcd82cd8d"}
,"C:\\Users\\Vartotojas\\Desktop\\unifit_test\\src\\assets\\svg\\distance.svg": {"path":"C:\\Users\\Vartotojas\\Desktop\\unifit_test\\src\\assets\\svg\\distance.svg","statementMap":{"0":{"start":{"line":1,"column":0},"end":{"line":4,"column":6}}},"fnMap":{},"branchMap":{},"s":{"0":1},"f":{},"b":{},"_coverageSchema":"1a1c01bbd47fc00a2c39e90264f33305004495a9","hash":"5ad5fa2ec1260a44088000b6d7139e3bd317210e"}
,"C:\\Users\\Vartotojas\\Desktop\\unifit_test\\src\\assets\\svg\\facebook.svg": {"path":"C:\\Users\\Vartotojas\\Desktop\\unifit_test\\src\\assets\\svg\\facebook.svg","statementMap":{"0":{"start":{"line":1,"column":0},"end":{"line":4,"column":6}}},"fnMap":{},"branchMap":{},"s":{"0":2},"f":{},"b":{},"_coverageSchema":"1a1c01bbd47fc00a2c39e90264f33305004495a9","hash":"b15309edec5915ccba0fd160d6fe7bb3be4a9fae"}
,"C:\\Users\\Vartotojas\\Desktop\\unifit_test\\src\\assets\\svg\\google.svg": {"path":"C:\\Users\\Vartotojas\\Desktop\\unifit_test\\src\\assets\\svg\\google.svg","statementMap":{"0":{"start":{"line":1,"column":0},"end":{"line":4,"column":6}}},"fnMap":{},"branchMap":{},"s":{"0":2},"f":{},"b":{},"_coverageSchema":"1a1c01bbd47fc00a2c39e90264f33305004495a9","hash":"a49884329fcb58cb955bfe65f94797b23e5043c1"}
,"C:\\Users\\Vartotojas\\Desktop\\unifit_test\\src\\assets\\svg\\map-shoe.svg": {"path":"C:\\Users\\Vartotojas\\Desktop\\unifit_test\\src\\assets\\svg\\map-shoe.svg","statementMap":{"0":{"start":{"line":1,"column":0},"end":{"line":4,"column":6}}},"fnMap":{},"branchMap":{},"s":{"0":1},"f":{},"b":{},"_coverageSchema":"1a1c01bbd47fc00a2c39e90264f33305004495a9","hash":"3c8d8702a19c594adc54047f542ce6ed707f69b5"}
,"C:\\Users\\Vartotojas\\Desktop\\unifit_test\\src\\assets\\svg\\time.svg": {"path":"C:\\Users\\Vartotojas\\Desktop\\unifit_test\\src\\assets\\svg\\time.svg","statementMap":{"0":{"start":{"line":1,"column":0},"end":{"line":4,"column":6}}},"fnMap":{},"branchMap":{},"s":{"0":1},"f":{},"b":{},"_coverageSchema":"1a1c01bbd47fc00a2c39e90264f33305004495a9","hash":"9c21ee4dfa00e7f4b6429478ea0d7743c00754bb"}
,"C:\\Users\\Vartotojas\\Desktop\\unifit_test\\src\\components\\Entry\\EntryButton.tsx": {"path":"C:\\Users\\Vartotojas\\Desktop\\unifit_test\\src\\components\\Entry\\EntryButton.tsx","statementMap":{"0":{"start":{"line":22,"column":2},"end":{"line":26,"column":3}},"1":{"start":{"line":23,"column":4},"end":{"line":23,"column":46}},"2":{"start":{"line":24,"column":9},"end":{"line":26,"column":3}},"3":{"start":{"line":25,"column":4},"end":{"line":25,"column":60}},"4":{"start":{"line":29,"column":2},"end":{"line":57,"column":4}},"5":{"start":{"line":60,"column":15},"end":{"line":86,"column":2}}},"fnMap":{"0":{"name":"EntryButton","decl":{"start":{"line":18,"column":24},"end":{"line":18,"column":35}},"loc":{"start":{"line":18,"column":122},"end":{"line":58,"column":1}},"line":18}},"branchMap":{"0":{"loc":{"start":{"line":18,"column":68},"end":{"line":18,"column":89}},"type":"default-arg","locations":[{"start":{"line":18,"column":77},"end":{"line":18,"column":89}}],"line":18},"1":{"loc":{"start":{"line":22,"column":2},"end":{"line":26,"column":3}},"type":"if","locations":[{"start":{"line":22,"column":2},"end":{"line":26,"column":3}},{"start":{"line":24,"column":9},"end":{"line":26,"column":3}}],"line":22},"2":{"loc":{"start":{"line":24,"column":9},"end":{"line":26,"column":3}},"type":"if","locations":[{"start":{"line":24,"column":9},"end":{"line":26,"column":3}},{"start":{},"end":{}}],"line":24}},"s":{"0":12,"1":1,"2":11,"3":1,"4":12,"5":3},"f":{"0":12},"b":{"0":[2],"1":[1,11],"2":[1,10]},"_coverageSchema":"1a1c01bbd47fc00a2c39e90264f33305004495a9","hash":"51c6edb7b0e7121dfa3ab86ebb153633fef8db01"}
,"C:\\Users\\Vartotojas\\Desktop\\unifit_test\\src\\components\\Entry\\EntryInputField.tsx": {"path":"C:\\Users\\Vartotojas\\Desktop\\unifit_test\\src\\components\\Entry\\EntryInputField.tsx","statementMap":{"0":{"start":{"line":18,"column":2},"end":{"line":44,"column":4}},"1":{"start":{"line":48,"column":15},"end":{"line":77,"column":2}}},"fnMap":{"0":{"name":"EntryInputField","decl":{"start":{"line":17,"column":24},"end":{"line":17,"column":39}},"loc":{"start":{"line":17,"column":177},"end":{"line":45,"column":1}},"line":17}},"branchMap":{"0":{"loc":{"start":{"line":17,"column":83},"end":{"line":17,"column":104}},"type":"default-arg","locations":[{"start":{"line":17,"column":92},"end":{"line":17,"column":104}}],"line":17},"1":{"loc":{"start":{"line":17,"column":140},"end":{"line":17,"column":152}},"type":"default-arg","locations":[{"start":{"line":17,"column":150},"end":{"line":17,"column":152}}],"line":17}},"s":{"0":24,"1":3},"f":{"0":24},"b":{"0":[4],"1":[23]},"_coverageSchema":"1a1c01bbd47fc00a2c39e90264f33305004495a9","hash":"cd40bb2e6ec4f0e4ed54be31d13d0d7beebf6882"}
,"C:\\Users\\Vartotojas\\Desktop\\unifit_test\\src\\components\\Main\\Home\\CalorieCounter.tsx": {"path":"C:\\Users\\Vartotojas\\Desktop\\unifit_test\\src\\components\\Main\\Home\\CalorieCounter.tsx","statementMap":{"0":{"start":{"line":13,"column":26},"end":{"line":15,"column":3}},"1":{"start":{"line":14,"column":4},"end":{"line":14,"column":43}},"2":{"start":{"line":17,"column":2},"end":{"line":47,"column":3}},"3":{"start":{"line":50,"column":15},"end":{"line":59,"column":2}}},"fnMap":{"0":{"name":"CalorieCounter","decl":{"start":{"line":12,"column":24},"end":{"line":12,"column":38}},"loc":{"start":{"line":12,"column":87},"end":{"line":48,"column":1}},"line":12},"1":{"name":"(anonymous_1)","decl":{"start":{"line":13,"column":26},"end":{"line":13,"column":27}},"loc":{"start":{"line":13,"column":32},"end":{"line":15,"column":3}},"line":13}},"branchMap":{"0":{"loc":{"start":{"line":12,"column":55},"end":{"line":12,"column":76}},"type":"default-arg","locations":[{"start":{"line":12,"column":64},"end":{"line":12,"column":76}}],"line":12}},"s":{"0":6,"1":6,"2":6,"3":1},"f":{"0":6,"1":6},"b":{"0":[6]},"_coverageSchema":"1a1c01bbd47fc00a2c39e90264f33305004495a9","hash":"68465baa344be533da86662df1d58941eb535e6d"}
,"C:\\Users\\Vartotojas\\Desktop\\unifit_test\\src\\components\\Main\\Home\\FillerModal.tsx": {"path":"C:\\Users\\Vartotojas\\Desktop\\unifit_test\\src\\components\\Main\\Home\\FillerModal.tsx","statementMap":{"0":{"start":{"line":11,"column":2},"end":{"line":28,"column":4}},"1":{"start":{"line":31,"column":15},"end":{"line":54,"column":2}}},"fnMap":{"0":{"name":"FillerModal","decl":{"start":{"line":10,"column":24},"end":{"line":10,"column":35}},"loc":{"start":{"line":10,"column":70},"end":{"line":29,"column":1}},"line":10}},"branchMap":{"0":{"loc":{"start":{"line":10,"column":38},"end":{"line":10,"column":59}},"type":"default-arg","locations":[{"start":{"line":10,"column":47},"end":{"line":10,"column":59}}],"line":10}},"s":{"0":2,"1":1},"f":{"0":2},"b":{"0":[1]},"_coverageSchema":"1a1c01bbd47fc00a2c39e90264f33305004495a9","hash":"2917e954e17742e8e94f6bf68cfc90ee125aae23"}
,"C:\\Users\\Vartotojas\\Desktop\\unifit_test\\src\\components\\Main\\Home\\Stats.tsx": {"path":"C:\\Users\\Vartotojas\\Desktop\\unifit_test\\src\\components\\Main\\Home\\Stats.tsx","statementMap":{"0":{"start":{"line":15,"column":22},"end":{"line":23,"column":3}},"1":{"start":{"line":16,"column":4},"end":{"line":18,"column":5}},"2":{"start":{"line":17,"column":6},"end":{"line":17,"column":15}},"3":{"start":{"line":19,"column":16},"end":{"line":19,"column":39}},"4":{"start":{"line":20,"column":18},"end":{"line":20,"column":48}},"5":{"start":{"line":22,"column":4},"end":{"line":22,"column":35}},"6":{"start":{"line":25,"column":22},"end":{"line":27,"column":3}},"7":{"start":{"line":26,"column":4},"end":{"line":26,"column":42}},"8":{"start":{"line":29,"column":22},"end":{"line":31,"column":3}},"9":{"start":{"line":30,"column":4},"end":{"line":30,"column":49}},"10":{"start":{"line":35,"column":2},"end":{"line":60,"column":3}},"11":{"start":{"line":63,"column":15},"end":{"line":93,"column":2}}},"fnMap":{"0":{"name":"Stats","decl":{"start":{"line":14,"column":24},"end":{"line":14,"column":29}},"loc":{"start":{"line":14,"column":81},"end":{"line":61,"column":1}},"line":14},"1":{"name":"(anonymous_1)","decl":{"start":{"line":15,"column":22},"end":{"line":15,"column":23}},"loc":{"start":{"line":15,"column":36},"end":{"line":23,"column":3}},"line":15},"2":{"name":"(anonymous_2)","decl":{"start":{"line":25,"column":22},"end":{"line":25,"column":23}},"loc":{"start":{"line":25,"column":36},"end":{"line":27,"column":3}},"line":25},"3":{"name":"(anonymous_3)","decl":{"start":{"line":29,"column":22},"end":{"line":29,"column":23}},"loc":{"start":{"line":29,"column":36},"end":{"line":31,"column":3}},"line":29}},"branchMap":{"0":{"loc":{"start":{"line":14,"column":49},"end":{"line":14,"column":70}},"type":"default-arg","locations":[{"start":{"line":14,"column":58},"end":{"line":14,"column":70}}],"line":14},"1":{"loc":{"start":{"line":16,"column":4},"end":{"line":18,"column":5}},"type":"if","locations":[{"start":{"line":16,"column":4},"end":{"line":18,"column":5}},{"start":{},"end":{}}],"line":16}},"s":{"0":12,"1":12,"2":0,"3":12,"4":12,"5":12,"6":12,"7":12,"8":12,"9":12,"10":12,"11":1},"f":{"0":12,"1":12,"2":12,"3":12},"b":{"0":[12],"1":[0,12]},"_coverageSchema":"1a1c01bbd47fc00a2c39e90264f33305004495a9","hash":"7cb658a57db2eda7540b311c79955adf21570e32"}
,"C:\\Users\\Vartotojas\\Desktop\\unifit_test\\src\\components\\Main\\Map\\HotZoneDropdown.tsx": {"path":"C:\\Users\\Vartotojas\\Desktop\\unifit_test\\src\\components\\Main\\Map\\HotZoneDropdown.tsx","statementMap":{"0":{"start":{"line":22,"column":56},"end":{"line":53,"column":1}},"1":{"start":{"line":28,"column":28},"end":{"line":34,"column":3}},"2":{"start":{"line":30,"column":4},"end":{"line":32,"column":5}},"3":{"start":{"line":31,"column":6},"end":{"line":31,"column":13}},"4":{"start":{"line":33,"column":4},"end":{"line":33,"column":54}},"5":{"start":{"line":36,"column":2},"end":{"line":52,"column":4}},"6":{"start":{"line":47,"column":10},"end":{"line":47,"column":79}},"7":{"start":{"line":55,"column":15},"end":{"line":69,"column":2}}},"fnMap":{"0":{"name":"(anonymous_0)","decl":{"start":{"line":22,"column":56},"end":{"line":22,"column":57}},"loc":{"start":{"line":26,"column":6},"end":{"line":53,"column":1}},"line":26},"1":{"name":"(anonymous_1)","decl":{"start":{"line":28,"column":28},"end":{"line":28,"column":29}},"loc":{"start":{"line":28,"column":70},"end":{"line":34,"column":3}},"line":28},"2":{"name":"(anonymous_2)","decl":{"start":{"line":46,"column":22},"end":{"line":46,"column":23}},"loc":{"start":{"line":47,"column":10},"end":{"line":47,"column":79}},"line":47}},"branchMap":{"0":{"loc":{"start":{"line":30,"column":4},"end":{"line":32,"column":5}},"type":"if","locations":[{"start":{"line":30,"column":4},"end":{"line":32,"column":5}},{"start":{},"end":{}}],"line":30},"1":{"loc":{"start":{"line":30,"column":8},"end":{"line":30,"column":43}},"type":"binary-expr","locations":[{"start":{"line":30,"column":8},"end":{"line":30,"column":24}},{"start":{"line":30,"column":28},"end":{"line":30,"column":43}}],"line":30}},"s":{"0":1,"1":3,"2":0,"3":0,"4":0,"5":3,"6":6,"7":1},"f":{"0":3,"1":0,"2":6},"b":{"0":[0,0],"1":[0,0]},"_coverageSchema":"1a1c01bbd47fc00a2c39e90264f33305004495a9","hash":"9f385f66f2b30c6932c84f1e7425eaafddec799b"}
,"C:\\Users\\Vartotojas\\Desktop\\unifit_test\\src\\components\\Main\\Map\\HotZoneMap.tsx": {"path":"C:\\Users\\Vartotojas\\Desktop\\unifit_test\\src\\components\\Main\\Map\\HotZoneMap.tsx","statementMap":{"0":{"start":{"line":8,"column":2},"end":{"line":8,"column":33}},"1":{"start":{"line":13,"column":12},"end":{"line":13,"column":18}},"2":{"start":{"line":14,"column":15},"end":{"line":14,"column":41}},"3":{"start":{"line":15,"column":15},"end":{"line":15,"column":50}},"4":{"start":{"line":16,"column":19},"end":{"line":16,"column":72}},"5":{"start":{"line":17,"column":19},"end":{"line":17,"column":74}},"6":{"start":{"line":19,"column":12},"end":{"line":21,"column":51}},"7":{"start":{"line":22,"column":12},"end":{"line":22,"column":58}},"8":{"start":{"line":24,"column":2},"end":{"line":24,"column":15}},"9":{"start":{"line":27,"column":22},"end":{"line":32,"column":1}},"10":{"start":{"line":34,"column":20},"end":{"line":37,"column":1}},"11":{"start":{"line":39,"column":17},"end":{"line":54,"column":1}},"12":{"start":{"line":56,"column":19},"end":{"line":274,"column":1}},"13":{"start":{"line":57,"column":17},"end":{"line":57,"column":29}},"14":{"start":{"line":58,"column":30},"end":{"line":63,"column":4}},"15":{"start":{"line":64,"column":34},"end":{"line":64,"column":49}},"16":{"start":{"line":65,"column":50},"end":{"line":65,"column":65}},"17":{"start":{"line":66,"column":46},"end":{"line":66,"column":58}},"18":{"start":{"line":67,"column":52},"end":{"line":67,"column":67}},"19":{"start":{"line":68,"column":42},"end":{"line":68,"column":57}},"20":{"start":{"line":69,"column":42},"end":{"line":69,"column":78}},"21":{"start":{"line":70,"column":54},"end":{"line":70,"column":73}},"22":{"start":{"line":73,"column":2},"end":{"line":84,"column":17}},"23":{"start":{"line":75,"column":4},"end":{"line":83,"column":5}},"24":{"start":{"line":76,"column":6},"end":{"line":80,"column":15}},"25":{"start":{"line":82,"column":6},"end":{"line":82,"column":33}},"26":{"start":{"line":87,"column":2},"end":{"line":96,"column":35}},"27":{"start":{"line":88,"column":4},"end":{"line":95,"column":5}},"28":{"start":{"line":89,"column":6},"end":{"line":94,"column":15}},"29":{"start":{"line":99,"column":2},"end":{"line":120,"column":66}},"30":{"start":{"line":100,"column":4},"end":{"line":119,"column":5}},"31":{"start":{"line":101,"column":6},"end":{"line":101,"column":33}},"32":{"start":{"line":102,"column":33},"end":{"line":102,"column":62}},"33":{"start":{"line":105,"column":27},"end":{"line":105,"column":56}},"34":{"start":{"line":106,"column":28},"end":{"line":106,"column":44}},"35":{"start":{"line":109,"column":29},"end":{"line":109,"column":107}},"36":{"start":{"line":111,"column":6},"end":{"line":116,"column":15}},"37":{"start":{"line":118,"column":6},"end":{"line":118,"column":26}},"38":{"start":{"line":122,"column":2},"end":{"line":131,"column":53}},"39":{"start":{"line":123,"column":4},"end":{"line":130,"column":5}},"40":{"start":{"line":124,"column":6},"end":{"line":128,"column":15}},"41":{"start":{"line":129,"column":6},"end":{"line":129,"column":23}},"42":{"start":{"line":133,"column":2},"end":{"line":166,"column":63}},"43":{"start":{"line":134,"column":4},"end":{"line":137,"column":5}},"44":{"start":{"line":135,"column":6},"end":{"line":135,"column":141}},"45":{"start":{"line":136,"column":6},"end":{"line":136,"column":13}},"46":{"start":{"line":139,"column":34},"end":{"line":139,"column":43}},"47":{"start":{"line":140,"column":26},"end":{"line":140,"column":31}},"48":{"start":{"line":141,"column":4},"end":{"line":159,"column":5}},"49":{"start":{"line":142,"column":23},"end":{"line":142,"column":66}},"50":{"start":{"line":143,"column":6},"end":{"line":158,"column":7}},"51":{"start":{"line":144,"column":8},"end":{"line":144,"column":31}},"52":{"start":{"line":145,"column":8},"end":{"line":145,"column":72}},"53":{"start":{"line":147,"column":8},"end":{"line":156,"column":9}},"54":{"start":{"line":148,"column":10},"end":{"line":148,"column":50}},"55":{"start":{"line":149,"column":10},"end":{"line":155,"column":11}},"56":{"start":{"line":150,"column":12},"end":{"line":153,"column":15}},"57":{"start":{"line":154,"column":12},"end":{"line":154,"column":34}},"58":{"start":{"line":157,"column":8},"end":{"line":157,"column":14}},"59":{"start":{"line":161,"column":4},"end":{"line":161,"column":49}},"60":{"start":{"line":163,"column":4},"end":{"line":165,"column":5}},"61":{"start":{"line":164,"column":6},"end":{"line":164,"column":28}},"62":{"start":{"line":168,"column":32},"end":{"line":171,"column":3}},"63":{"start":{"line":169,"column":4},"end":{"line":169,"column":31}},"64":{"start":{"line":170,"column":4},"end":{"line":170,"column":23}},"65":{"start":{"line":173,"column":28},"end":{"line":197,"column":3}},"66":{"start":{"line":174,"column":20},"end":{"line":174,"column":61}},"67":{"start":{"line":174,"column":42},"end":{"line":174,"column":60}},"68":{"start":{"line":175,"column":4},"end":{"line":196,"column":5}},"69":{"start":{"line":176,"column":6},"end":{"line":194,"column":7}},"70":{"start":{"line":177,"column":25},"end":{"line":177,"column":68}},"71":{"start":{"line":178,"column":8},"end":{"line":188,"column":9}},"72":{"start":{"line":179,"column":10},"end":{"line":182,"column":13}},"73":{"start":{"line":184,"column":10},"end":{"line":187,"column":13}},"74":{"start":{"line":190,"column":8},"end":{"line":193,"column":11}},"75":{"start":{"line":195,"column":6},"end":{"line":195,"column":28}},"76":{"start":{"line":199,"column":2},"end":{"line":273,"column":4}},"77":{"start":{"line":207,"column":45},"end":{"line":207,"column":65}},"78":{"start":{"line":210,"column":24},"end":{"line":210,"column":41}},"79":{"start":{"line":220,"column":10},"end":{"line":247,"column":27}},"80":{"start":{"line":236,"column":29},"end":{"line":236,"column":60}},"81":{"start":{"line":260,"column":30},"end":{"line":260,"column":52}},"82":{"start":{"line":266,"column":38},"end":{"line":266,"column":60}},"83":{"start":{"line":276,"column":15},"end":{"line":328,"column":2}}},"fnMap":{"0":{"name":"toRadians","decl":{"start":{"line":7,"column":9},"end":{"line":7,"column":18}},"loc":{"start":{"line":7,"column":28},"end":{"line":9,"column":1}},"line":7},"1":{"name":"calculateDistance","decl":{"start":{"line":12,"column":9},"end":{"line":12,"column":26}},"loc":{"start":{"line":12,"column":43},"end":{"line":25,"column":1}},"line":12},"2":{"name":"(anonymous_2)","decl":{"start":{"line":56,"column":19},"end":{"line":56,"column":20}},"loc":{"start":{"line":56,"column":230},"end":{"line":274,"column":1}},"line":56},"3":{"name":"(anonymous_3)","decl":{"start":{"line":73,"column":12},"end":{"line":73,"column":13}},"loc":{"start":{"line":73,"column":18},"end":{"line":84,"column":3}},"line":73},"4":{"name":"(anonymous_4)","decl":{"start":{"line":87,"column":12},"end":{"line":87,"column":13}},"loc":{"start":{"line":87,"column":18},"end":{"line":96,"column":3}},"line":87},"5":{"name":"(anonymous_5)","decl":{"start":{"line":99,"column":12},"end":{"line":99,"column":13}},"loc":{"start":{"line":99,"column":18},"end":{"line":120,"column":3}},"line":99},"6":{"name":"(anonymous_6)","decl":{"start":{"line":122,"column":12},"end":{"line":122,"column":13}},"loc":{"start":{"line":122,"column":18},"end":{"line":131,"column":3}},"line":122},"7":{"name":"(anonymous_7)","decl":{"start":{"line":133,"column":12},"end":{"line":133,"column":13}},"loc":{"start":{"line":133,"column":18},"end":{"line":166,"column":3}},"line":133},"8":{"name":"(anonymous_8)","decl":{"start":{"line":168,"column":32},"end":{"line":168,"column":33}},"loc":{"start":{"line":168,"column":38},"end":{"line":171,"column":3}},"line":168},"9":{"name":"(anonymous_9)","decl":{"start":{"line":173,"column":28},"end":{"line":173,"column":29}},"loc":{"start":{"line":173,"column":38},"end":{"line":197,"column":3}},"line":173},"10":{"name":"(anonymous_10)","decl":{"start":{"line":174,"column":34},"end":{"line":174,"column":35}},"loc":{"start":{"line":174,"column":42},"end":{"line":174,"column":60}},"line":174},"11":{"name":"(anonymous_11)","decl":{"start":{"line":207,"column":32},"end":{"line":207,"column":33}},"loc":{"start":{"line":207,"column":45},"end":{"line":207,"column":65}},"line":207},"12":{"name":"(anonymous_12)","decl":{"start":{"line":210,"column":18},"end":{"line":210,"column":19}},"loc":{"start":{"line":210,"column":24},"end":{"line":210,"column":41}},"line":210},"13":{"name":"(anonymous_13)","decl":{"start":{"line":219,"column":22},"end":{"line":219,"column":23}},"loc":{"start":{"line":220,"column":10},"end":{"line":247,"column":27}},"line":220},"14":{"name":"(anonymous_14)","decl":{"start":{"line":236,"column":23},"end":{"line":236,"column":24}},"loc":{"start":{"line":236,"column":29},"end":{"line":236,"column":60}},"line":236},"15":{"name":"(anonymous_15)","decl":{"start":{"line":260,"column":24},"end":{"line":260,"column":25}},"loc":{"start":{"line":260,"column":30},"end":{"line":260,"column":52}},"line":260},"16":{"name":"(anonymous_16)","decl":{"start":{"line":266,"column":32},"end":{"line":266,"column":33}},"loc":{"start":{"line":266,"column":38},"end":{"line":266,"column":60}},"line":266}},"branchMap":{"0":{"loc":{"start":{"line":56,"column":55},"end":{"line":56,"column":68}},"type":"default-arg","locations":[{"start":{"line":56,"column":66},"end":{"line":56,"column":68}}],"line":56},"1":{"loc":{"start":{"line":59,"column":14},"end":{"line":59,"column":66}},"type":"binary-expr","locations":[{"start":{"line":59,"column":14},"end":{"line":59,"column":40}},{"start":{"line":59,"column":44},"end":{"line":59,"column":66}}],"line":59},"2":{"loc":{"start":{"line":60,"column":15},"end":{"line":60,"column":69}},"type":"binary-expr","locations":[{"start":{"line":60,"column":15},"end":{"line":60,"column":42}},{"start":{"line":60,"column":46},"end":{"line":60,"column":69}}],"line":60},"3":{"loc":{"start":{"line":75,"column":4},"end":{"line":83,"column":5}},"type":"if","locations":[{"start":{"line":75,"column":4},"end":{"line":83,"column":5}},{"start":{},"end":{}}],"line":75},"4":{"loc":{"start":{"line":75,"column":8},"end":{"line":75,"column":56}},"type":"binary-expr","locations":[{"start":{"line":75,"column":8},"end":{"line":75,"column":26}},{"start":{"line":75,"column":30},"end":{"line":75,"column":38}},{"start":{"line":75,"column":42},"end":{"line":75,"column":56}}],"line":75},"5":{"loc":{"start":{"line":88,"column":4},"end":{"line":95,"column":5}},"type":"if","locations":[{"start":{"line":88,"column":4},"end":{"line":95,"column":5}},{"start":{},"end":{}}],"line":88},"6":{"loc":{"start":{"line":88,"column":8},"end":{"line":88,"column":54}},"type":"binary-expr","locations":[{"start":{"line":88,"column":8},"end":{"line":88,"column":24}},{"start":{"line":88,"column":28},"end":{"line":88,"column":36}},{"start":{"line":88,"column":40},"end":{"line":88,"column":54}}],"line":88},"7":{"loc":{"start":{"line":100,"column":4},"end":{"line":119,"column":5}},"type":"if","locations":[{"start":{"line":100,"column":4},"end":{"line":119,"column":5}},{"start":{},"end":{}}],"line":100},"8":{"loc":{"start":{"line":100,"column":8},"end":{"line":100,"column":66}},"type":"binary-expr","locations":[{"start":{"line":100,"column":8},"end":{"line":100,"column":23}},{"start":{"line":100,"column":27},"end":{"line":100,"column":41}},{"start":{"line":100,"column":45},"end":{"line":100,"column":66}}],"line":100},"9":{"loc":{"start":{"line":123,"column":4},"end":{"line":130,"column":5}},"type":"if","locations":[{"start":{"line":123,"column":4},"end":{"line":130,"column":5}},{"start":{},"end":{}}],"line":123},"10":{"loc":{"start":{"line":123,"column":8},"end":{"line":123,"column":56}},"type":"binary-expr","locations":[{"start":{"line":123,"column":8},"end":{"line":123,"column":26}},{"start":{"line":123,"column":30},"end":{"line":123,"column":38}},{"start":{"line":123,"column":42},"end":{"line":123,"column":56}}],"line":123},"11":{"loc":{"start":{"line":134,"column":4},"end":{"line":137,"column":5}},"type":"if","locations":[{"start":{"line":134,"column":4},"end":{"line":137,"column":5}},{"start":{},"end":{}}],"line":134},"12":{"loc":{"start":{"line":134,"column":8},"end":{"line":134,"column":37}},"type":"binary-expr","locations":[{"start":{"line":134,"column":8},"end":{"line":134,"column":17}},{"start":{"line":134,"column":21},"end":{"line":134,"column":37}}],"line":134},"13":{"loc":{"start":{"line":135,"column":24},"end":{"line":135,"column":139}},"type":"cond-expr","locations":[{"start":{"line":135,"column":51},"end":{"line":135,"column":111}},{"start":{"line":135,"column":114},"end":{"line":135,"column":139}}],"line":135},"14":{"loc":{"start":{"line":143,"column":6},"end":{"line":158,"column":7}},"type":"if","locations":[{"start":{"line":143,"column":6},"end":{"line":158,"column":7}},{"start":{},"end":{}}],"line":143},"15":{"loc":{"start":{"line":147,"column":8},"end":{"line":156,"column":9}},"type":"if","locations":[{"start":{"line":147,"column":8},"end":{"line":156,"column":9}},{"start":{},"end":{}}],"line":147},"16":{"loc":{"start":{"line":149,"column":10},"end":{"line":155,"column":11}},"type":"if","locations":[{"start":{"line":149,"column":10},"end":{"line":155,"column":11}},{"start":{},"end":{}}],"line":149},"17":{"loc":{"start":{"line":163,"column":4},"end":{"line":165,"column":5}},"type":"if","locations":[{"start":{"line":163,"column":4},"end":{"line":165,"column":5}},{"start":{},"end":{}}],"line":163},"18":{"loc":{"start":{"line":175,"column":4},"end":{"line":196,"column":5}},"type":"if","locations":[{"start":{"line":175,"column":4},"end":{"line":196,"column":5}},{"start":{},"end":{}}],"line":175},"19":{"loc":{"start":{"line":176,"column":6},"end":{"line":194,"column":7}},"type":"if","locations":[{"start":{"line":176,"column":6},"end":{"line":194,"column":7}},{"start":{"line":189,"column":13},"end":{"line":194,"column":7}}],"line":176},"20":{"loc":{"start":{"line":176,"column":10},"end":{"line":176,"column":37}},"type":"binary-expr","locations":[{"start":{"line":176,"column":10},"end":{"line":176,"column":18}},{"start":{"line":176,"column":22},"end":{"line":176,"column":37}}],"line":176},"21":{"loc":{"start":{"line":178,"column":8},"end":{"line":188,"column":9}},"type":"if","locations":[{"start":{"line":178,"column":8},"end":{"line":188,"column":9}},{"start":{"line":183,"column":15},"end":{"line":188,"column":9}}],"line":178},"22":{"loc":{"start":{"line":213,"column":9},"end":{"line":217,"column":9}},"type":"binary-expr","locations":[{"start":{"line":213,"column":9},"end":{"line":213,"column":17}},{"start":{"line":214,"column":10},"end":{"line":216,"column":19}}],"line":213},"23":{"loc":{"start":{"line":250,"column":7},"end":{"line":254,"column":7}},"type":"binary-expr","locations":[{"start":{"line":250,"column":7},"end":{"line":250,"column":21}},{"start":{"line":251,"column":8},"end":{"line":253,"column":15}}],"line":250}},"s":{"0":0,"1":0,"2":0,"3":0,"4":0,"5":0,"6":0,"7":0,"8":0,"9":1,"10":1,"11":1,"12":1,"13":6,"14":6,"15":6,"16":6,"17":6,"18":6,"19":6,"20":6,"21":6,"22":6,"23":0,"24":0,"25":0,"26":6,"27":0,"28":0,"29":6,"30":0,"31":0,"32":0,"33":0,"34":0,"35":0,"36":0,"37":0,"38":6,"39":0,"40":0,"41":0,"42":6,"43":0,"44":0,"45":0,"46":0,"47":0,"48":0,"49":0,"50":0,"51":0,"52":0,"53":0,"54":0,"55":0,"56":0,"57":0,"58":0,"59":0,"60":0,"61":0,"62":6,"63":0,"64":0,"65":6,"66":0,"67":0,"68":0,"69":0,"70":0,"71":0,"72":0,"73":0,"74":0,"75":0,"76":6,"77":0,"78":0,"79":12,"80":0,"81":0,"82":0,"83":1},"f":{"0":0,"1":0,"2":6,"3":0,"4":0,"5":0,"6":0,"7":0,"8":0,"9":0,"10":0,"11":0,"12":0,"13":12,"14":0,"15":0,"16":0},"b":{"0":[0],"1":[6,0],"2":[6,0],"3":[0,0],"4":[0,0,0],"5":[0,0],"6":[0,0,0],"7":[0,0],"8":[0,0,0],"9":[0,0],"10":[0,0,0],"11":[0,0],"12":[0,0],"13":[0,0],"14":[0,0],"15":[0,0],"16":[0,0],"17":[0,0],"18":[0,0],"19":[0,0],"20":[0,0],"21":[0,0],"22":[6,6],"23":[6,0]},"_coverageSchema":"1a1c01bbd47fc00a2c39e90264f33305004495a9","hash":"caa57f893c84eb57905520035a3064a328af8d32"}
,"C:\\Users\\Vartotojas\\Desktop\\unifit_test\\src\\components\\Main\\Profile\\PressableField.tsx": {"path":"C:\\Users\\Vartotojas\\Desktop\\unifit_test\\src\\components\\Main\\Profile\\PressableField.tsx","statementMap":{"0":{"start":{"line":12,"column":2},"end":{"line":26,"column":4}},"1":{"start":{"line":29,"column":15},"end":{"line":52,"column":2}}},"fnMap":{"0":{"name":"PressableField","decl":{"start":{"line":11,"column":24},"end":{"line":11,"column":38}},"loc":{"start":{"line":11,"column":78},"end":{"line":27,"column":1}},"line":11}},"branchMap":{},"s":{"0":2,"1":1},"f":{"0":2},"b":{},"_coverageSchema":"1a1c01bbd47fc00a2c39e90264f33305004495a9","hash":"f29eb0dc42cc031549d448f4546b8f2a2dc10f0c"}
,"C:\\Users\\Vartotojas\\Desktop\\unifit_test\\src\\components\\Main\\Store\\StoreItem.tsx": {"path":"C:\\Users\\Vartotojas\\Desktop\\unifit_test\\src\\components\\Main\\Store\\StoreItem.tsx","statementMap":{"0":{"start":{"line":5,"column":18},"end":{"line":14,"column":1}},"1":{"start":{"line":6,"column":4},"end":{"line":13,"column":6}},"2":{"start":{"line":8,"column":63},"end":{"line":8,"column":77}},"3":{"start":{"line":16,"column":15},"end":{"line":51,"column":2}}},"fnMap":{"0":{"name":"(anonymous_0)","decl":{"start":{"line":5,"column":18},"end":{"line":5,"column":19}},"loc":{"start":{"line":5,"column":42},"end":{"line":14,"column":1}},"line":5},"1":{"name":"(anonymous_1)","decl":{"start":{"line":8,"column":57},"end":{"line":8,"column":58}},"loc":{"start":{"line":8,"column":63},"end":{"line":8,"column":77}},"line":8}},"branchMap":{},"s":{"0":1,"1":2,"2":1,"3":1},"f":{"0":2,"1":1},"b":{},"_coverageSchema":"1a1c01bbd47fc00a2c39e90264f33305004495a9","hash":"33bad61be06d7d3733e40f93dc010f76912d5536"}
,"C:\\Users\\Vartotojas\\Desktop\\unifit_test\\src\\components\\Main\\Streaks\\Streak.ts": {"path":"C:\\Users\\Vartotojas\\Desktop\\unifit_test\\src\\components\\Main\\Streaks\\Streak.ts","statementMap":{"0":{"start":{"line":9,"column":2},"end":{"line":9,"column":42}},"1":{"start":{"line":13,"column":38},"end":{"line":13,"column":42}},"2":{"start":{"line":15,"column":2},"end":{"line":21,"column":3}},"3":{"start":{"line":16,"column":4},"end":{"line":20,"column":5}},"4":{"start":{"line":17,"column":6},"end":{"line":17,"column":30}},"5":{"start":{"line":19,"column":6},"end":{"line":19,"column":12}},"6":{"start":{"line":23,"column":2},"end":{"line":23,"column":24}}},"fnMap":{"0":{"name":"isStreakCompleted","decl":{"start":{"line":8,"column":16},"end":{"line":8,"column":33}},"loc":{"start":{"line":8,"column":82},"end":{"line":10,"column":1}},"line":8},"1":{"name":"selectStreak","decl":{"start":{"line":12,"column":16},"end":{"line":12,"column":28}},"loc":{"start":{"line":12,"column":86},"end":{"line":24,"column":1}},"line":12}},"branchMap":{"0":{"loc":{"start":{"line":16,"column":4},"end":{"line":20,"column":5}},"type":"if","locations":[{"start":{"line":16,"column":4},"end":{"line":20,"column":5}},{"start":{"line":18,"column":11},"end":{"line":20,"column":5}}],"line":16}},"s":{"0":9,"1":3,"2":3,"3":6,"4":3,"5":3,"6":3},"f":{"0":9,"1":3},"b":{"0":[3,3]},"_coverageSchema":"1a1c01bbd47fc00a2c39e90264f33305004495a9","hash":"a47160859356312c55165b62f6e0ace80e537536"}
,"C:\\Users\\Vartotojas\\Desktop\\unifit_test\\src\\components\\Main\\Streaks\\StreakTypes.ts": {"path":"C:\\Users\\Vartotojas\\Desktop\\unifit_test\\src\\components\\Main\\Streaks\\StreakTypes.ts","statementMap":{"0":{"start":{"line":3,"column":21},"end":{"line":3,"column":31}},"1":{"start":{"line":5,"column":37},"end":{"line":39,"column":1}},"2":{"start":{"line":10,"column":51},"end":{"line":15,"column":5}},"3":{"start":{"line":21,"column":51},"end":{"line":26,"column":5}},"4":{"start":{"line":32,"column":52},"end":{"line":37,"column":5}}},"fnMap":{"0":{"name":"(anonymous_0)","decl":{"start":{"line":10,"column":36},"end":{"line":10,"column":37}},"loc":{"start":{"line":10,"column":51},"end":{"line":15,"column":5}},"line":10},"1":{"name":"(anonymous_1)","decl":{"start":{"line":21,"column":36},"end":{"line":21,"column":37}},"loc":{"start":{"line":21,"column":51},"end":{"line":26,"column":5}},"line":21},"2":{"name":"(anonymous_2)","decl":{"start":{"line":32,"column":37},"end":{"line":32,"column":38}},"loc":{"start":{"line":32,"column":52},"end":{"line":37,"column":5}},"line":32}},"branchMap":{},"s":{"0":1,"1":1,"2":3,"3":7,"4":30},"f":{"0":3,"1":7,"2":30},"b":{},"_coverageSchema":"1a1c01bbd47fc00a2c39e90264f33305004495a9","hash":"b1a444cc90d86044cca17e85136e220c86b63a8c"}
,"C:\\Users\\Vartotojas\\Desktop\\unifit_test\\src\\components\\Main\\Streaks\\StreakdateUtils.ts": {"path":"C:\\Users\\Vartotojas\\Desktop\\unifit_test\\src\\components\\Main\\Streaks\\StreakdateUtils.ts","statementMap":{"0":{"start":{"line":1,"column":29},"end":{"line":28,"column":3}},"1":{"start":{"line":2,"column":17},"end":{"line":2,"column":27}},"2":{"start":{"line":3,"column":4},"end":{"line":3,"column":41}},"3":{"start":{"line":4,"column":23},"end":{"line":17,"column":5}},"4":{"start":{"line":18,"column":16},"end":{"line":18,"column":30}},"5":{"start":{"line":19,"column":20},"end":{"line":19,"column":24}},"6":{"start":{"line":20,"column":4},"end":{"line":26,"column":5}},"7":{"start":{"line":21,"column":6},"end":{"line":21,"column":23}},"8":{"start":{"line":22,"column":11},"end":{"line":26,"column":5}},"9":{"start":{"line":23,"column":6},"end":{"line":23,"column":23}},"10":{"start":{"line":24,"column":11},"end":{"line":26,"column":5}},"11":{"start":{"line":25,"column":6},"end":{"line":25,"column":23}},"12":{"start":{"line":27,"column":4},"end":{"line":27,"column":63}}},"fnMap":{"0":{"name":"(anonymous_0)","decl":{"start":{"line":1,"column":29},"end":{"line":1,"column":30}},"loc":{"start":{"line":1,"column":48},"end":{"line":28,"column":3}},"line":1}},"branchMap":{"0":{"loc":{"start":{"line":20,"column":4},"end":{"line":26,"column":5}},"type":"if","locations":[{"start":{"line":20,"column":4},"end":{"line":26,"column":5}},{"start":{"line":22,"column":11},"end":{"line":26,"column":5}}],"line":20},"1":{"loc":{"start":{"line":20,"column":8},"end":{"line":20,"column":45}},"type":"binary-expr","locations":[{"start":{"line":20,"column":8},"end":{"line":20,"column":17}},{"start":{"line":20,"column":21},"end":{"line":20,"column":31}},{"start":{"line":20,"column":35},"end":{"line":20,"column":45}}],"line":20},"2":{"loc":{"start":{"line":22,"column":11},"end":{"line":26,"column":5}},"type":"if","locations":[{"start":{"line":22,"column":11},"end":{"line":26,"column":5}},{"start":{"line":24,"column":11},"end":{"line":26,"column":5}}],"line":22},"3":{"loc":{"start":{"line":22,"column":15},"end":{"line":22,"column":38}},"type":"binary-expr","locations":[{"start":{"line":22,"column":15},"end":{"line":22,"column":24}},{"start":{"line":22,"column":28},"end":{"line":22,"column":38}}],"line":22},"4":{"loc":{"start":{"line":24,"column":11},"end":{"line":26,"column":5}},"type":"if","locations":[{"start":{"line":24,"column":11},"end":{"line":26,"column":5}},{"start":{},"end":{}}],"line":24},"5":{"loc":{"start":{"line":24,"column":15},"end":{"line":24,"column":38}},"type":"binary-expr","locations":[{"start":{"line":24,"column":15},"end":{"line":24,"column":24}},{"start":{"line":24,"column":28},"end":{"line":24,"column":38}}],"line":24}},"s":{"0":1,"1":3,"2":3,"3":3,"4":3,"5":3,"6":3,"7":0,"8":3,"9":0,"10":3,"11":0,"12":3},"f":{"0":3},"b":{"0":[0,3],"1":[3,3,3],"2":[0,3],"3":[3,3],"4":[0,3],"5":[3,3]},"_coverageSchema":"1a1c01bbd47fc00a2c39e90264f33305004495a9","hash":"75a9acb1f861786cda2523e1f1134873cb71358f"}
,"C:\\Users\\Vartotojas\\Desktop\\unifit_test\\src\\components\\Main\\WaterIntake\\LogWaterIntake.tsx": {"path":"C:\\Users\\Vartotojas\\Desktop\\unifit_test\\src\\components\\Main\\WaterIntake\\LogWaterIntake.tsx","statementMap":{"0":{"start":{"line":6,"column":23},"end":{"line":80,"column":1}},"1":{"start":{"line":7,"column":38},"end":{"line":7,"column":49}},"2":{"start":{"line":8,"column":40},"end":{"line":8,"column":51}},"3":{"start":{"line":10,"column":2},"end":{"line":12,"column":19}},"4":{"start":{"line":11,"column":4},"end":{"line":11,"column":31}},"5":{"start":{"line":14,"column":25},"end":{"line":25,"column":3}},"6":{"start":{"line":15,"column":4},"end":{"line":24,"column":5}},"7":{"start":{"line":16,"column":6},"end":{"line":19,"column":7}},"8":{"start":{"line":17,"column":8},"end":{"line":17,"column":80}},"9":{"start":{"line":18,"column":8},"end":{"line":18,"column":15}},"10":{"start":{"line":20,"column":6},"end":{"line":20,"column":34}},"11":{"start":{"line":21,"column":6},"end":{"line":21,"column":19}},"12":{"start":{"line":23,"column":6},"end":{"line":23,"column":76}},"13":{"start":{"line":27,"column":28},"end":{"line":38,"column":3}},"14":{"start":{"line":28,"column":4},"end":{"line":37,"column":5}},"15":{"start":{"line":29,"column":6},"end":{"line":32,"column":7}},"16":{"start":{"line":30,"column":8},"end":{"line":30,"column":93}},"17":{"start":{"line":31,"column":8},"end":{"line":31,"column":15}},"18":{"start":{"line":33,"column":6},"end":{"line":33,"column":37}},"19":{"start":{"line":34,"column":6},"end":{"line":34,"column":19}},"20":{"start":{"line":36,"column":6},"end":{"line":36,"column":76}},"21":{"start":{"line":40,"column":29},"end":{"line":43,"column":3}},"22":{"start":{"line":41,"column":4},"end":{"line":41,"column":25}},"23":{"start":{"line":42,"column":4},"end":{"line":42,"column":26}},"24":{"start":{"line":45,"column":21},"end":{"line":48,"column":3}},"25":{"start":{"line":46,"column":4},"end":{"line":46,"column":21}},"26":{"start":{"line":47,"column":4},"end":{"line":47,"column":22}},"27":{"start":{"line":50,"column":2},"end":{"line":79,"column":4}},"28":{"start":{"line":57,"column":32},"end":{"line":57,"column":59}},"29":{"start":{"line":82,"column":15},"end":{"line":143,"column":2}}},"fnMap":{"0":{"name":"(anonymous_0)","decl":{"start":{"line":6,"column":23},"end":{"line":6,"column":24}},"loc":{"start":{"line":6,"column":56},"end":{"line":80,"column":1}},"line":6},"1":{"name":"(anonymous_1)","decl":{"start":{"line":10,"column":12},"end":{"line":10,"column":13}},"loc":{"start":{"line":10,"column":18},"end":{"line":12,"column":3}},"line":10},"2":{"name":"(anonymous_2)","decl":{"start":{"line":14,"column":25},"end":{"line":14,"column":26}},"loc":{"start":{"line":14,"column":31},"end":{"line":25,"column":3}},"line":14},"3":{"name":"(anonymous_3)","decl":{"start":{"line":27,"column":28},"end":{"line":27,"column":29}},"loc":{"start":{"line":27,"column":34},"end":{"line":38,"column":3}},"line":27},"4":{"name":"(anonymous_4)","decl":{"start":{"line":40,"column":29},"end":{"line":40,"column":30}},"loc":{"start":{"line":40,"column":40},"end":{"line":43,"column":3}},"line":40},"5":{"name":"(anonymous_5)","decl":{"start":{"line":45,"column":21},"end":{"line":45,"column":22}},"loc":{"start":{"line":45,"column":27},"end":{"line":48,"column":3}},"line":45},"6":{"name":"(anonymous_6)","decl":{"start":{"line":57,"column":22},"end":{"line":57,"column":23}},"loc":{"start":{"line":57,"column":32},"end":{"line":57,"column":59}},"line":57}},"branchMap":{"0":{"loc":{"start":{"line":15,"column":4},"end":{"line":24,"column":5}},"type":"if","locations":[{"start":{"line":15,"column":4},"end":{"line":24,"column":5}},{"start":{"line":22,"column":11},"end":{"line":24,"column":5}}],"line":15},"1":{"loc":{"start":{"line":16,"column":6},"end":{"line":19,"column":7}},"type":"if","locations":[{"start":{"line":16,"column":6},"end":{"line":19,"column":7}},{"start":{},"end":{}}],"line":16},"2":{"loc":{"start":{"line":28,"column":4},"end":{"line":37,"column":5}},"type":"if","locations":[{"start":{"line":28,"column":4},"end":{"line":37,"column":5}},{"start":{"line":35,"column":11},"end":{"line":37,"column":5}}],"line":28},"3":{"loc":{"start":{"line":29,"column":6},"end":{"line":32,"column":7}},"type":"if","locations":[{"start":{"line":29,"column":6},"end":{"line":32,"column":7}},{"start":{},"end":{}}],"line":29}},"s":{"0":1,"1":1,"2":1,"3":1,"4":1,"5":1,"6":0,"7":0,"8":0,"9":0,"10":0,"11":0,"12":0,"13":1,"14":0,"15":0,"16":0,"17":0,"18":0,"19":0,"20":0,"21":1,"22":0,"23":0,"24":1,"25":0,"26":0,"27":1,"28":0,"29":1},"f":{"0":1,"1":1,"2":0,"3":0,"4":0,"5":0,"6":0},"b":{"0":[0,0],"1":[0,0],"2":[0,0],"3":[0,0]},"_coverageSchema":"1a1c01bbd47fc00a2c39e90264f33305004495a9","hash":"464c75aa3cdbb5329c473cb2cc76b2ac8509d127"}
,"C:\\Users\\Vartotojas\\Desktop\\unifit_test\\src\\constants\\Colors.ts": {"path":"C:\\Users\\Vartotojas\\Desktop\\unifit_test\\src\\constants\\Colors.ts","statementMap":{},"fnMap":{},"branchMap":{},"s":{},"f":{},"b":{},"_coverageSchema":"1a1c01bbd47fc00a2c39e90264f33305004495a9","hash":"0b05300367d95c9e7d51279dc0cf8190dd3d104e"}
,"C:\\Users\\Vartotojas\\Desktop\\unifit_test\\src\\constants\\Enums.ts": {"path":"C:\\Users\\Vartotojas\\Desktop\\unifit_test\\src\\constants\\Enums.ts","statementMap":{},"fnMap":{},"branchMap":{},"s":{},"f":{},"b":{},"_coverageSchema":"1a1c01bbd47fc00a2c39e90264f33305004495a9","hash":"974719102c9087635432a0ff7dee67423943b63d"}
,"C:\\Users\\Vartotojas\\Desktop\\unifit_test\\src\\screens\\Entry\\Login.tsx": {"path":"C:\\Users\\Vartotojas\\Desktop\\unifit_test\\src\\screens\\Entry\\Login.tsx","statementMap":{"0":{"start":{"line":13,"column":28},"end":{"line":13,"column":40}},"1":{"start":{"line":14,"column":34},"end":{"line":14,"column":46}},"2":{"start":{"line":15,"column":28},"end":{"line":15,"column":40}},"3":{"start":{"line":16,"column":15},"end":{"line":16,"column":24}},"4":{"start":{"line":18,"column":21},"end":{"line":18,"column":36}},"5":{"start":{"line":20,"column":22},"end":{"line":26,"column":3}},"6":{"start":{"line":21,"column":19},"end":{"line":21,"column":53}},"7":{"start":{"line":23,"column":4},"end":{"line":25,"column":5}},"8":{"start":{"line":24,"column":6},"end":{"line":24,"column":23}},"9":{"start":{"line":28,"column":2},"end":{"line":74,"column":4}},"10":{"start":{"line":38,"column":34},"end":{"line":38,"column":48}},"11":{"start":{"line":45,"column":34},"end":{"line":45,"column":51}},"12":{"start":{"line":54,"column":79},"end":{"line":54,"column":116}},"13":{"start":{"line":63,"column":25},"end":{"line":63,"column":38}},"14":{"start":{"line":68,"column":47},"end":{"line":68,"column":78}},"15":{"start":{"line":77,"column":15},"end":{"line":109,"column":2}}},"fnMap":{"0":{"name":"Login","decl":{"start":{"line":12,"column":24},"end":{"line":12,"column":29}},"loc":{"start":{"line":12,"column":32},"end":{"line":75,"column":1}},"line":12},"1":{"name":"(anonymous_1)","decl":{"start":{"line":20,"column":22},"end":{"line":20,"column":23}},"loc":{"start":{"line":20,"column":34},"end":{"line":26,"column":3}},"line":20},"2":{"name":"(anonymous_2)","decl":{"start":{"line":38,"column":24},"end":{"line":38,"column":25}},"loc":{"start":{"line":38,"column":34},"end":{"line":38,"column":48}},"line":38},"3":{"name":"(anonymous_3)","decl":{"start":{"line":45,"column":24},"end":{"line":45,"column":25}},"loc":{"start":{"line":45,"column":34},"end":{"line":45,"column":51}},"line":45},"4":{"name":"(anonymous_4)","decl":{"start":{"line":54,"column":73},"end":{"line":54,"column":74}},"loc":{"start":{"line":54,"column":79},"end":{"line":54,"column":116}},"line":54},"5":{"name":"(anonymous_5)","decl":{"start":{"line":63,"column":19},"end":{"line":63,"column":20}},"loc":{"start":{"line":63,"column":25},"end":{"line":63,"column":38}},"line":63},"6":{"name":"(anonymous_6)","decl":{"start":{"line":68,"column":41},"end":{"line":68,"column":42}},"loc":{"start":{"line":68,"column":47},"end":{"line":68,"column":78}},"line":68}},"branchMap":{"0":{"loc":{"start":{"line":23,"column":4},"end":{"line":25,"column":5}},"type":"if","locations":[{"start":{"line":23,"column":4},"end":{"line":25,"column":5}},{"start":{},"end":{}}],"line":23},"1":{"loc":{"start":{"line":32,"column":9},"end":{"line":32,"column":65}},"type":"cond-expr","locations":[{"start":{"line":32,"column":17},"end":{"line":32,"column":58}},{"start":{"line":32,"column":61},"end":{"line":32,"column":65}}],"line":32}},"s":{"0":3,"1":3,"2":3,"3":3,"4":3,"5":3,"6":0,"7":0,"8":0,"9":3,"10":1,"11":1,"12":0,"13":0,"14":0,"15":1},"f":{"0":3,"1":0,"2":1,"3":1,"4":0,"5":0,"6":0},"b":{"0":[0,0],"1":[0,3]},"_coverageSchema":"1a1c01bbd47fc00a2c39e90264f33305004495a9","hash":"3c3066bcc4298cf6f5e8516fe871deedfb8091e3"}
,"C:\\Users\\Vartotojas\\Desktop\\unifit_test\\src\\screens\\Entry\\Register.tsx": {"path":"C:\\Users\\Vartotojas\\Desktop\\unifit_test\\src\\screens\\Entry\\Register.tsx","statementMap":{"0":{"start":{"line":12,"column":21},"end":{"line":12,"column":36}},"1":{"start":{"line":13,"column":15},"end":{"line":13,"column":24}},"2":{"start":{"line":14,"column":28},"end":{"line":14,"column":40}},"3":{"start":{"line":15,"column":34},"end":{"line":15,"column":46}},"4":{"start":{"line":16,"column":28},"end":{"line":16,"column":40}},"5":{"start":{"line":18,"column":23},"end":{"line":27,"column":3}},"6":{"start":{"line":19,"column":19},"end":{"line":19,"column":53}},"7":{"start":{"line":20,"column":4},"end":{"line":26,"column":5}},"8":{"start":{"line":21,"column":6},"end":{"line":21,"column":23}},"9":{"start":{"line":24,"column":6},"end":{"line":24,"column":108}},"10":{"start":{"line":25,"column":6},"end":{"line":25,"column":35}},"11":{"start":{"line":30,"column":2},"end":{"line":65,"column":4}},"12":{"start":{"line":40,"column":34},"end":{"line":40,"column":48}},"13":{"start":{"line":47,"column":34},"end":{"line":47,"column":51}},"14":{"start":{"line":54,"column":25},"end":{"line":54,"column":39}},"15":{"start":{"line":59,"column":47},"end":{"line":59,"column":75}},"16":{"start":{"line":68,"column":15},"end":{"line":100,"column":2}}},"fnMap":{"0":{"name":"Entry","decl":{"start":{"line":11,"column":24},"end":{"line":11,"column":29}},"loc":{"start":{"line":11,"column":32},"end":{"line":66,"column":1}},"line":11},"1":{"name":"(anonymous_1)","decl":{"start":{"line":18,"column":23},"end":{"line":18,"column":24}},"loc":{"start":{"line":18,"column":35},"end":{"line":27,"column":3}},"line":18},"2":{"name":"(anonymous_2)","decl":{"start":{"line":40,"column":24},"end":{"line":40,"column":25}},"loc":{"start":{"line":40,"column":34},"end":{"line":40,"column":48}},"line":40},"3":{"name":"(anonymous_3)","decl":{"start":{"line":47,"column":24},"end":{"line":47,"column":25}},"loc":{"start":{"line":47,"column":34},"end":{"line":47,"column":51}},"line":47},"4":{"name":"(anonymous_4)","decl":{"start":{"line":54,"column":19},"end":{"line":54,"column":20}},"loc":{"start":{"line":54,"column":25},"end":{"line":54,"column":39}},"line":54},"5":{"name":"(anonymous_5)","decl":{"start":{"line":59,"column":41},"end":{"line":59,"column":42}},"loc":{"start":{"line":59,"column":47},"end":{"line":59,"column":75}},"line":59}},"branchMap":{"0":{"loc":{"start":{"line":20,"column":4},"end":{"line":26,"column":5}},"type":"if","locations":[{"start":{"line":20,"column":4},"end":{"line":26,"column":5}},{"start":{"line":23,"column":9},"end":{"line":26,"column":5}}],"line":20},"1":{"loc":{"start":{"line":34,"column":9},"end":{"line":34,"column":65}},"type":"cond-expr","locations":[{"start":{"line":34,"column":17},"end":{"line":34,"column":58}},{"start":{"line":34,"column":61},"end":{"line":34,"column":65}}],"line":34}},"s":{"0":7,"1":7,"2":7,"3":7,"4":7,"5":7,"6":0,"7":0,"8":0,"9":0,"10":0,"11":7,"12":1,"13":1,"14":0,"15":1,"16":1},"f":{"0":7,"1":0,"2":1,"3":1,"4":0,"5":1},"b":{"0":[0,0],"1":[0,7]},"_coverageSchema":"1a1c01bbd47fc00a2c39e90264f33305004495a9","hash":"6743eb03faa3615c8f49061a2c3803b487dc6820"}
}
