{"C:\\Users\\Vartotojas\\Desktop\\3 kursas\\unifit_test\\src\\react-app-env.d.ts": {"path":"C:\\Users\\Vartotojas\\Desktop\\3 kursas\\unifit_test\\src\\react-app-env.d.ts","statementMap":{},"fnMap":{},"branchMap":{},"s":{},"f":{},"b":{}}
,"C:\\Users\\Vartotojas\\Desktop\\3 kursas\\unifit_test\\src\\components\\Entry\\EntryButton.tsx": {"path":"C:\\Users\\Vartotojas\\Desktop\\3 kursas\\unifit_test\\src\\components\\Entry\\EntryButton.tsx","statementMap":{"0":{"start":{"line":28,"column":2},"end":{"line":32,"column":3}},"1":{"start":{"line":29,"column":4},"end":{"line":29,"column":68}},"2":{"start":{"line":30,"column":9},"end":{"line":32,"column":3}},"3":{"start":{"line":31,"column":4},"end":{"line":31,"column":84}},"4":{"start":{"line":34,"column":2},"end":{"line":62,"column":4}},"5":{"start":{"line":65,"column":15},"end":{"line":91,"column":2}}},"fnMap":{"0":{"name":"EntryButton","decl":{"start":{"line":17,"column":24},"end":{"line":17,"column":35}},"loc":{"start":{"line":25,"column":10},"end":{"line":63,"column":1}},"line":25}},"branchMap":{"0":{"loc":{"start":{"line":21,"column":2},"end":{"line":21,"column":23}},"type":"default-arg","locations":[{"start":{"line":21,"column":11},"end":{"line":21,"column":23}}],"line":21},"1":{"loc":{"start":{"line":28,"column":2},"end":{"line":32,"column":3}},"type":"if","locations":[{"start":{"line":28,"column":2},"end":{"line":32,"column":3}},{"start":{"line":30,"column":9},"end":{"line":32,"column":3}}],"line":28},"2":{"loc":{"start":{"line":30,"column":9},"end":{"line":32,"column":3}},"type":"if","locations":[{"start":{"line":30,"column":9},"end":{"line":32,"column":3}},{"start":{},"end":{}}],"line":30}},"s":{"0":0,"1":0,"2":0,"3":0,"4":0,"5":0},"f":{"0":0},"b":{"0":[0],"1":[0,0],"2":[0,0]}}
,"C:\\Users\\Vartotojas\\Desktop\\3 kursas\\unifit_test\\src\\components\\Entry\\EntryInputField.tsx": {"path":"C:\\Users\\Vartotojas\\Desktop\\3 kursas\\unifit_test\\src\\components\\Entry\\EntryInputField.tsx","statementMap":{"0":{"start":{"line":18,"column":2},"end":{"line":44,"column":4}},"1":{"start":{"line":48,"column":15},"end":{"line":77,"column":2}}},"fnMap":{"0":{"name":"EntryInputField","decl":{"start":{"line":17,"column":24},"end":{"line":17,"column":39}},"loc":{"start":{"line":17,"column":177},"end":{"line":45,"column":1}},"line":17}},"branchMap":{"0":{"loc":{"start":{"line":17,"column":83},"end":{"line":17,"column":104}},"type":"default-arg","locations":[{"start":{"line":17,"column":92},"end":{"line":17,"column":104}}],"line":17},"1":{"loc":{"start":{"line":17,"column":140},"end":{"line":17,"column":152}},"type":"default-arg","locations":[{"start":{"line":17,"column":150},"end":{"line":17,"column":152}}],"line":17}},"s":{"0":0,"1":0},"f":{"0":0},"b":{"0":[0],"1":[0]}}
,"C:\\Users\\Vartotojas\\Desktop\\3 kursas\\unifit_test\\src\\components\\Main\\Home\\CalorieCounter.tsx": {"path":"C:\\Users\\Vartotojas\\Desktop\\3 kursas\\unifit_test\\src\\components\\Main\\Home\\CalorieCounter.tsx","statementMap":{"0":{"start":{"line":13,"column":26},"end":{"line":15,"column":3}},"1":{"start":{"line":14,"column":4},"end":{"line":14,"column":43}},"2":{"start":{"line":17,"column":2},"end":{"line":47,"column":3}},"3":{"start":{"line":50,"column":15},"end":{"line":59,"column":2}}},"fnMap":{"0":{"name":"CalorieCounter","decl":{"start":{"line":12,"column":24},"end":{"line":12,"column":38}},"loc":{"start":{"line":12,"column":87},"end":{"line":48,"column":1}},"line":12},"1":{"name":"(anonymous_1)","decl":{"start":{"line":13,"column":26},"end":{"line":13,"column":27}},"loc":{"start":{"line":13,"column":32},"end":{"line":15,"column":3}},"line":13}},"branchMap":{"0":{"loc":{"start":{"line":12,"column":55},"end":{"line":12,"column":76}},"type":"default-arg","locations":[{"start":{"line":12,"column":64},"end":{"line":12,"column":76}}],"line":12}},"s":{"0":0,"1":0,"2":0,"3":0},"f":{"0":0,"1":0},"b":{"0":[0]}}
,"C:\\Users\\Vartotojas\\Desktop\\3 kursas\\unifit_test\\src\\components\\Main\\Home\\DistanceCounter.tsx": {"path":"C:\\Users\\Vartotojas\\Desktop\\3 kursas\\unifit_test\\src\\components\\Main\\Home\\DistanceCounter.tsx","statementMap":{"0":{"start":{"line":13,"column":15},"end":{"line":13,"column":24}},"1":{"start":{"line":14,"column":14},"end":{"line":14,"column":16}},"2":{"start":{"line":16,"column":19},"end":{"line":28,"column":3}},"3":{"start":{"line":17,"column":15},"end":{"line":17,"column":39}},"4":{"start":{"line":18,"column":22},"end":{"line":18,"column":94}},"5":{"start":{"line":19,"column":28},"end":{"line":19,"column":48}},"6":{"start":{"line":21,"column":4},"end":{"line":27,"column":5}},"7":{"start":{"line":22,"column":6},"end":{"line":22,"column":16}},"8":{"start":{"line":23,"column":11},"end":{"line":27,"column":5}},"9":{"start":{"line":24,"column":6},"end":{"line":24,"column":16}},"10":{"start":{"line":26,"column":6},"end":{"line":26,"column":34}},"11":{"start":{"line":30,"column":27},"end":{"line":34,"column":3}},"12":{"start":{"line":31,"column":19},"end":{"line":31,"column":37}},"13":{"start":{"line":32,"column":18},"end":{"line":32,"column":73}},"14":{"start":{"line":32,"column":58},"end":{"line":32,"column":69}},"15":{"start":{"line":33,"column":4},"end":{"line":33,"column":17}},"16":{"start":{"line":36,"column":2},"end":{"line":198,"column":3}},"17":{"start":{"line":201,"column":15},"end":{"line":210,"column":2}}},"fnMap":{"0":{"name":"DistanceCounter","decl":{"start":{"line":12,"column":24},"end":{"line":12,"column":39}},"loc":{"start":{"line":12,"column":74},"end":{"line":199,"column":1}},"line":12},"1":{"name":"(anonymous_1)","decl":{"start":{"line":16,"column":19},"end":{"line":16,"column":20}},"loc":{"start":{"line":16,"column":38},"end":{"line":28,"column":3}},"line":16},"2":{"name":"(anonymous_2)","decl":{"start":{"line":30,"column":27},"end":{"line":30,"column":28}},"loc":{"start":{"line":30,"column":46},"end":{"line":34,"column":3}},"line":30},"3":{"name":"(anonymous_3)","decl":{"start":{"line":32,"column":32},"end":{"line":32,"column":33}},"loc":{"start":{"line":32,"column":58},"end":{"line":32,"column":69}},"line":32}},"branchMap":{"0":{"loc":{"start":{"line":12,"column":42},"end":{"line":12,"column":63}},"type":"default-arg","locations":[{"start":{"line":12,"column":51},"end":{"line":12,"column":63}}],"line":12},"1":{"loc":{"start":{"line":18,"column":22},"end":{"line":18,"column":94}},"type":"cond-expr","locations":[{"start":{"line":18,"column":64},"end":{"line":18,"column":90}},{"start":{"line":18,"column":93},"end":{"line":18,"column":94}}],"line":18},"2":{"loc":{"start":{"line":21,"column":4},"end":{"line":27,"column":5}},"type":"if","locations":[{"start":{"line":21,"column":4},"end":{"line":27,"column":5}},{"start":{"line":23,"column":11},"end":{"line":27,"column":5}}],"line":21},"3":{"loc":{"start":{"line":23,"column":11},"end":{"line":27,"column":5}},"type":"if","locations":[{"start":{"line":23,"column":11},"end":{"line":27,"column":5}},{"start":{"line":25,"column":11},"end":{"line":27,"column":5}}],"line":23},"4":{"loc":{"start":{"line":61,"column":11},"end":{"line":68,"column":17}},"type":"cond-expr","locations":[{"start":{"line":62,"column":12},"end":{"line":64,"column":17}},{"start":{"line":66,"column":12},"end":{"line":68,"column":17}}],"line":61},"5":{"loc":{"start":{"line":72,"column":11},"end":{"line":79,"column":17}},"type":"cond-expr","locations":[{"start":{"line":73,"column":12},"end":{"line":75,"column":17}},{"start":{"line":77,"column":12},"end":{"line":79,"column":17}}],"line":72},"6":{"loc":{"start":{"line":83,"column":11},"end":{"line":90,"column":17}},"type":"cond-expr","locations":[{"start":{"line":84,"column":12},"end":{"line":86,"column":17}},{"start":{"line":88,"column":12},"end":{"line":90,"column":17}}],"line":83},"7":{"loc":{"start":{"line":94,"column":11},"end":{"line":101,"column":17}},"type":"cond-expr","locations":[{"start":{"line":95,"column":12},"end":{"line":97,"column":17}},{"start":{"line":99,"column":12},"end":{"line":101,"column":17}}],"line":94},"8":{"loc":{"start":{"line":105,"column":11},"end":{"line":112,"column":17}},"type":"cond-expr","locations":[{"start":{"line":106,"column":12},"end":{"line":108,"column":17}},{"start":{"line":110,"column":12},"end":{"line":112,"column":17}}],"line":105},"9":{"loc":{"start":{"line":116,"column":11},"end":{"line":123,"column":17}},"type":"cond-expr","locations":[{"start":{"line":117,"column":12},"end":{"line":119,"column":17}},{"start":{"line":121,"column":12},"end":{"line":123,"column":17}}],"line":116},"10":{"loc":{"start":{"line":127,"column":11},"end":{"line":134,"column":17}},"type":"cond-expr","locations":[{"start":{"line":128,"column":12},"end":{"line":130,"column":17}},{"start":{"line":132,"column":12},"end":{"line":134,"column":17}}],"line":127},"11":{"loc":{"start":{"line":138,"column":11},"end":{"line":145,"column":17}},"type":"cond-expr","locations":[{"start":{"line":139,"column":12},"end":{"line":141,"column":17}},{"start":{"line":143,"column":12},"end":{"line":145,"column":17}}],"line":138},"12":{"loc":{"start":{"line":149,"column":11},"end":{"line":156,"column":17}},"type":"cond-expr","locations":[{"start":{"line":150,"column":12},"end":{"line":152,"column":17}},{"start":{"line":154,"column":12},"end":{"line":156,"column":17}}],"line":149},"13":{"loc":{"start":{"line":160,"column":11},"end":{"line":167,"column":17}},"type":"cond-expr","locations":[{"start":{"line":161,"column":12},"end":{"line":163,"column":17}},{"start":{"line":165,"column":12},"end":{"line":167,"column":17}}],"line":160},"14":{"loc":{"start":{"line":171,"column":11},"end":{"line":178,"column":17}},"type":"cond-expr","locations":[{"start":{"line":172,"column":12},"end":{"line":174,"column":17}},{"start":{"line":176,"column":12},"end":{"line":178,"column":17}}],"line":171},"15":{"loc":{"start":{"line":182,"column":11},"end":{"line":189,"column":17}},"type":"cond-expr","locations":[{"start":{"line":183,"column":12},"end":{"line":185,"column":17}},{"start":{"line":187,"column":12},"end":{"line":189,"column":17}}],"line":182},"16":{"loc":{"start":{"line":194,"column":56},"end":{"line":194,"column":147}},"type":"cond-expr","locations":[{"start":{"line":194,"column":83},"end":{"line":194,"column":143}},{"start":{"line":194,"column":146},"end":{"line":194,"column":147}}],"line":194}},"s":{"0":0,"1":0,"2":0,"3":0,"4":0,"5":0,"6":0,"7":0,"8":0,"9":0,"10":0,"11":0,"12":0,"13":0,"14":0,"15":0,"16":0,"17":0},"f":{"0":0,"1":0,"2":0,"3":0},"b":{"0":[0],"1":[0,0],"2":[0,0],"3":[0,0],"4":[0,0],"5":[0,0],"6":[0,0],"7":[0,0],"8":[0,0],"9":[0,0],"10":[0,0],"11":[0,0],"12":[0,0],"13":[0,0],"14":[0,0],"15":[0,0],"16":[0,0]}}
,"C:\\Users\\Vartotojas\\Desktop\\3 kursas\\unifit_test\\src\\components\\Main\\Home\\FillerModal.tsx": {"path":"C:\\Users\\Vartotojas\\Desktop\\3 kursas\\unifit_test\\src\\components\\Main\\Home\\FillerModal.tsx","statementMap":{"0":{"start":{"line":11,"column":2},"end":{"line":28,"column":4}},"1":{"start":{"line":31,"column":15},"end":{"line":54,"column":2}}},"fnMap":{"0":{"name":"FillerModal","decl":{"start":{"line":10,"column":24},"end":{"line":10,"column":35}},"loc":{"start":{"line":10,"column":70},"end":{"line":29,"column":1}},"line":10}},"branchMap":{"0":{"loc":{"start":{"line":10,"column":38},"end":{"line":10,"column":59}},"type":"default-arg","locations":[{"start":{"line":10,"column":47},"end":{"line":10,"column":59}}],"line":10}},"s":{"0":0,"1":0},"f":{"0":0},"b":{"0":[0]}}
,"C:\\Users\\Vartotojas\\Desktop\\3 kursas\\unifit_test\\src\\components\\Main\\Home\\Progress.tsx": {"path":"C:\\Users\\Vartotojas\\Desktop\\3 kursas\\unifit_test\\src\\components\\Main\\Home\\Progress.tsx","statementMap":{"0":{"start":{"line":12,"column":20},"end":{"line":12,"column":43}},"1":{"start":{"line":13,"column":0},"end":{"line":13,"column":26}},"2":{"start":{"line":14,"column":0},"end":{"line":14,"column":26}},"3":{"start":{"line":15,"column":0},"end":{"line":15,"column":26}},"4":{"start":{"line":16,"column":0},"end":{"line":16,"column":26}},"5":{"start":{"line":17,"column":0},"end":{"line":17,"column":26}},"6":{"start":{"line":18,"column":0},"end":{"line":18,"column":26}},"7":{"start":{"line":19,"column":0},"end":{"line":19,"column":26}},"8":{"start":{"line":22,"column":14},"end":{"line":22,"column":24}},"9":{"start":{"line":23,"column":15},"end":{"line":23,"column":24}},"10":{"start":{"line":29,"column":21},"end":{"line":35,"column":3}},"11":{"start":{"line":30,"column":27},"end":{"line":30,"column":41}},"12":{"start":{"line":31,"column":4},"end":{"line":34,"column":34}},"13":{"start":{"line":32,"column":6},"end":{"line":32,"column":20}},"14":{"start":{"line":34,"column":6},"end":{"line":34,"column":34}},"15":{"start":{"line":37,"column":17},"end":{"line":44,"column":3}},"16":{"start":{"line":38,"column":21},"end":{"line":38,"column":36}},"17":{"start":{"line":39,"column":27},"end":{"line":39,"column":41}},"18":{"start":{"line":40,"column":4},"end":{"line":43,"column":51}},"19":{"start":{"line":41,"column":6},"end":{"line":41,"column":24}},"20":{"start":{"line":43,"column":6},"end":{"line":43,"column":51}},"21":{"start":{"line":46,"column":26},"end":{"line":61,"column":3}},"22":{"start":{"line":47,"column":4},"end":{"line":60,"column":5}},"23":{"start":{"line":49,"column":23},"end":{"line":49,"column":38}},"24":{"start":{"line":50,"column":29},"end":{"line":50,"column":43}},"25":{"start":{"line":51,"column":6},"end":{"line":57,"column":7}},"26":{"start":{"line":52,"column":8},"end":{"line":52,"column":70}},"27":{"start":{"line":55,"column":19},"end":{"line":55,"column":161}},"28":{"start":{"line":56,"column":8},"end":{"line":56,"column":42}},"29":{"start":{"line":59,"column":6},"end":{"line":59,"column":15}},"30":{"start":{"line":63,"column":13},"end":{"line":63,"column":15}},"31":{"start":{"line":64,"column":14},"end":{"line":64,"column":15}},"32":{"start":{"line":66,"column":2},"end":{"line":274,"column":3}},"33":{"start":{"line":277,"column":15},"end":{"line":320,"column":2}}},"fnMap":{"0":{"name":"Progress","decl":{"start":{"line":21,"column":24},"end":{"line":21,"column":32}},"loc":{"start":{"line":21,"column":67},"end":{"line":275,"column":1}},"line":21},"1":{"name":"(anonymous_1)","decl":{"start":{"line":29,"column":21},"end":{"line":29,"column":22}},"loc":{"start":{"line":29,"column":46},"end":{"line":35,"column":3}},"line":29},"2":{"name":"(anonymous_2)","decl":{"start":{"line":37,"column":17},"end":{"line":37,"column":18}},"loc":{"start":{"line":37,"column":42},"end":{"line":44,"column":3}},"line":37},"3":{"name":"(anonymous_3)","decl":{"start":{"line":46,"column":26},"end":{"line":46,"column":27}},"loc":{"start":{"line":46,"column":51},"end":{"line":61,"column":3}},"line":46}},"branchMap":{"0":{"loc":{"start":{"line":21,"column":35},"end":{"line":21,"column":56}},"type":"default-arg","locations":[{"start":{"line":21,"column":44},"end":{"line":21,"column":56}}],"line":21},"1":{"loc":{"start":{"line":31,"column":4},"end":{"line":34,"column":34}},"type":"if","locations":[{"start":{"line":31,"column":4},"end":{"line":34,"column":34}},{"start":{"line":34,"column":6},"end":{"line":34,"column":34}}],"line":31},"2":{"loc":{"start":{"line":40,"column":4},"end":{"line":43,"column":51}},"type":"if","locations":[{"start":{"line":40,"column":4},"end":{"line":43,"column":51}},{"start":{"line":43,"column":6},"end":{"line":43,"column":51}}],"line":40},"3":{"loc":{"start":{"line":47,"column":4},"end":{"line":60,"column":5}},"type":"if","locations":[{"start":{"line":47,"column":4},"end":{"line":60,"column":5}},{"start":{"line":58,"column":11},"end":{"line":60,"column":5}}],"line":47},"4":{"loc":{"start":{"line":51,"column":6},"end":{"line":57,"column":7}},"type":"if","locations":[{"start":{"line":51,"column":6},"end":{"line":57,"column":7}},{"start":{"line":54,"column":11},"end":{"line":57,"column":7}}],"line":51},"5":{"loc":{"start":{"line":55,"column":19},"end":{"line":55,"column":161}},"type":"cond-expr","locations":[{"start":{"line":55,"column":96},"end":{"line":55,"column":157}},{"start":{"line":55,"column":160},"end":{"line":55,"column":161}}],"line":55}},"s":{"0":0,"1":0,"2":0,"3":0,"4":0,"5":0,"6":0,"7":0,"8":0,"9":0,"10":0,"11":0,"12":0,"13":0,"14":0,"15":0,"16":0,"17":0,"18":0,"19":0,"20":0,"21":0,"22":0,"23":0,"24":0,"25":0,"26":0,"27":0,"28":0,"29":0,"30":0,"31":0,"32":0,"33":0},"f":{"0":0,"1":0,"2":0,"3":0},"b":{"0":[0],"1":[0,0],"2":[0,0],"3":[0,0],"4":[0,0],"5":[0,0]}}
,"C:\\Users\\Vartotojas\\Desktop\\3 kursas\\unifit_test\\src\\components\\Main\\Home\\Stats.tsx": {"path":"C:\\Users\\Vartotojas\\Desktop\\3 kursas\\unifit_test\\src\\components\\Main\\Home\\Stats.tsx","statementMap":{"0":{"start":{"line":15,"column":22},"end":{"line":23,"column":3}},"1":{"start":{"line":16,"column":4},"end":{"line":18,"column":5}},"2":{"start":{"line":17,"column":6},"end":{"line":17,"column":15}},"3":{"start":{"line":19,"column":16},"end":{"line":19,"column":39}},"4":{"start":{"line":20,"column":18},"end":{"line":20,"column":48}},"5":{"start":{"line":22,"column":4},"end":{"line":22,"column":35}},"6":{"start":{"line":25,"column":22},"end":{"line":27,"column":3}},"7":{"start":{"line":26,"column":4},"end":{"line":26,"column":42}},"8":{"start":{"line":29,"column":22},"end":{"line":31,"column":3}},"9":{"start":{"line":30,"column":4},"end":{"line":30,"column":49}},"10":{"start":{"line":35,"column":2},"end":{"line":60,"column":3}},"11":{"start":{"line":63,"column":15},"end":{"line":93,"column":2}}},"fnMap":{"0":{"name":"Stats","decl":{"start":{"line":14,"column":24},"end":{"line":14,"column":29}},"loc":{"start":{"line":14,"column":81},"end":{"line":61,"column":1}},"line":14},"1":{"name":"(anonymous_1)","decl":{"start":{"line":15,"column":22},"end":{"line":15,"column":23}},"loc":{"start":{"line":15,"column":36},"end":{"line":23,"column":3}},"line":15},"2":{"name":"(anonymous_2)","decl":{"start":{"line":25,"column":22},"end":{"line":25,"column":23}},"loc":{"start":{"line":25,"column":36},"end":{"line":27,"column":3}},"line":25},"3":{"name":"(anonymous_3)","decl":{"start":{"line":29,"column":22},"end":{"line":29,"column":23}},"loc":{"start":{"line":29,"column":36},"end":{"line":31,"column":3}},"line":29}},"branchMap":{"0":{"loc":{"start":{"line":14,"column":49},"end":{"line":14,"column":70}},"type":"default-arg","locations":[{"start":{"line":14,"column":58},"end":{"line":14,"column":70}}],"line":14},"1":{"loc":{"start":{"line":16,"column":4},"end":{"line":18,"column":5}},"type":"if","locations":[{"start":{"line":16,"column":4},"end":{"line":18,"column":5}},{"start":{},"end":{}}],"line":16}},"s":{"0":0,"1":0,"2":0,"3":0,"4":0,"5":0,"6":0,"7":0,"8":0,"9":0,"10":0,"11":0},"f":{"0":0,"1":0,"2":0,"3":0},"b":{"0":[0],"1":[0,0]}}
,"C:\\Users\\Vartotojas\\Desktop\\3 kursas\\unifit_test\\src\\components\\Main\\Home\\StepsCounter.tsx": {"path":"C:\\Users\\Vartotojas\\Desktop\\3 kursas\\unifit_test\\src\\components\\Main\\Home\\StepsCounter.tsx","statementMap":{"0":{"start":{"line":16,"column":2},"end":{"line":22,"column":3}},"1":{"start":{"line":17,"column":4},"end":{"line":17,"column":33}},"2":{"start":{"line":18,"column":9},"end":{"line":22,"column":3}},"3":{"start":{"line":19,"column":4},"end":{"line":19,"column":10}},"4":{"start":{"line":21,"column":4},"end":{"line":21,"column":12}},"5":{"start":{"line":24,"column":2},"end":{"line":24,"column":11}},"6":{"start":{"line":29,"column":2},"end":{"line":86,"column":3}},"7":{"start":{"line":64,"column":12},"end":{"line":81,"column":15}},"8":{"start":{"line":89,"column":15},"end":{"line":98,"column":2}}},"fnMap":{"0":{"name":"Normalize","decl":{"start":{"line":13,"column":9},"end":{"line":13,"column":18}},"loc":{"start":{"line":13,"column":62},"end":{"line":25,"column":1}},"line":13},"1":{"name":"StepsCounter","decl":{"start":{"line":27,"column":24},"end":{"line":27,"column":36}},"loc":{"start":{"line":27,"column":90},"end":{"line":87,"column":1}},"line":27},"2":{"name":"(anonymous_2)","decl":{"start":{"line":63,"column":10},"end":{"line":63,"column":11}},"loc":{"start":{"line":64,"column":12},"end":{"line":81,"column":15}},"line":64}},"branchMap":{"0":{"loc":{"start":{"line":16,"column":2},"end":{"line":22,"column":3}},"type":"if","locations":[{"start":{"line":16,"column":2},"end":{"line":22,"column":3}},{"start":{"line":18,"column":9},"end":{"line":22,"column":3}}],"line":16},"1":{"loc":{"start":{"line":18,"column":9},"end":{"line":22,"column":3}},"type":"if","locations":[{"start":{"line":18,"column":9},"end":{"line":22,"column":3}},{"start":{"line":20,"column":9},"end":{"line":22,"column":3}}],"line":18},"2":{"loc":{"start":{"line":27,"column":58},"end":{"line":27,"column":79}},"type":"default-arg","locations":[{"start":{"line":27,"column":67},"end":{"line":27,"column":79}}],"line":27}},"s":{"0":0,"1":0,"2":0,"3":0,"4":0,"5":0,"6":0,"7":0,"8":0},"f":{"0":0,"1":0,"2":0},"b":{"0":[0,0],"1":[0,0],"2":[0]}}
,"C:\\Users\\Vartotojas\\Desktop\\3 kursas\\unifit_test\\src\\components\\Main\\Home\\WaterCounter.tsx": {"path":"C:\\Users\\Vartotojas\\Desktop\\3 kursas\\unifit_test\\src\\components\\Main\\Home\\WaterCounter.tsx","statementMap":{"0":{"start":{"line":14,"column":39},"end":{"line":20,"column":1}},"1":{"start":{"line":15,"column":2},"end":{"line":17,"column":3}},"2":{"start":{"line":16,"column":4},"end":{"line":16,"column":13}},"3":{"start":{"line":18,"column":21},"end":{"line":18,"column":52}},"4":{"start":{"line":19,"column":2},"end":{"line":19,"column":45}},"5":{"start":{"line":23,"column":42},"end":{"line":23,"column":57}},"6":{"start":{"line":24,"column":54},"end":{"line":24,"column":75}},"7":{"start":{"line":25,"column":50},"end":{"line":25,"column":69}},"8":{"start":{"line":27,"column":2},"end":{"line":30,"column":31}},"9":{"start":{"line":28,"column":4},"end":{"line":28,"column":39}},"10":{"start":{"line":29,"column":4},"end":{"line":29,"column":35}},"11":{"start":{"line":32,"column":22},"end":{"line":34,"column":3}},"12":{"start":{"line":33,"column":4},"end":{"line":33,"column":26}},"13":{"start":{"line":36,"column":27},"end":{"line":40,"column":8}},"14":{"start":{"line":37,"column":4},"end":{"line":37,"column":37}},"15":{"start":{"line":38,"column":4},"end":{"line":38,"column":33}},"16":{"start":{"line":39,"column":4},"end":{"line":39,"column":27}},"17":{"start":{"line":42,"column":32},"end":{"line":42,"column":100}},"18":{"start":{"line":44,"column":2},"end":{"line":99,"column":4}},"19":{"start":{"line":85,"column":10},"end":{"line":85,"column":41}},"20":{"start":{"line":88,"column":49},"end":{"line":88,"column":71}},"21":{"start":{"line":102,"column":15},"end":{"line":170,"column":2}}},"fnMap":{"0":{"name":"(anonymous_0)","decl":{"start":{"line":14,"column":39},"end":{"line":14,"column":40}},"loc":{"start":{"line":14,"column":67},"end":{"line":20,"column":1}},"line":14},"1":{"name":"WaterCounter","decl":{"start":{"line":22,"column":24},"end":{"line":22,"column":36}},"loc":{"start":{"line":22,"column":95},"end":{"line":100,"column":1}},"line":22},"2":{"name":"(anonymous_2)","decl":{"start":{"line":27,"column":12},"end":{"line":27,"column":13}},"loc":{"start":{"line":27,"column":18},"end":{"line":30,"column":3}},"line":27},"3":{"name":"(anonymous_3)","decl":{"start":{"line":32,"column":22},"end":{"line":32,"column":23}},"loc":{"start":{"line":32,"column":28},"end":{"line":34,"column":3}},"line":32},"4":{"name":"(anonymous_4)","decl":{"start":{"line":36,"column":39},"end":{"line":36,"column":40}},"loc":{"start":{"line":36,"column":63},"end":{"line":40,"column":3}},"line":36},"5":{"name":"(anonymous_5)","decl":{"start":{"line":84,"column":24},"end":{"line":84,"column":25}},"loc":{"start":{"line":84,"column":30},"end":{"line":86,"column":9}},"line":84},"6":{"name":"(anonymous_6)","decl":{"start":{"line":88,"column":43},"end":{"line":88,"column":44}},"loc":{"start":{"line":88,"column":49},"end":{"line":88,"column":71}},"line":88}},"branchMap":{"0":{"loc":{"start":{"line":15,"column":2},"end":{"line":17,"column":3}},"type":"if","locations":[{"start":{"line":15,"column":2},"end":{"line":17,"column":3}},{"start":{},"end":{}}],"line":15},"1":{"loc":{"start":{"line":19,"column":9},"end":{"line":19,"column":44}},"type":"cond-expr","locations":[{"start":{"line":19,"column":28},"end":{"line":19,"column":31}},{"start":{"line":19,"column":34},"end":{"line":19,"column":44}}],"line":19},"2":{"loc":{"start":{"line":22,"column":39},"end":{"line":22,"column":60}},"type":"default-arg","locations":[{"start":{"line":22,"column":48},"end":{"line":22,"column":60}}],"line":22}},"s":{"0":0,"1":0,"2":0,"3":0,"4":0,"5":0,"6":0,"7":0,"8":0,"9":0,"10":0,"11":0,"12":0,"13":0,"14":0,"15":0,"16":0,"17":0,"18":0,"19":0,"20":0,"21":0},"f":{"0":0,"1":0,"2":0,"3":0,"4":0,"5":0,"6":0},"b":{"0":[0,0],"1":[0,0],"2":[0]}}
,"C:\\Users\\Vartotojas\\Desktop\\3 kursas\\unifit_test\\src\\components\\Main\\Map\\HotZoneDropdown.tsx": {"path":"C:\\Users\\Vartotojas\\Desktop\\3 kursas\\unifit_test\\src\\components\\Main\\Map\\HotZoneDropdown.tsx","statementMap":{"0":{"start":{"line":22,"column":56},"end":{"line":53,"column":1}},"1":{"start":{"line":28,"column":28},"end":{"line":34,"column":3}},"2":{"start":{"line":30,"column":4},"end":{"line":32,"column":5}},"3":{"start":{"line":31,"column":6},"end":{"line":31,"column":13}},"4":{"start":{"line":33,"column":4},"end":{"line":33,"column":54}},"5":{"start":{"line":36,"column":2},"end":{"line":52,"column":4}},"6":{"start":{"line":47,"column":10},"end":{"line":47,"column":79}},"7":{"start":{"line":55,"column":15},"end":{"line":69,"column":2}}},"fnMap":{"0":{"name":"(anonymous_0)","decl":{"start":{"line":22,"column":56},"end":{"line":22,"column":57}},"loc":{"start":{"line":26,"column":6},"end":{"line":53,"column":1}},"line":26},"1":{"name":"(anonymous_1)","decl":{"start":{"line":28,"column":28},"end":{"line":28,"column":29}},"loc":{"start":{"line":28,"column":70},"end":{"line":34,"column":3}},"line":28},"2":{"name":"(anonymous_2)","decl":{"start":{"line":46,"column":22},"end":{"line":46,"column":23}},"loc":{"start":{"line":47,"column":10},"end":{"line":47,"column":79}},"line":47}},"branchMap":{"0":{"loc":{"start":{"line":30,"column":4},"end":{"line":32,"column":5}},"type":"if","locations":[{"start":{"line":30,"column":4},"end":{"line":32,"column":5}},{"start":{},"end":{}}],"line":30},"1":{"loc":{"start":{"line":30,"column":8},"end":{"line":30,"column":43}},"type":"binary-expr","locations":[{"start":{"line":30,"column":8},"end":{"line":30,"column":24}},{"start":{"line":30,"column":28},"end":{"line":30,"column":43}}],"line":30}},"s":{"0":0,"1":0,"2":0,"3":0,"4":0,"5":0,"6":0,"7":0},"f":{"0":0,"1":0,"2":0},"b":{"0":[0,0],"1":[0,0]}}
,"C:\\Users\\Vartotojas\\Desktop\\3 kursas\\unifit_test\\src\\components\\Main\\Map\\HotZoneMap.tsx": {"path":"C:\\Users\\Vartotojas\\Desktop\\3 kursas\\unifit_test\\src\\components\\Main\\Map\\HotZoneMap.tsx","statementMap":{"0":{"start":{"line":8,"column":2},"end":{"line":8,"column":33}},"1":{"start":{"line":13,"column":12},"end":{"line":13,"column":18}},"2":{"start":{"line":14,"column":15},"end":{"line":14,"column":41}},"3":{"start":{"line":15,"column":15},"end":{"line":15,"column":50}},"4":{"start":{"line":16,"column":19},"end":{"line":16,"column":72}},"5":{"start":{"line":17,"column":19},"end":{"line":17,"column":74}},"6":{"start":{"line":19,"column":12},"end":{"line":21,"column":51}},"7":{"start":{"line":22,"column":12},"end":{"line":22,"column":58}},"8":{"start":{"line":24,"column":2},"end":{"line":24,"column":15}},"9":{"start":{"line":27,"column":22},"end":{"line":32,"column":1}},"10":{"start":{"line":34,"column":20},"end":{"line":37,"column":1}},"11":{"start":{"line":39,"column":17},"end":{"line":54,"column":1}},"12":{"start":{"line":56,"column":19},"end":{"line":274,"column":1}},"13":{"start":{"line":57,"column":17},"end":{"line":57,"column":29}},"14":{"start":{"line":58,"column":30},"end":{"line":63,"column":4}},"15":{"start":{"line":64,"column":34},"end":{"line":64,"column":49}},"16":{"start":{"line":65,"column":50},"end":{"line":65,"column":65}},"17":{"start":{"line":66,"column":46},"end":{"line":66,"column":58}},"18":{"start":{"line":67,"column":52},"end":{"line":67,"column":67}},"19":{"start":{"line":68,"column":42},"end":{"line":68,"column":57}},"20":{"start":{"line":69,"column":42},"end":{"line":69,"column":78}},"21":{"start":{"line":70,"column":54},"end":{"line":70,"column":73}},"22":{"start":{"line":73,"column":2},"end":{"line":84,"column":17}},"23":{"start":{"line":75,"column":4},"end":{"line":83,"column":5}},"24":{"start":{"line":76,"column":6},"end":{"line":80,"column":15}},"25":{"start":{"line":82,"column":6},"end":{"line":82,"column":33}},"26":{"start":{"line":87,"column":2},"end":{"line":96,"column":35}},"27":{"start":{"line":88,"column":4},"end":{"line":95,"column":5}},"28":{"start":{"line":89,"column":6},"end":{"line":94,"column":15}},"29":{"start":{"line":99,"column":2},"end":{"line":120,"column":66}},"30":{"start":{"line":100,"column":4},"end":{"line":119,"column":5}},"31":{"start":{"line":101,"column":6},"end":{"line":101,"column":33}},"32":{"start":{"line":102,"column":33},"end":{"line":102,"column":62}},"33":{"start":{"line":105,"column":27},"end":{"line":105,"column":56}},"34":{"start":{"line":106,"column":28},"end":{"line":106,"column":44}},"35":{"start":{"line":109,"column":29},"end":{"line":109,"column":107}},"36":{"start":{"line":111,"column":6},"end":{"line":116,"column":15}},"37":{"start":{"line":118,"column":6},"end":{"line":118,"column":26}},"38":{"start":{"line":122,"column":2},"end":{"line":131,"column":53}},"39":{"start":{"line":123,"column":4},"end":{"line":130,"column":5}},"40":{"start":{"line":124,"column":6},"end":{"line":128,"column":15}},"41":{"start":{"line":129,"column":6},"end":{"line":129,"column":23}},"42":{"start":{"line":133,"column":2},"end":{"line":166,"column":63}},"43":{"start":{"line":134,"column":4},"end":{"line":137,"column":5}},"44":{"start":{"line":135,"column":6},"end":{"line":135,"column":141}},"45":{"start":{"line":136,"column":6},"end":{"line":136,"column":13}},"46":{"start":{"line":139,"column":34},"end":{"line":139,"column":43}},"47":{"start":{"line":140,"column":26},"end":{"line":140,"column":31}},"48":{"start":{"line":141,"column":4},"end":{"line":159,"column":5}},"49":{"start":{"line":142,"column":23},"end":{"line":142,"column":66}},"50":{"start":{"line":143,"column":6},"end":{"line":158,"column":7}},"51":{"start":{"line":144,"column":8},"end":{"line":144,"column":31}},"52":{"start":{"line":145,"column":8},"end":{"line":145,"column":72}},"53":{"start":{"line":147,"column":8},"end":{"line":156,"column":9}},"54":{"start":{"line":148,"column":10},"end":{"line":148,"column":50}},"55":{"start":{"line":149,"column":10},"end":{"line":155,"column":11}},"56":{"start":{"line":150,"column":12},"end":{"line":153,"column":15}},"57":{"start":{"line":154,"column":12},"end":{"line":154,"column":34}},"58":{"start":{"line":157,"column":8},"end":{"line":157,"column":14}},"59":{"start":{"line":161,"column":4},"end":{"line":161,"column":49}},"60":{"start":{"line":163,"column":4},"end":{"line":165,"column":5}},"61":{"start":{"line":164,"column":6},"end":{"line":164,"column":28}},"62":{"start":{"line":168,"column":32},"end":{"line":171,"column":3}},"63":{"start":{"line":169,"column":4},"end":{"line":169,"column":31}},"64":{"start":{"line":170,"column":4},"end":{"line":170,"column":23}},"65":{"start":{"line":173,"column":28},"end":{"line":197,"column":3}},"66":{"start":{"line":174,"column":20},"end":{"line":174,"column":61}},"67":{"start":{"line":174,"column":42},"end":{"line":174,"column":60}},"68":{"start":{"line":175,"column":4},"end":{"line":196,"column":5}},"69":{"start":{"line":176,"column":6},"end":{"line":194,"column":7}},"70":{"start":{"line":177,"column":25},"end":{"line":177,"column":68}},"71":{"start":{"line":178,"column":8},"end":{"line":188,"column":9}},"72":{"start":{"line":179,"column":10},"end":{"line":182,"column":13}},"73":{"start":{"line":184,"column":10},"end":{"line":187,"column":13}},"74":{"start":{"line":190,"column":8},"end":{"line":193,"column":11}},"75":{"start":{"line":195,"column":6},"end":{"line":195,"column":28}},"76":{"start":{"line":199,"column":2},"end":{"line":273,"column":4}},"77":{"start":{"line":207,"column":45},"end":{"line":207,"column":65}},"78":{"start":{"line":210,"column":24},"end":{"line":210,"column":41}},"79":{"start":{"line":220,"column":10},"end":{"line":247,"column":27}},"80":{"start":{"line":236,"column":29},"end":{"line":236,"column":60}},"81":{"start":{"line":260,"column":30},"end":{"line":260,"column":52}},"82":{"start":{"line":266,"column":38},"end":{"line":266,"column":60}},"83":{"start":{"line":276,"column":15},"end":{"line":328,"column":2}}},"fnMap":{"0":{"name":"toRadians","decl":{"start":{"line":7,"column":9},"end":{"line":7,"column":18}},"loc":{"start":{"line":7,"column":28},"end":{"line":9,"column":1}},"line":7},"1":{"name":"calculateDistance","decl":{"start":{"line":12,"column":9},"end":{"line":12,"column":26}},"loc":{"start":{"line":12,"column":43},"end":{"line":25,"column":1}},"line":12},"2":{"name":"(anonymous_2)","decl":{"start":{"line":56,"column":19},"end":{"line":56,"column":20}},"loc":{"start":{"line":56,"column":230},"end":{"line":274,"column":1}},"line":56},"3":{"name":"(anonymous_3)","decl":{"start":{"line":73,"column":12},"end":{"line":73,"column":13}},"loc":{"start":{"line":73,"column":18},"end":{"line":84,"column":3}},"line":73},"4":{"name":"(anonymous_4)","decl":{"start":{"line":87,"column":12},"end":{"line":87,"column":13}},"loc":{"start":{"line":87,"column":18},"end":{"line":96,"column":3}},"line":87},"5":{"name":"(anonymous_5)","decl":{"start":{"line":99,"column":12},"end":{"line":99,"column":13}},"loc":{"start":{"line":99,"column":18},"end":{"line":120,"column":3}},"line":99},"6":{"name":"(anonymous_6)","decl":{"start":{"line":122,"column":12},"end":{"line":122,"column":13}},"loc":{"start":{"line":122,"column":18},"end":{"line":131,"column":3}},"line":122},"7":{"name":"(anonymous_7)","decl":{"start":{"line":133,"column":12},"end":{"line":133,"column":13}},"loc":{"start":{"line":133,"column":18},"end":{"line":166,"column":3}},"line":133},"8":{"name":"(anonymous_8)","decl":{"start":{"line":168,"column":32},"end":{"line":168,"column":33}},"loc":{"start":{"line":168,"column":38},"end":{"line":171,"column":3}},"line":168},"9":{"name":"(anonymous_9)","decl":{"start":{"line":173,"column":28},"end":{"line":173,"column":29}},"loc":{"start":{"line":173,"column":38},"end":{"line":197,"column":3}},"line":173},"10":{"name":"(anonymous_10)","decl":{"start":{"line":174,"column":34},"end":{"line":174,"column":35}},"loc":{"start":{"line":174,"column":42},"end":{"line":174,"column":60}},"line":174},"11":{"name":"(anonymous_11)","decl":{"start":{"line":207,"column":32},"end":{"line":207,"column":33}},"loc":{"start":{"line":207,"column":45},"end":{"line":207,"column":65}},"line":207},"12":{"name":"(anonymous_12)","decl":{"start":{"line":210,"column":18},"end":{"line":210,"column":19}},"loc":{"start":{"line":210,"column":24},"end":{"line":210,"column":41}},"line":210},"13":{"name":"(anonymous_13)","decl":{"start":{"line":219,"column":22},"end":{"line":219,"column":23}},"loc":{"start":{"line":220,"column":10},"end":{"line":247,"column":27}},"line":220},"14":{"name":"(anonymous_14)","decl":{"start":{"line":236,"column":23},"end":{"line":236,"column":24}},"loc":{"start":{"line":236,"column":29},"end":{"line":236,"column":60}},"line":236},"15":{"name":"(anonymous_15)","decl":{"start":{"line":260,"column":24},"end":{"line":260,"column":25}},"loc":{"start":{"line":260,"column":30},"end":{"line":260,"column":52}},"line":260},"16":{"name":"(anonymous_16)","decl":{"start":{"line":266,"column":32},"end":{"line":266,"column":33}},"loc":{"start":{"line":266,"column":38},"end":{"line":266,"column":60}},"line":266}},"branchMap":{"0":{"loc":{"start":{"line":56,"column":55},"end":{"line":56,"column":68}},"type":"default-arg","locations":[{"start":{"line":56,"column":66},"end":{"line":56,"column":68}}],"line":56},"1":{"loc":{"start":{"line":59,"column":14},"end":{"line":59,"column":66}},"type":"binary-expr","locations":[{"start":{"line":59,"column":14},"end":{"line":59,"column":40}},{"start":{"line":59,"column":44},"end":{"line":59,"column":66}}],"line":59},"2":{"loc":{"start":{"line":60,"column":15},"end":{"line":60,"column":69}},"type":"binary-expr","locations":[{"start":{"line":60,"column":15},"end":{"line":60,"column":42}},{"start":{"line":60,"column":46},"end":{"line":60,"column":69}}],"line":60},"3":{"loc":{"start":{"line":75,"column":4},"end":{"line":83,"column":5}},"type":"if","locations":[{"start":{"line":75,"column":4},"end":{"line":83,"column":5}},{"start":{},"end":{}}],"line":75},"4":{"loc":{"start":{"line":75,"column":8},"end":{"line":75,"column":56}},"type":"binary-expr","locations":[{"start":{"line":75,"column":8},"end":{"line":75,"column":26}},{"start":{"line":75,"column":30},"end":{"line":75,"column":38}},{"start":{"line":75,"column":42},"end":{"line":75,"column":56}}],"line":75},"5":{"loc":{"start":{"line":88,"column":4},"end":{"line":95,"column":5}},"type":"if","locations":[{"start":{"line":88,"column":4},"end":{"line":95,"column":5}},{"start":{},"end":{}}],"line":88},"6":{"loc":{"start":{"line":88,"column":8},"end":{"line":88,"column":54}},"type":"binary-expr","locations":[{"start":{"line":88,"column":8},"end":{"line":88,"column":24}},{"start":{"line":88,"column":28},"end":{"line":88,"column":36}},{"start":{"line":88,"column":40},"end":{"line":88,"column":54}}],"line":88},"7":{"loc":{"start":{"line":100,"column":4},"end":{"line":119,"column":5}},"type":"if","locations":[{"start":{"line":100,"column":4},"end":{"line":119,"column":5}},{"start":{},"end":{}}],"line":100},"8":{"loc":{"start":{"line":100,"column":8},"end":{"line":100,"column":66}},"type":"binary-expr","locations":[{"start":{"line":100,"column":8},"end":{"line":100,"column":23}},{"start":{"line":100,"column":27},"end":{"line":100,"column":41}},{"start":{"line":100,"column":45},"end":{"line":100,"column":66}}],"line":100},"9":{"loc":{"start":{"line":123,"column":4},"end":{"line":130,"column":5}},"type":"if","locations":[{"start":{"line":123,"column":4},"end":{"line":130,"column":5}},{"start":{},"end":{}}],"line":123},"10":{"loc":{"start":{"line":123,"column":8},"end":{"line":123,"column":56}},"type":"binary-expr","locations":[{"start":{"line":123,"column":8},"end":{"line":123,"column":26}},{"start":{"line":123,"column":30},"end":{"line":123,"column":38}},{"start":{"line":123,"column":42},"end":{"line":123,"column":56}}],"line":123},"11":{"loc":{"start":{"line":134,"column":4},"end":{"line":137,"column":5}},"type":"if","locations":[{"start":{"line":134,"column":4},"end":{"line":137,"column":5}},{"start":{},"end":{}}],"line":134},"12":{"loc":{"start":{"line":134,"column":8},"end":{"line":134,"column":37}},"type":"binary-expr","locations":[{"start":{"line":134,"column":8},"end":{"line":134,"column":17}},{"start":{"line":134,"column":21},"end":{"line":134,"column":37}}],"line":134},"13":{"loc":{"start":{"line":135,"column":24},"end":{"line":135,"column":139}},"type":"cond-expr","locations":[{"start":{"line":135,"column":51},"end":{"line":135,"column":111}},{"start":{"line":135,"column":114},"end":{"line":135,"column":139}}],"line":135},"14":{"loc":{"start":{"line":143,"column":6},"end":{"line":158,"column":7}},"type":"if","locations":[{"start":{"line":143,"column":6},"end":{"line":158,"column":7}},{"start":{},"end":{}}],"line":143},"15":{"loc":{"start":{"line":147,"column":8},"end":{"line":156,"column":9}},"type":"if","locations":[{"start":{"line":147,"column":8},"end":{"line":156,"column":9}},{"start":{},"end":{}}],"line":147},"16":{"loc":{"start":{"line":149,"column":10},"end":{"line":155,"column":11}},"type":"if","locations":[{"start":{"line":149,"column":10},"end":{"line":155,"column":11}},{"start":{},"end":{}}],"line":149},"17":{"loc":{"start":{"line":163,"column":4},"end":{"line":165,"column":5}},"type":"if","locations":[{"start":{"line":163,"column":4},"end":{"line":165,"column":5}},{"start":{},"end":{}}],"line":163},"18":{"loc":{"start":{"line":175,"column":4},"end":{"line":196,"column":5}},"type":"if","locations":[{"start":{"line":175,"column":4},"end":{"line":196,"column":5}},{"start":{},"end":{}}],"line":175},"19":{"loc":{"start":{"line":176,"column":6},"end":{"line":194,"column":7}},"type":"if","locations":[{"start":{"line":176,"column":6},"end":{"line":194,"column":7}},{"start":{"line":189,"column":13},"end":{"line":194,"column":7}}],"line":176},"20":{"loc":{"start":{"line":176,"column":10},"end":{"line":176,"column":37}},"type":"binary-expr","locations":[{"start":{"line":176,"column":10},"end":{"line":176,"column":18}},{"start":{"line":176,"column":22},"end":{"line":176,"column":37}}],"line":176},"21":{"loc":{"start":{"line":178,"column":8},"end":{"line":188,"column":9}},"type":"if","locations":[{"start":{"line":178,"column":8},"end":{"line":188,"column":9}},{"start":{"line":183,"column":15},"end":{"line":188,"column":9}}],"line":178},"22":{"loc":{"start":{"line":213,"column":9},"end":{"line":217,"column":9}},"type":"binary-expr","locations":[{"start":{"line":213,"column":9},"end":{"line":213,"column":17}},{"start":{"line":214,"column":10},"end":{"line":216,"column":19}}],"line":213},"23":{"loc":{"start":{"line":250,"column":7},"end":{"line":254,"column":7}},"type":"binary-expr","locations":[{"start":{"line":250,"column":7},"end":{"line":250,"column":21}},{"start":{"line":251,"column":8},"end":{"line":253,"column":15}}],"line":250}},"s":{"0":0,"1":0,"2":0,"3":0,"4":0,"5":0,"6":0,"7":0,"8":0,"9":0,"10":0,"11":0,"12":0,"13":0,"14":0,"15":0,"16":0,"17":0,"18":0,"19":0,"20":0,"21":0,"22":0,"23":0,"24":0,"25":0,"26":0,"27":0,"28":0,"29":0,"30":0,"31":0,"32":0,"33":0,"34":0,"35":0,"36":0,"37":0,"38":0,"39":0,"40":0,"41":0,"42":0,"43":0,"44":0,"45":0,"46":0,"47":0,"48":0,"49":0,"50":0,"51":0,"52":0,"53":0,"54":0,"55":0,"56":0,"57":0,"58":0,"59":0,"60":0,"61":0,"62":0,"63":0,"64":0,"65":0,"66":0,"67":0,"68":0,"69":0,"70":0,"71":0,"72":0,"73":0,"74":0,"75":0,"76":0,"77":0,"78":0,"79":0,"80":0,"81":0,"82":0,"83":0},"f":{"0":0,"1":0,"2":0,"3":0,"4":0,"5":0,"6":0,"7":0,"8":0,"9":0,"10":0,"11":0,"12":0,"13":0,"14":0,"15":0,"16":0},"b":{"0":[0],"1":[0,0],"2":[0,0],"3":[0,0],"4":[0,0,0],"5":[0,0],"6":[0,0,0],"7":[0,0],"8":[0,0,0],"9":[0,0],"10":[0,0,0],"11":[0,0],"12":[0,0],"13":[0,0],"14":[0,0],"15":[0,0],"16":[0,0],"17":[0,0],"18":[0,0],"19":[0,0],"20":[0,0],"21":[0,0],"22":[0,0],"23":[0,0]}}
,"C:\\Users\\Vartotojas\\Desktop\\3 kursas\\unifit_test\\src\\components\\Main\\Profile\\PressableField.tsx": {"path":"C:\\Users\\Vartotojas\\Desktop\\3 kursas\\unifit_test\\src\\components\\Main\\Profile\\PressableField.tsx","statementMap":{"0":{"start":{"line":12,"column":2},"end":{"line":26,"column":4}},"1":{"start":{"line":29,"column":15},"end":{"line":52,"column":2}}},"fnMap":{"0":{"name":"PressableField","decl":{"start":{"line":11,"column":24},"end":{"line":11,"column":38}},"loc":{"start":{"line":11,"column":78},"end":{"line":27,"column":1}},"line":11}},"branchMap":{},"s":{"0":0,"1":0},"f":{"0":0},"b":{}}
,"C:\\Users\\Vartotojas\\Desktop\\3 kursas\\unifit_test\\src\\components\\Main\\Store\\PrizeDropdown.tsx": {"path":"C:\\Users\\Vartotojas\\Desktop\\3 kursas\\unifit_test\\src\\components\\Main\\Store\\PrizeDropdown.tsx","statementMap":{"0":{"start":{"line":8,"column":22},"end":{"line":175,"column":1}},"1":{"start":{"line":9,"column":15},"end":{"line":9,"column":24}},"2":{"start":{"line":10,"column":34},"end":{"line":10,"column":48}},"3":{"start":{"line":11,"column":34},"end":{"line":11,"column":49}},"4":{"start":{"line":12,"column":42},"end":{"line":12,"column":54}},"5":{"start":{"line":13,"column":32},"end":{"line":13,"column":46}},"6":{"start":{"line":15,"column":2},"end":{"line":22,"column":15}},"7":{"start":{"line":16,"column":4},"end":{"line":21,"column":5}},"8":{"start":{"line":17,"column":6},"end":{"line":17,"column":22}},"9":{"start":{"line":18,"column":6},"end":{"line":20,"column":7}},"10":{"start":{"line":19,"column":8},"end":{"line":19,"column":24}},"11":{"start":{"line":24,"column":24},"end":{"line":34,"column":3}},"12":{"start":{"line":25,"column":20},"end":{"line":25,"column":32}},"13":{"start":{"line":26,"column":21},"end":{"line":26,"column":50}},"14":{"start":{"line":27,"column":4},"end":{"line":33,"column":5}},"15":{"start":{"line":28,"column":18},"end":{"line":28,"column":48}},"16":{"start":{"line":29,"column":6},"end":{"line":29,"column":23}},"17":{"start":{"line":31,"column":6},"end":{"line":31,"column":51}},"18":{"start":{"line":32,"column":6},"end":{"line":32,"column":24}},"19":{"start":{"line":36,"column":24},"end":{"line":57,"column":3}},"20":{"start":{"line":37,"column":4},"end":{"line":37,"column":21}},"21":{"start":{"line":38,"column":15},"end":{"line":38,"column":29}},"22":{"start":{"line":39,"column":20},"end":{"line":39,"column":57}},"23":{"start":{"line":40,"column":21},"end":{"line":40,"column":53}},"24":{"start":{"line":42,"column":21},"end":{"line":42,"column":43}},"25":{"start":{"line":44,"column":4},"end":{"line":55,"column":5}},"26":{"start":{"line":45,"column":28},"end":{"line":45,"column":43}},"27":{"start":{"line":46,"column":22},"end":{"line":46,"column":46}},"28":{"start":{"line":48,"column":22},"end":{"line":48,"column":52}},"29":{"start":{"line":49,"column":6},"end":{"line":53,"column":7}},"30":{"start":{"line":50,"column":8},"end":{"line":50,"column":26}},"31":{"start":{"line":51,"column":8},"end":{"line":51,"column":45}},"32":{"start":{"line":56,"column":4},"end":{"line":56,"column":22}},"33":{"start":{"line":59,"column":23},"end":{"line":72,"column":3}},"34":{"start":{"line":60,"column":4},"end":{"line":71,"column":5}},"35":{"start":{"line":61,"column":6},"end":{"line":61,"column":96}},"36":{"start":{"line":63,"column":6},"end":{"line":70,"column":8}},"37":{"start":{"line":68,"column":39},"end":{"line":68,"column":57}},"38":{"start":{"line":74,"column":22},"end":{"line":122,"column":3}},"39":{"start":{"line":75,"column":22},"end":{"line":75,"column":62}},"40":{"start":{"line":76,"column":15},"end":{"line":76,"column":29}},"41":{"start":{"line":77,"column":4},"end":{"line":121,"column":5}},"42":{"start":{"line":78,"column":6},"end":{"line":78,"column":24}},"43":{"start":{"line":80,"column":6},"end":{"line":80,"column":41}},"44":{"start":{"line":82,"column":26},"end":{"line":82,"column":59}},"45":{"start":{"line":83,"column":23},"end":{"line":83,"column":48}},"46":{"start":{"line":84,"column":6},"end":{"line":87,"column":7}},"47":{"start":{"line":85,"column":8},"end":{"line":85,"column":40}},"48":{"start":{"line":86,"column":8},"end":{"line":86,"column":15}},"49":{"start":{"line":89,"column":24},"end":{"line":89,"column":39}},"50":{"start":{"line":90,"column":32},"end":{"line":90,"column":60}},"51":{"start":{"line":92,"column":33},"end":{"line":92,"column":65}},"52":{"start":{"line":93,"column":28},"end":{"line":93,"column":61}},"53":{"start":{"line":94,"column":6},"end":{"line":97,"column":7}},"54":{"start":{"line":95,"column":8},"end":{"line":95,"column":60}},"55":{"start":{"line":96,"column":8},"end":{"line":96,"column":15}},"56":{"start":{"line":99,"column":22},"end":{"line":99,"column":43}},"57":{"start":{"line":100,"column":23},"end":{"line":100,"column":37}},"58":{"start":{"line":101,"column":24},"end":{"line":101,"column":37}},"59":{"start":{"line":103,"column":28},"end":{"line":103,"column":65}},"60":{"start":{"line":104,"column":23},"end":{"line":104,"column":61}},"61":{"start":{"line":106,"column":6},"end":{"line":109,"column":9}},"62":{"start":{"line":111,"column":26},"end":{"line":111,"column":57}},"63":{"start":{"line":112,"column":6},"end":{"line":112,"column":72}},"64":{"start":{"line":114,"column":6},"end":{"line":114,"column":33}},"65":{"start":{"line":116,"column":6},"end":{"line":116,"column":127}},"66":{"start":{"line":118,"column":6},"end":{"line":118,"column":25}},"67":{"start":{"line":119,"column":6},"end":{"line":119,"column":72}},"68":{"start":{"line":120,"column":6},"end":{"line":120,"column":54}},"69":{"start":{"line":124,"column":2},"end":{"line":174,"column":4}},"70":{"start":{"line":127,"column":23},"end":{"line":127,"column":45}},"71":{"start":{"line":153,"column":16},"end":{"line":157,"column":17}},"72":{"start":{"line":154,"column":18},"end":{"line":154,"column":116}},"73":{"start":{"line":156,"column":18},"end":{"line":156,"column":38}},"74":{"start":{"line":177,"column":15},"end":{"line":242,"column":2}}},"fnMap":{"0":{"name":"(anonymous_0)","decl":{"start":{"line":8,"column":22},"end":{"line":8,"column":23}},"loc":{"start":{"line":8,"column":59},"end":{"line":175,"column":1}},"line":8},"1":{"name":"(anonymous_1)","decl":{"start":{"line":15,"column":12},"end":{"line":15,"column":13}},"loc":{"start":{"line":15,"column":18},"end":{"line":22,"column":3}},"line":15},"2":{"name":"(anonymous_2)","decl":{"start":{"line":24,"column":24},"end":{"line":24,"column":25}},"loc":{"start":{"line":24,"column":36},"end":{"line":34,"column":3}},"line":24},"3":{"name":"(anonymous_3)","decl":{"start":{"line":36,"column":24},"end":{"line":36,"column":25}},"loc":{"start":{"line":36,"column":36},"end":{"line":57,"column":3}},"line":36},"4":{"name":"(anonymous_4)","decl":{"start":{"line":59,"column":23},"end":{"line":59,"column":24}},"loc":{"start":{"line":59,"column":34},"end":{"line":72,"column":3}},"line":59},"5":{"name":"(anonymous_5)","decl":{"start":{"line":68,"column":33},"end":{"line":68,"column":34}},"loc":{"start":{"line":68,"column":39},"end":{"line":68,"column":57}},"line":68},"6":{"name":"(anonymous_6)","decl":{"start":{"line":74,"column":22},"end":{"line":74,"column":23}},"loc":{"start":{"line":74,"column":39},"end":{"line":122,"column":3}},"line":74},"7":{"name":"(anonymous_7)","decl":{"start":{"line":127,"column":17},"end":{"line":127,"column":18}},"loc":{"start":{"line":127,"column":23},"end":{"line":127,"column":45}},"line":127},"8":{"name":"(anonymous_8)","decl":{"start":{"line":152,"column":23},"end":{"line":152,"column":24}},"loc":{"start":{"line":152,"column":29},"end":{"line":158,"column":15}},"line":152}},"branchMap":{"0":{"loc":{"start":{"line":16,"column":4},"end":{"line":21,"column":5}},"type":"if","locations":[{"start":{"line":16,"column":4},"end":{"line":21,"column":5}},{"start":{},"end":{}}],"line":16},"1":{"loc":{"start":{"line":18,"column":6},"end":{"line":20,"column":7}},"type":"if","locations":[{"start":{"line":18,"column":6},"end":{"line":20,"column":7}},{"start":{},"end":{}}],"line":18},"2":{"loc":{"start":{"line":44,"column":4},"end":{"line":55,"column":5}},"type":"if","locations":[{"start":{"line":44,"column":4},"end":{"line":55,"column":5}},{"start":{"line":54,"column":11},"end":{"line":55,"column":5}}],"line":44},"3":{"loc":{"start":{"line":49,"column":6},"end":{"line":53,"column":7}},"type":"if","locations":[{"start":{"line":49,"column":6},"end":{"line":53,"column":7}},{"start":{"line":52,"column":13},"end":{"line":53,"column":7}}],"line":49},"4":{"loc":{"start":{"line":60,"column":4},"end":{"line":71,"column":5}},"type":"if","locations":[{"start":{"line":60,"column":4},"end":{"line":71,"column":5}},{"start":{"line":62,"column":11},"end":{"line":71,"column":5}}],"line":60},"5":{"loc":{"start":{"line":84,"column":6},"end":{"line":87,"column":7}},"type":"if","locations":[{"start":{"line":84,"column":6},"end":{"line":87,"column":7}},{"start":{},"end":{}}],"line":84},"6":{"loc":{"start":{"line":94,"column":6},"end":{"line":97,"column":7}},"type":"if","locations":[{"start":{"line":94,"column":6},"end":{"line":97,"column":7}},{"start":{},"end":{}}],"line":94},"7":{"loc":{"start":{"line":130,"column":10},"end":{"line":130,"column":68}},"type":"cond-expr","locations":[{"start":{"line":130,"column":19},"end":{"line":130,"column":41}},{"start":{"line":130,"column":44},"end":{"line":130,"column":68}}],"line":130},"8":{"loc":{"start":{"line":134,"column":15},"end":{"line":134,"column":33}},"type":"cond-expr","locations":[{"start":{"line":134,"column":24},"end":{"line":134,"column":27}},{"start":{"line":134,"column":30},"end":{"line":134,"column":33}}],"line":134},"9":{"loc":{"start":{"line":137,"column":7},"end":{"line":172,"column":7}},"type":"binary-expr","locations":[{"start":{"line":137,"column":7},"end":{"line":137,"column":13}},{"start":{"line":138,"column":8},"end":{"line":171,"column":15}}],"line":137},"10":{"loc":{"start":{"line":140,"column":11},"end":{"line":146,"column":11}},"type":"binary-expr","locations":[{"start":{"line":140,"column":11},"end":{"line":140,"column":19}},{"start":{"line":141,"column":12},"end":{"line":145,"column":14}}],"line":140},"11":{"loc":{"start":{"line":148,"column":11},"end":{"line":170,"column":11}},"type":"cond-expr","locations":[{"start":{"line":149,"column":12},"end":{"line":149,"column":85}},{"start":{"line":151,"column":12},"end":{"line":169,"column":24}}],"line":148},"12":{"loc":{"start":{"line":153,"column":16},"end":{"line":157,"column":17}},"type":"if","locations":[{"start":{"line":153,"column":16},"end":{"line":157,"column":17}},{"start":{"line":155,"column":23},"end":{"line":157,"column":17}}],"line":153},"13":{"loc":{"start":{"line":161,"column":16},"end":{"line":161,"column":134}},"type":"cond-expr","locations":[{"start":{"line":161,"column":27},"end":{"line":161,"column":54}},{"start":{"line":161,"column":58},"end":{"line":161,"column":133}}],"line":161},"14":{"loc":{"start":{"line":161,"column":58},"end":{"line":161,"column":133}},"type":"cond-expr","locations":[{"start":{"line":161,"column":101},"end":{"line":161,"column":128}},{"start":{"line":161,"column":131},"end":{"line":161,"column":133}}],"line":161},"15":{"loc":{"start":{"line":163,"column":24},"end":{"line":163,"column":90}},"type":"binary-expr","locations":[{"start":{"line":163,"column":24},"end":{"line":163,"column":31}},{"start":{"line":163,"column":36},"end":{"line":163,"column":76}},{"start":{"line":163,"column":80},"end":{"line":163,"column":89}}],"line":163},"16":{"loc":{"start":{"line":166,"column":17},"end":{"line":166,"column":57}},"type":"cond-expr","locations":[{"start":{"line":166,"column":28},"end":{"line":166,"column":46}},{"start":{"line":166,"column":49},"end":{"line":166,"column":57}}],"line":166}},"s":{"0":0,"1":0,"2":0,"3":0,"4":0,"5":0,"6":0,"7":0,"8":0,"9":0,"10":0,"11":0,"12":0,"13":0,"14":0,"15":0,"16":0,"17":0,"18":0,"19":0,"20":0,"21":0,"22":0,"23":0,"24":0,"25":0,"26":0,"27":0,"28":0,"29":0,"30":0,"31":0,"32":0,"33":0,"34":0,"35":0,"36":0,"37":0,"38":0,"39":0,"40":0,"41":0,"42":0,"43":0,"44":0,"45":0,"46":0,"47":0,"48":0,"49":0,"50":0,"51":0,"52":0,"53":0,"54":0,"55":0,"56":0,"57":0,"58":0,"59":0,"60":0,"61":0,"62":0,"63":0,"64":0,"65":0,"66":0,"67":0,"68":0,"69":0,"70":0,"71":0,"72":0,"73":0,"74":0},"f":{"0":0,"1":0,"2":0,"3":0,"4":0,"5":0,"6":0,"7":0,"8":0},"b":{"0":[0,0],"1":[0,0],"2":[0,0],"3":[0,0],"4":[0,0],"5":[0,0],"6":[0,0],"7":[0,0],"8":[0,0],"9":[0,0],"10":[0,0],"11":[0,0],"12":[0,0],"13":[0,0],"14":[0,0],"15":[0,0,0],"16":[0,0]}}
,"C:\\Users\\Vartotojas\\Desktop\\3 kursas\\unifit_test\\src\\components\\Main\\Store\\StoreItem.tsx": {"path":"C:\\Users\\Vartotojas\\Desktop\\3 kursas\\unifit_test\\src\\components\\Main\\Store\\StoreItem.tsx","statementMap":{"0":{"start":{"line":5,"column":18},"end":{"line":14,"column":1}},"1":{"start":{"line":6,"column":4},"end":{"line":13,"column":6}},"2":{"start":{"line":8,"column":63},"end":{"line":8,"column":77}},"3":{"start":{"line":16,"column":15},"end":{"line":51,"column":2}}},"fnMap":{"0":{"name":"(anonymous_0)","decl":{"start":{"line":5,"column":18},"end":{"line":5,"column":19}},"loc":{"start":{"line":5,"column":42},"end":{"line":14,"column":1}},"line":5},"1":{"name":"(anonymous_1)","decl":{"start":{"line":8,"column":57},"end":{"line":8,"column":58}},"loc":{"start":{"line":8,"column":63},"end":{"line":8,"column":77}},"line":8}},"branchMap":{},"s":{"0":0,"1":0,"2":0,"3":0},"f":{"0":0,"1":0},"b":{}}
,"C:\\Users\\Vartotojas\\Desktop\\3 kursas\\unifit_test\\src\\components\\Main\\Store\\StoreModal.tsx": {"path":"C:\\Users\\Vartotojas\\Desktop\\3 kursas\\unifit_test\\src\\components\\Main\\Store\\StoreModal.tsx","statementMap":{"0":{"start":{"line":6,"column":19},"end":{"line":51,"column":1}},"1":{"start":{"line":7,"column":44},"end":{"line":7,"column":58}},"2":{"start":{"line":9,"column":23},"end":{"line":11,"column":3}},"3":{"start":{"line":10,"column":4},"end":{"line":10,"column":65}},"4":{"start":{"line":13,"column":21},"end":{"line":13,"column":40}},"5":{"start":{"line":15,"column":2},"end":{"line":50,"column":4}},"6":{"start":{"line":35,"column":16},"end":{"line":40,"column":18}},"7":{"start":{"line":53,"column":15},"end":{"line":82,"column":2}}},"fnMap":{"0":{"name":"(anonymous_0)","decl":{"start":{"line":6,"column":19},"end":{"line":6,"column":20}},"loc":{"start":{"line":6,"column":54},"end":{"line":51,"column":1}},"line":6},"1":{"name":"(anonymous_1)","decl":{"start":{"line":9,"column":23},"end":{"line":9,"column":24}},"loc":{"start":{"line":9,"column":36},"end":{"line":11,"column":3}},"line":9},"2":{"name":"(anonymous_2)","decl":{"start":{"line":34,"column":30},"end":{"line":34,"column":31}},"loc":{"start":{"line":35,"column":16},"end":{"line":40,"column":18}},"line":35}},"branchMap":{"0":{"loc":{"start":{"line":10,"column":21},"end":{"line":10,"column":63}},"type":"cond-expr","locations":[{"start":{"line":10,"column":49},"end":{"line":10,"column":53}},{"start":{"line":10,"column":56},"end":{"line":10,"column":63}}],"line":10},"1":{"loc":{"start":{"line":13,"column":21},"end":{"line":13,"column":40}},"type":"binary-expr","locations":[{"start":{"line":13,"column":21},"end":{"line":13,"column":34}},{"start":{"line":13,"column":38},"end":{"line":13,"column":40}}],"line":13}},"s":{"0":0,"1":0,"2":0,"3":0,"4":0,"5":0,"6":0,"7":0},"f":{"0":0,"1":0,"2":0},"b":{"0":[0,0],"1":[0,0]}}
,"C:\\Users\\Vartotojas\\Desktop\\3 kursas\\unifit_test\\src\\components\\Main\\Store\\Stores.tsx": {"path":"C:\\Users\\Vartotojas\\Desktop\\3 kursas\\unifit_test\\src\\components\\Main\\Store\\Stores.tsx","statementMap":{"0":{"start":{"line":10,"column":21},"end":{"line":10,"column":37}},"1":{"start":{"line":13,"column":30},"end":{"line":13,"column":42}},"2":{"start":{"line":14,"column":44},"end":{"line":14,"column":58}},"3":{"start":{"line":15,"column":42},"end":{"line":15,"column":57}},"4":{"start":{"line":17,"column":2},"end":{"line":30,"column":9}},"5":{"start":{"line":18,"column":24},"end":{"line":27,"column":5}},"6":{"start":{"line":19,"column":24},"end":{"line":19,"column":48}},"7":{"start":{"line":20,"column":29},"end":{"line":20,"column":53}},"8":{"start":{"line":21,"column":25},"end":{"line":24,"column":8}},"9":{"start":{"line":22,"column":21},"end":{"line":22,"column":31}},"10":{"start":{"line":23,"column":8},"end":{"line":23,"column":66}},"11":{"start":{"line":25,"column":31},"end":{"line":25,"column":63}},"12":{"start":{"line":26,"column":6},"end":{"line":26,"column":34}},"13":{"start":{"line":29,"column":4},"end":{"line":29,"column":18}},"14":{"start":{"line":32,"column":25},"end":{"line":40,"column":3}},"15":{"start":{"line":33,"column":20},"end":{"line":33,"column":32}},"16":{"start":{"line":34,"column":26},"end":{"line":38,"column":7}},"17":{"start":{"line":35,"column":25},"end":{"line":35,"column":53}},"18":{"start":{"line":36,"column":26},"end":{"line":36,"column":58}},"19":{"start":{"line":37,"column":6},"end":{"line":37,"column":49}},"20":{"start":{"line":39,"column":4},"end":{"line":39,"column":25}},"21":{"start":{"line":42,"column":28},"end":{"line":56,"column":3}},"22":{"start":{"line":43,"column":4},"end":{"line":55,"column":5}},"23":{"start":{"line":44,"column":23},"end":{"line":44,"column":50}},"24":{"start":{"line":45,"column":29},"end":{"line":45,"column":59}},"25":{"start":{"line":46,"column":16},"end":{"line":46,"column":69}},"26":{"start":{"line":47,"column":34},"end":{"line":47,"column":50}},"27":{"start":{"line":48,"column":30},"end":{"line":48,"column":98}},"28":{"start":{"line":48,"column":67},"end":{"line":48,"column":96}},"29":{"start":{"line":51,"column":6},"end":{"line":51,"column":62}},"30":{"start":{"line":52,"column":6},"end":{"line":52,"column":28}},"31":{"start":{"line":54,"column":6},"end":{"line":54,"column":63}},"32":{"start":{"line":58,"column":2},"end":{"line":71,"column":4}},"33":{"start":{"line":61,"column":8},"end":{"line":61,"column":78}},"34":{"start":{"line":67,"column":25},"end":{"line":67,"column":47}}},"fnMap":{"0":{"name":"Stores","decl":{"start":{"line":12,"column":24},"end":{"line":12,"column":30}},"loc":{"start":{"line":12,"column":33},"end":{"line":72,"column":1}},"line":12},"1":{"name":"(anonymous_1)","decl":{"start":{"line":17,"column":12},"end":{"line":17,"column":13}},"loc":{"start":{"line":17,"column":18},"end":{"line":30,"column":3}},"line":17},"2":{"name":"(anonymous_2)","decl":{"start":{"line":18,"column":24},"end":{"line":18,"column":25}},"loc":{"start":{"line":18,"column":36},"end":{"line":27,"column":5}},"line":18},"3":{"name":"(anonymous_3)","decl":{"start":{"line":21,"column":49},"end":{"line":21,"column":50}},"loc":{"start":{"line":21,"column":56},"end":{"line":24,"column":7}},"line":21},"4":{"name":"(anonymous_4)","decl":{"start":{"line":32,"column":25},"end":{"line":32,"column":26}},"loc":{"start":{"line":32,"column":43},"end":{"line":40,"column":3}},"line":32},"5":{"name":"(anonymous_5)","decl":{"start":{"line":34,"column":55},"end":{"line":34,"column":56}},"loc":{"start":{"line":34,"column":72},"end":{"line":38,"column":5}},"line":34},"6":{"name":"(anonymous_6)","decl":{"start":{"line":42,"column":28},"end":{"line":42,"column":29}},"loc":{"start":{"line":42,"column":45},"end":{"line":56,"column":3}},"line":42},"7":{"name":"(anonymous_7)","decl":{"start":{"line":48,"column":59},"end":{"line":48,"column":60}},"loc":{"start":{"line":48,"column":67},"end":{"line":48,"column":96}},"line":48},"8":{"name":"(anonymous_8)","decl":{"start":{"line":60,"column":18},"end":{"line":60,"column":19}},"loc":{"start":{"line":61,"column":8},"end":{"line":61,"column":78}},"line":61},"9":{"name":"(anonymous_9)","decl":{"start":{"line":67,"column":19},"end":{"line":67,"column":20}},"loc":{"start":{"line":67,"column":25},"end":{"line":67,"column":47}},"line":67}},"branchMap":{"0":{"loc":{"start":{"line":23,"column":46},"end":{"line":23,"column":63}},"type":"binary-expr","locations":[{"start":{"line":23,"column":46},"end":{"line":23,"column":57}},{"start":{"line":23,"column":61},"end":{"line":23,"column":63}}],"line":23},"1":{"loc":{"start":{"line":63,"column":7},"end":{"line":69,"column":7}},"type":"binary-expr","locations":[{"start":{"line":63,"column":7},"end":{"line":63,"column":20}},{"start":{"line":64,"column":8},"end":{"line":68,"column":10}}],"line":63}},"s":{"0":0,"1":0,"2":0,"3":0,"4":0,"5":0,"6":0,"7":0,"8":0,"9":0,"10":0,"11":0,"12":0,"13":0,"14":0,"15":0,"16":0,"17":0,"18":0,"19":0,"20":0,"21":0,"22":0,"23":0,"24":0,"25":0,"26":0,"27":0,"28":0,"29":0,"30":0,"31":0,"32":0,"33":0,"34":0},"f":{"0":0,"1":0,"2":0,"3":0,"4":0,"5":0,"6":0,"7":0,"8":0,"9":0},"b":{"0":[0,0],"1":[0,0]}}
,"C:\\Users\\Vartotojas\\Desktop\\3 kursas\\unifit_test\\src\\components\\Main\\Streaks\\Streak.ts": {"path":"C:\\Users\\Vartotojas\\Desktop\\3 kursas\\unifit_test\\src\\components\\Main\\Streaks\\Streak.ts","statementMap":{"0":{"start":{"line":9,"column":2},"end":{"line":9,"column":42}},"1":{"start":{"line":13,"column":38},"end":{"line":13,"column":42}},"2":{"start":{"line":15,"column":2},"end":{"line":21,"column":3}},"3":{"start":{"line":16,"column":4},"end":{"line":20,"column":5}},"4":{"start":{"line":17,"column":6},"end":{"line":17,"column":30}},"5":{"start":{"line":19,"column":6},"end":{"line":19,"column":12}},"6":{"start":{"line":23,"column":2},"end":{"line":23,"column":24}}},"fnMap":{"0":{"name":"isStreakCompleted","decl":{"start":{"line":8,"column":16},"end":{"line":8,"column":33}},"loc":{"start":{"line":8,"column":82},"end":{"line":10,"column":1}},"line":8},"1":{"name":"selectStreak","decl":{"start":{"line":12,"column":16},"end":{"line":12,"column":28}},"loc":{"start":{"line":12,"column":86},"end":{"line":24,"column":1}},"line":12}},"branchMap":{"0":{"loc":{"start":{"line":16,"column":4},"end":{"line":20,"column":5}},"type":"if","locations":[{"start":{"line":16,"column":4},"end":{"line":20,"column":5}},{"start":{"line":18,"column":11},"end":{"line":20,"column":5}}],"line":16}},"s":{"0":0,"1":0,"2":0,"3":0,"4":0,"5":0,"6":0},"f":{"0":0,"1":0},"b":{"0":[0,0]}}
,"C:\\Users\\Vartotojas\\Desktop\\3 kursas\\unifit_test\\src\\components\\Main\\Streaks\\StreakTypes.ts": {"path":"C:\\Users\\Vartotojas\\Desktop\\3 kursas\\unifit_test\\src\\components\\Main\\Streaks\\StreakTypes.ts","statementMap":{"0":{"start":{"line":3,"column":21},"end":{"line":3,"column":31}},"1":{"start":{"line":5,"column":37},"end":{"line":39,"column":1}},"2":{"start":{"line":10,"column":51},"end":{"line":15,"column":5}},"3":{"start":{"line":21,"column":51},"end":{"line":26,"column":5}},"4":{"start":{"line":32,"column":52},"end":{"line":37,"column":5}}},"fnMap":{"0":{"name":"(anonymous_0)","decl":{"start":{"line":10,"column":36},"end":{"line":10,"column":37}},"loc":{"start":{"line":10,"column":51},"end":{"line":15,"column":5}},"line":10},"1":{"name":"(anonymous_1)","decl":{"start":{"line":21,"column":36},"end":{"line":21,"column":37}},"loc":{"start":{"line":21,"column":51},"end":{"line":26,"column":5}},"line":21},"2":{"name":"(anonymous_2)","decl":{"start":{"line":32,"column":37},"end":{"line":32,"column":38}},"loc":{"start":{"line":32,"column":52},"end":{"line":37,"column":5}},"line":32}},"branchMap":{},"s":{"0":0,"1":0,"2":0,"3":0,"4":0},"f":{"0":0,"1":0,"2":0},"b":{}}
,"C:\\Users\\Vartotojas\\Desktop\\3 kursas\\unifit_test\\src\\components\\Main\\Streaks\\StreakUtils.ts": {"path":"C:\\Users\\Vartotojas\\Desktop\\3 kursas\\unifit_test\\src\\components\\Main\\Streaks\\StreakUtils.ts","statementMap":{"0":{"start":{"line":6,"column":28},"end":{"line":12,"column":1}},"1":{"start":{"line":7,"column":2},"end":{"line":10,"column":3}},"2":{"start":{"line":7,"column":15},"end":{"line":7,"column":31}},"3":{"start":{"line":8,"column":14},"end":{"line":8,"column":49}},"4":{"start":{"line":9,"column":4},"end":{"line":9,"column":48}},"5":{"start":{"line":11,"column":2},"end":{"line":11,"column":15}},"6":{"start":{"line":14,"column":38},"end":{"line":71,"column":1}},"7":{"start":{"line":15,"column":2},"end":{"line":70,"column":3}},"8":{"start":{"line":16,"column":4},"end":{"line":69,"column":5}},"9":{"start":{"line":17,"column":17},"end":{"line":17,"column":33}},"10":{"start":{"line":18,"column":24},"end":{"line":18,"column":65}},"11":{"start":{"line":19,"column":23},"end":{"line":19,"column":43}},"12":{"start":{"line":21,"column":6},"end":{"line":66,"column":7}},"13":{"start":{"line":22,"column":27},"end":{"line":22,"column":41}},"14":{"start":{"line":23,"column":28},"end":{"line":23,"column":66}},"15":{"start":{"line":24,"column":25},"end":{"line":24,"column":49}},"16":{"start":{"line":25,"column":31},"end":{"line":25,"column":33}},"17":{"start":{"line":27,"column":8},"end":{"line":36,"column":9}},"18":{"start":{"line":27,"column":21},"end":{"line":27,"column":22}},"19":{"start":{"line":28,"column":27},"end":{"line":28,"column":39}},"20":{"start":{"line":29,"column":32},"end":{"line":29,"column":90}},"21":{"start":{"line":30,"column":37},"end":{"line":30,"column":61}},"22":{"start":{"line":31,"column":10},"end":{"line":35,"column":11}},"23":{"start":{"line":32,"column":12},"end":{"line":32,"column":58}},"24":{"start":{"line":34,"column":12},"end":{"line":34,"column":38}},"25":{"start":{"line":38,"column":8},"end":{"line":63,"column":9}},"26":{"start":{"line":38,"column":21},"end":{"line":38,"column":22}},"27":{"start":{"line":39,"column":28},"end":{"line":39,"column":45}},"28":{"start":{"line":41,"column":10},"end":{"line":62,"column":11}},"29":{"start":{"line":42,"column":12},"end":{"line":49,"column":13}},"30":{"start":{"line":43,"column":43},"end":{"line":43,"column":104}},"31":{"start":{"line":43,"column":83},"end":{"line":43,"column":103}},"32":{"start":{"line":44,"column":14},"end":{"line":48,"column":15}},"33":{"start":{"line":45,"column":16},"end":{"line":45,"column":43}},"34":{"start":{"line":46,"column":16},"end":{"line":46,"column":104}},"35":{"start":{"line":47,"column":16},"end":{"line":47,"column":23}},"36":{"start":{"line":51,"column":12},"end":{"line":61,"column":13}},"37":{"start":{"line":52,"column":14},"end":{"line":52,"column":41}},"38":{"start":{"line":53,"column":36},"end":{"line":53,"column":98}},"39":{"start":{"line":54,"column":14},"end":{"line":54,"column":50}},"40":{"start":{"line":56,"column":14},"end":{"line":60,"column":15}},"41":{"start":{"line":56,"column":68},"end":{"line":56,"column":88}},"42":{"start":{"line":57,"column":16},"end":{"line":57,"column":79}},"43":{"start":{"line":58,"column":16},"end":{"line":58,"column":100}},"44":{"start":{"line":59,"column":16},"end":{"line":59,"column":23}},"45":{"start":{"line":65,"column":8},"end":{"line":65,"column":73}},"46":{"start":{"line":68,"column":6},"end":{"line":68,"column":70}},"47":{"start":{"line":73,"column":31},"end":{"line":94,"column":1}},"48":{"start":{"line":74,"column":2},"end":{"line":74,"column":22}},"49":{"start":{"line":74,"column":15},"end":{"line":74,"column":22}},"50":{"start":{"line":75,"column":13},"end":{"line":75,"column":29}},"51":{"start":{"line":76,"column":25},"end":{"line":76,"column":66}},"52":{"start":{"line":77,"column":2},"end":{"line":93,"column":3}},"53":{"start":{"line":78,"column":21},"end":{"line":78,"column":46}},"54":{"start":{"line":79,"column":4},"end":{"line":90,"column":5}},"55":{"start":{"line":80,"column":26},"end":{"line":80,"column":40}},"56":{"start":{"line":81,"column":6},"end":{"line":81,"column":37}},"57":{"start":{"line":82,"column":6},"end":{"line":82,"column":27}},"58":{"start":{"line":83,"column":6},"end":{"line":83,"column":32}},"59":{"start":{"line":84,"column":6},"end":{"line":84,"column":34}},"60":{"start":{"line":86,"column":6},"end":{"line":86,"column":30}},"61":{"start":{"line":87,"column":6},"end":{"line":87,"column":32}},"62":{"start":{"line":88,"column":6},"end":{"line":88,"column":26}},"63":{"start":{"line":89,"column":6},"end":{"line":89,"column":35}},"64":{"start":{"line":92,"column":4},"end":{"line":92,"column":52}},"65":{"start":{"line":96,"column":28},"end":{"line":110,"column":1}},"66":{"start":{"line":97,"column":2},"end":{"line":109,"column":3}},"67":{"start":{"line":98,"column":15},"end":{"line":98,"column":31}},"68":{"start":{"line":99,"column":26},"end":{"line":99,"column":59}},"69":{"start":{"line":100,"column":4},"end":{"line":100,"column":32}},"70":{"start":{"line":101,"column":4},"end":{"line":101,"column":28}},"71":{"start":{"line":102,"column":4},"end":{"line":102,"column":30}},"72":{"start":{"line":103,"column":4},"end":{"line":103,"column":33}},"73":{"start":{"line":104,"column":4},"end":{"line":104,"column":22}},"74":{"start":{"line":105,"column":4},"end":{"line":105,"column":71}},"75":{"start":{"line":107,"column":4},"end":{"line":107,"column":52}},"76":{"start":{"line":108,"column":4},"end":{"line":108,"column":81}},"77":{"start":{"line":112,"column":27},"end":{"line":123,"column":1}},"78":{"start":{"line":113,"column":2},"end":{"line":122,"column":3}},"79":{"start":{"line":114,"column":15},"end":{"line":114,"column":31}},"80":{"start":{"line":115,"column":26},"end":{"line":115,"column":59}},"81":{"start":{"line":116,"column":4},"end":{"line":116,"column":50}},"82":{"start":{"line":117,"column":4},"end":{"line":117,"column":30}},"83":{"start":{"line":118,"column":4},"end":{"line":118,"column":64}},"84":{"start":{"line":120,"column":4},"end":{"line":120,"column":51}},"85":{"start":{"line":121,"column":4},"end":{"line":121,"column":80}}},"fnMap":{"0":{"name":"(anonymous_0)","decl":{"start":{"line":6,"column":28},"end":{"line":6,"column":29}},"loc":{"start":{"line":6,"column":54},"end":{"line":12,"column":1}},"line":6},"1":{"name":"(anonymous_1)","decl":{"start":{"line":14,"column":38},"end":{"line":14,"column":39}},"loc":{"start":{"line":14,"column":84},"end":{"line":71,"column":1}},"line":14},"2":{"name":"(anonymous_2)","decl":{"start":{"line":43,"column":76},"end":{"line":43,"column":77}},"loc":{"start":{"line":43,"column":83},"end":{"line":43,"column":103}},"line":43},"3":{"name":"(anonymous_3)","decl":{"start":{"line":56,"column":61},"end":{"line":56,"column":62}},"loc":{"start":{"line":56,"column":68},"end":{"line":56,"column":88}},"line":56},"4":{"name":"(anonymous_4)","decl":{"start":{"line":73,"column":31},"end":{"line":73,"column":32}},"loc":{"start":{"line":73,"column":126},"end":{"line":94,"column":1}},"line":73},"5":{"name":"(anonymous_5)","decl":{"start":{"line":96,"column":28},"end":{"line":96,"column":29}},"loc":{"start":{"line":96,"column":125},"end":{"line":110,"column":1}},"line":96},"6":{"name":"(anonymous_6)","decl":{"start":{"line":112,"column":27},"end":{"line":112,"column":28}},"loc":{"start":{"line":112,"column":73},"end":{"line":123,"column":1}},"line":112}},"branchMap":{"0":{"loc":{"start":{"line":15,"column":2},"end":{"line":70,"column":3}},"type":"if","locations":[{"start":{"line":15,"column":2},"end":{"line":70,"column":3}},{"start":{},"end":{}}],"line":15},"1":{"loc":{"start":{"line":21,"column":6},"end":{"line":66,"column":7}},"type":"if","locations":[{"start":{"line":21,"column":6},"end":{"line":66,"column":7}},{"start":{},"end":{}}],"line":21},"2":{"loc":{"start":{"line":31,"column":10},"end":{"line":35,"column":11}},"type":"if","locations":[{"start":{"line":31,"column":10},"end":{"line":35,"column":11}},{"start":{"line":33,"column":17},"end":{"line":35,"column":11}}],"line":31},"3":{"loc":{"start":{"line":41,"column":10},"end":{"line":62,"column":11}},"type":"if","locations":[{"start":{"line":41,"column":10},"end":{"line":62,"column":11}},{"start":{},"end":{}}],"line":41},"4":{"loc":{"start":{"line":42,"column":12},"end":{"line":49,"column":13}},"type":"if","locations":[{"start":{"line":42,"column":12},"end":{"line":49,"column":13}},{"start":{},"end":{}}],"line":42},"5":{"loc":{"start":{"line":43,"column":83},"end":{"line":43,"column":103}},"type":"binary-expr","locations":[{"start":{"line":43,"column":83},"end":{"line":43,"column":86}},{"start":{"line":43,"column":90},"end":{"line":43,"column":103}}],"line":43},"6":{"loc":{"start":{"line":44,"column":14},"end":{"line":48,"column":15}},"type":"if","locations":[{"start":{"line":44,"column":14},"end":{"line":48,"column":15}},{"start":{},"end":{}}],"line":44},"7":{"loc":{"start":{"line":51,"column":12},"end":{"line":61,"column":13}},"type":"if","locations":[{"start":{"line":51,"column":12},"end":{"line":61,"column":13}},{"start":{},"end":{}}],"line":51},"8":{"loc":{"start":{"line":56,"column":14},"end":{"line":60,"column":15}},"type":"if","locations":[{"start":{"line":56,"column":14},"end":{"line":60,"column":15}},{"start":{},"end":{}}],"line":56},"9":{"loc":{"start":{"line":56,"column":18},"end":{"line":56,"column":89}},"type":"binary-expr","locations":[{"start":{"line":56,"column":18},"end":{"line":56,"column":36}},{"start":{"line":56,"column":40},"end":{"line":56,"column":89}}],"line":56},"10":{"loc":{"start":{"line":56,"column":68},"end":{"line":56,"column":88}},"type":"binary-expr","locations":[{"start":{"line":56,"column":68},"end":{"line":56,"column":71}},{"start":{"line":56,"column":75},"end":{"line":56,"column":88}}],"line":56},"11":{"loc":{"start":{"line":74,"column":2},"end":{"line":74,"column":22}},"type":"if","locations":[{"start":{"line":74,"column":2},"end":{"line":74,"column":22}},{"start":{},"end":{}}],"line":74},"12":{"loc":{"start":{"line":79,"column":4},"end":{"line":90,"column":5}},"type":"if","locations":[{"start":{"line":79,"column":4},"end":{"line":90,"column":5}},{"start":{"line":85,"column":11},"end":{"line":90,"column":5}}],"line":79}},"s":{"0":0,"1":0,"2":0,"3":0,"4":0,"5":0,"6":0,"7":0,"8":0,"9":0,"10":0,"11":0,"12":0,"13":0,"14":0,"15":0,"16":0,"17":0,"18":0,"19":0,"20":0,"21":0,"22":0,"23":0,"24":0,"25":0,"26":0,"27":0,"28":0,"29":0,"30":0,"31":0,"32":0,"33":0,"34":0,"35":0,"36":0,"37":0,"38":0,"39":0,"40":0,"41":0,"42":0,"43":0,"44":0,"45":0,"46":0,"47":0,"48":0,"49":0,"50":0,"51":0,"52":0,"53":0,"54":0,"55":0,"56":0,"57":0,"58":0,"59":0,"60":0,"61":0,"62":0,"63":0,"64":0,"65":0,"66":0,"67":0,"68":0,"69":0,"70":0,"71":0,"72":0,"73":0,"74":0,"75":0,"76":0,"77":0,"78":0,"79":0,"80":0,"81":0,"82":0,"83":0,"84":0,"85":0},"f":{"0":0,"1":0,"2":0,"3":0,"4":0,"5":0,"6":0},"b":{"0":[0,0],"1":[0,0],"2":[0,0],"3":[0,0],"4":[0,0],"5":[0,0],"6":[0,0],"7":[0,0],"8":[0,0],"9":[0,0],"10":[0,0],"11":[0,0],"12":[0,0]}}
,"C:\\Users\\Vartotojas\\Desktop\\3 kursas\\unifit_test\\src\\components\\Main\\Streaks\\StreakdateUtils.ts": {"path":"C:\\Users\\Vartotojas\\Desktop\\3 kursas\\unifit_test\\src\\components\\Main\\Streaks\\StreakdateUtils.ts","statementMap":{"0":{"start":{"line":1,"column":29},"end":{"line":28,"column":3}},"1":{"start":{"line":2,"column":17},"end":{"line":2,"column":27}},"2":{"start":{"line":3,"column":4},"end":{"line":3,"column":41}},"3":{"start":{"line":4,"column":23},"end":{"line":17,"column":5}},"4":{"start":{"line":18,"column":16},"end":{"line":18,"column":30}},"5":{"start":{"line":19,"column":20},"end":{"line":19,"column":24}},"6":{"start":{"line":20,"column":4},"end":{"line":26,"column":5}},"7":{"start":{"line":21,"column":6},"end":{"line":21,"column":23}},"8":{"start":{"line":22,"column":11},"end":{"line":26,"column":5}},"9":{"start":{"line":23,"column":6},"end":{"line":23,"column":23}},"10":{"start":{"line":24,"column":11},"end":{"line":26,"column":5}},"11":{"start":{"line":25,"column":6},"end":{"line":25,"column":23}},"12":{"start":{"line":27,"column":4},"end":{"line":27,"column":63}}},"fnMap":{"0":{"name":"(anonymous_0)","decl":{"start":{"line":1,"column":29},"end":{"line":1,"column":30}},"loc":{"start":{"line":1,"column":48},"end":{"line":28,"column":3}},"line":1}},"branchMap":{"0":{"loc":{"start":{"line":20,"column":4},"end":{"line":26,"column":5}},"type":"if","locations":[{"start":{"line":20,"column":4},"end":{"line":26,"column":5}},{"start":{"line":22,"column":11},"end":{"line":26,"column":5}}],"line":20},"1":{"loc":{"start":{"line":20,"column":8},"end":{"line":20,"column":45}},"type":"binary-expr","locations":[{"start":{"line":20,"column":8},"end":{"line":20,"column":17}},{"start":{"line":20,"column":21},"end":{"line":20,"column":31}},{"start":{"line":20,"column":35},"end":{"line":20,"column":45}}],"line":20},"2":{"loc":{"start":{"line":22,"column":11},"end":{"line":26,"column":5}},"type":"if","locations":[{"start":{"line":22,"column":11},"end":{"line":26,"column":5}},{"start":{"line":24,"column":11},"end":{"line":26,"column":5}}],"line":22},"3":{"loc":{"start":{"line":22,"column":15},"end":{"line":22,"column":38}},"type":"binary-expr","locations":[{"start":{"line":22,"column":15},"end":{"line":22,"column":24}},{"start":{"line":22,"column":28},"end":{"line":22,"column":38}}],"line":22},"4":{"loc":{"start":{"line":24,"column":11},"end":{"line":26,"column":5}},"type":"if","locations":[{"start":{"line":24,"column":11},"end":{"line":26,"column":5}},{"start":{},"end":{}}],"line":24},"5":{"loc":{"start":{"line":24,"column":15},"end":{"line":24,"column":38}},"type":"binary-expr","locations":[{"start":{"line":24,"column":15},"end":{"line":24,"column":24}},{"start":{"line":24,"column":28},"end":{"line":24,"column":38}}],"line":24}},"s":{"0":0,"1":0,"2":0,"3":0,"4":0,"5":0,"6":0,"7":0,"8":0,"9":0,"10":0,"11":0,"12":0},"f":{"0":0},"b":{"0":[0,0],"1":[0,0,0],"2":[0,0],"3":[0,0],"4":[0,0],"5":[0,0]}}
[...]
":48,"column":26},"end":{"line":48,"column":52}},"21":{"start":{"line":49,"column":25},"end":{"line":49,"column":55}},"22":{"start":{"line":50,"column":22},"end":{"line":50,"column":46}},"23":{"start":{"line":52,"column":6},"end":{"line":74,"column":7}},"24":{"start":{"line":53,"column":25},"end":{"line":53,"column":39}},"25":{"start":{"line":54,"column":8},"end":{"line":54,"column":51}},"26":{"start":{"line":55,"column":8},"end":{"line":55,"column":54}},"27":{"start":{"line":57,"column":29},"end":{"line":57,"column":82}},"28":{"start":{"line":58,"column":30},"end":{"line":58,"column":56}},"29":{"start":{"line":60,"column":8},"end":{"line":65,"column":9}},"30":{"start":{"line":61,"column":10},"end":{"line":61,"column":62}},"31":{"start":{"line":63,"column":10},"end":{"line":63,"column":55}},"32":{"start":{"line":64,"column":10},"end":{"line":64,"column":28}},"33":{"start":{"line":67,"column":8},"end":{"line":67,"column":59}},"34":{"start":{"line":68,"column":8},"end":{"line":68,"column":27}},"35":{"start":{"line":69,"column":8},"end":{"line":69,"column":30}},"36":{"start":{"line":71,"column":29},"end":{"line":71,"column":82}},"37":{"start":{"line":72,"column":8},"end":{"line":72,"column":53}},"38":{"start":{"line":73,"column":8},"end":{"line":73,"column":26}},"39":{"start":{"line":76,"column":6},"end":{"line":76,"column":74}},"40":{"start":{"line":78,"column":6},"end":{"line":78,"column":24}},"41":{"start":{"line":82,"column":2},"end":{"line":84,"column":9}},"42":{"start":{"line":83,"column":4},"end":{"line":83,"column":21}},"43":{"start":{"line":86,"column":25},"end":{"line":92,"column":3}},"44":{"start":{"line":87,"column":4},"end":{"line":91,"column":5}},"45":{"start":{"line":88,"column":6},"end":{"line":88,"column":52}},"46":{"start":{"line":88,"column":37},"end":{"line":88,"column":50}},"47":{"start":{"line":89,"column":11},"end":{"line":91,"column":5}},"48":{"start":{"line":90,"column":6},"end":{"line":90,"column":52}},"49":{"start":{"line":90,"column":37},"end":{"line":90,"column":50}},"50":{"start":{"line":94,"column":29},"end":{"line":113,"column":3}},"51":{"start":{"line":95,"column":4},"end":{"line":112,"column":5}},"52":{"start":{"line":96,"column":22},"end":{"line":96,"column":42}},"53":{"start":{"line":97,"column":26},"end":{"line":97,"column":52}},"54":{"start":{"line":98,"column":27},"end":{"line":98,"column":80}},"55":{"start":{"line":99,"column":24},"end":{"line":99,"column":57}},"56":{"start":{"line":101,"column":6},"end":{"line":101,"column":62}},"57":{"start":{"line":103,"column":25},"end":{"line":103,"column":55}},"58":{"start":{"line":104,"column":6},"end":{"line":104,"column":68}},"59":{"start":{"line":106,"column":6},"end":{"line":106,"column":32}},"60":{"start":{"line":107,"column":6},"end":{"line":107,"column":33}},"61":{"start":{"line":109,"column":6},"end":{"line":109,"column":39}},"62":{"start":{"line":111,"column":6},"end":{"line":111,"column":74}},"63":{"start":{"line":116,"column":24},"end":{"line":141,"column":3}},"64":{"start":{"line":117,"column":4},"end":{"line":140,"column":17}},"65":{"start":{"line":144,"column":23},"end":{"line":152,"column":3}},"66":{"start":{"line":145,"column":4},"end":{"line":151,"column":11}},"67":{"start":{"line":154,"column":22},"end":{"line":157,"column":4}},"68":{"start":{"line":159,"column":23},"end":{"line":166,"column":3}},"69":{"start":{"line":160,"column":4},"end":{"line":165,"column":6}},"70":{"start":{"line":168,"column":2},"end":{"line":183,"column":4}},"71":{"start":{"line":186,"column":15},"end":{"line":247,"column":2}}},"fnMap":{"0":{"name":"(anonymous_0)","decl":{"start":{"line":13,"column":18},"end":{"line":13,"column":19}},"loc":{"start":{"line":13,"column":43},"end":{"line":24,"column":1}},"line":13},"1":{"name":"(anonymous_1)","decl":{"start":{"line":18,"column":20},"end":{"line":18,"column":21}},"loc":{"start":{"line":18,"column":25},"end":{"line":18,"column":43}},"line":18},"2":{"name":"(anonymous_2)","decl":{"start":{"line":19,"column":20},"end":{"line":19,"column":21}},"loc":{"start":{"line":19,"column":26},"end":{"line":19,"column":56}},"line":19},"3":{"name":"WaterIntake","decl":{"start":{"line":26,"column":24},"end":{"line":26,"column":35}},"loc":{"start":{"line":26,"column":49},"end":{"line":184,"column":1}},"line":26},"4":{"name":"(anonymous_4)","decl":{"start":{"line":39,"column":35},"end":{"line":39,"column":36}},"loc":{"start":{"line":39,"column":41},"end":{"line":43,"column":3}},"line":39},"5":{"name":"(anonymous_5)","decl":{"start":{"line":45,"column":25},"end":{"line":45,"column":26}},"loc":{"start":{"line":45,"column":37},"end":{"line":80,"column":3}},"line":45},"6":{"name":"(anonymous_6)","decl":{"start":{"line":82,"column":12},"end":{"line":82,"column":13}},"loc":{"start":{"line":82,"column":18},"end":{"line":84,"column":3}},"line":82},"7":{"name":"(anonymous_7)","decl":{"start":{"line":86,"column":25},"end":{"line":86,"column":26}},"loc":{"start":{"line":86,"column":43},"end":{"line":92,"column":3}},"line":86},"8":{"name":"(anonymous_8)","decl":{"start":{"line":88,"column":29},"end":{"line":88,"column":30}},"loc":{"start":{"line":88,"column":37},"end":{"line":88,"column":50}},"line":88},"9":{"name":"(anonymous_9)","decl":{"start":{"line":90,"column":29},"end":{"line":90,"column":30}},"loc":{"start":{"line":90,"column":37},"end":{"line":90,"column":50}},"line":90},"10":{"name":"(anonymous_10)","decl":{"start":{"line":94,"column":29},"end":{"line":94,"column":30}},"loc":{"start":{"line":94,"column":41},"end":{"line":113,"column":3}},"line":94},"11":{"name":"(anonymous_11)","decl":{"start":{"line":116,"column":24},"end":{"line":116,"column":25}},"loc":{"start":{"line":117,"column":4},"end":{"line":140,"column":17}},"line":117},"12":{"name":"(anonymous_12)","decl":{"start":{"line":144,"column":23},"end":{"line":144,"column":24}},"loc":{"start":{"line":145,"column":4},"end":{"line":151,"column":11}},"line":145},"13":{"name":"(anonymous_13)","decl":{"start":{"line":159,"column":23},"end":{"line":159,"column":24}},"loc":{"start":{"line":160,"column":4},"end":{"line":165,"column":6}},"line":160}},"branchMap":{"0":{"loc":{"start":{"line":52,"column":6},"end":{"line":74,"column":7}},"type":"if","locations":[{"start":{"line":52,"column":6},"end":{"line":74,"column":7}},{"start":{"line":66,"column":13},"end":{"line":74,"column":7}}],"line":52},"1":{"loc":{"start":{"line":54,"column":21},"end":{"line":54,"column":49}},"type":"binary-expr","locations":[{"start":{"line":54,"column":21},"end":{"line":54,"column":44}},{"start":{"line":54,"column":48},"end":{"line":54,"column":49}}],"line":54},"2":{"loc":{"start":{"line":55,"column":24},"end":{"line":55,"column":52}},"type":"binary-expr","locations":[{"start":{"line":55,"column":24},"end":{"line":55,"column":47}},{"start":{"line":55,"column":51},"end":{"line":55,"column":52}}],"line":55},"3":{"loc":{"start":{"line":60,"column":8},"end":{"line":65,"column":9}},"type":"if","locations":[{"start":{"line":60,"column":8},"end":{"line":65,"column":9}},{"start":{"line":62,"column":15},"end":{"line":65,"column":9}}],"line":60},"4":{"loc":{"start":{"line":61,"column":25},"end":{"line":61,"column":60}},"type":"binary-expr","locations":[{"start":{"line":61,"column":25},"end":{"line":61,"column":55}},{"start":{"line":61,"column":59},"end":{"line":61,"column":60}}],"line":61},"5":{"loc":{"start":{"line":87,"column":4},"end":{"line":91,"column":5}},"type":"if","locations":[{"start":{"line":87,"column":4},"end":{"line":91,"column":5}},{"start":{"line":89,"column":11},"end":{"line":91,"column":5}}],"line":87},"6":{"loc":{"start":{"line":89,"column":11},"end":{"line":91,"column":5}},"type":"if","locations":[{"start":{"line":89,"column":11},"end":{"line":91,"column":5}},{"start":{},"end":{}}],"line":89},"7":{"loc":{"start":{"line":118,"column":7},"end":{"line":139,"column":7}},"type":"cond-expr","locations":[{"start":{"line":119,"column":8},"end":{"line":119,"column":67}},{"start":{"line":121,"column":8},"end":{"line":138,"column":11}}],"line":118},"8":{"loc":{"start":{"line":146,"column":7},"end":{"line":150,"column":7}},"type":"cond-expr","locations":[{"start":{"line":147,"column":8},"end":{"line":147,"column":67}},{"start":{"line":149,"column":8},"end":{"line":149,"column":30}}],"line":146}},"s":{"0":0,"1":0,"2":0,"3":0,"4":0,"5":0,"6":0,"7":0,"8":0,"9":0,"10":0,"11":0,"12":0,"13":0,"14":0,"15":0,"16":0,"17":0,"18":0,"19":0,"20":0,"21":0,"22":0,"23":0,"24":0,"25":0,"26":0,"27":0,"28":0,"29":0,"30":0,"31":0,"32":0,"33":0,"34":0,"35":0,"36":0,"37":0,"38":0,"39":0,"40":0,"41":0,"42":0,"43":0,"44":0,"45":0,"46":0,"47":0,"48":0,"49":0,"50":0,"51":0,"52":0,"53":0,"54":0,"55":0,"56":0,"57":0,"58":0,"59":0,"60":0,"61":0,"62":0,"63":0,"64":0,"65":0,"66":0,"67":0,"68":0,"69":0,"70":0,"71":0},"f":{"0":0,"1":0,"2":0,"3":0,"4":0,"5":0,"6":0,"7":0,"8":0,"9":0,"10":0,"11":0,"12":0,"13":0},"b":{"0":[0,0],"1":[0,0],"2":[0,0],"3":[0,0],"4":[0,0],"5":[0,0],"6":[0,0],"7":[0,0],"8":[0,0]}}
,"C:\\Users\\Vartotojas\\Desktop\\3 kursas\\unifit_test\\src\\screens\\Settings\\About.tsx": {"path":"C:\\Users\\Vartotojas\\Desktop\\3 kursas\\unifit_test\\src\\screens\\Settings\\About.tsx","statementMap":{"0":{"start":{"line":8,"column":21},"end":{"line":8,"column":40}},"1":{"start":{"line":9,"column":4},"end":{"line":29,"column":6}},"2":{"start":{"line":31,"column":15},"end":{"line":70,"column":2}}},"fnMap":{"0":{"name":"AboutUs","decl":{"start":{"line":7,"column":24},"end":{"line":7,"column":31}},"loc":{"start":{"line":7,"column":34},"end":{"line":30,"column":1}},"line":7}},"branchMap":{"0":{"loc":{"start":{"line":10,"column":32},"end":{"line":10,"column":182}},"type":"cond-expr","locations":[{"start":{"line":10,"column":43},"end":{"line":10,"column":115}},{"start":{"line":10,"column":118},"end":{"line":10,"column":182}}],"line":10}},"s":{"0":0,"1":0,"2":0},"f":{"0":0},"b":{"0":[0,0]}}
,"C:\\Users\\Vartotojas\\Desktop\\3 kursas\\unifit_test\\src\\screens\\Settings\\Account.tsx": {"path":"C:\\Users\\Vartotojas\\Desktop\\3 kursas\\unifit_test\\src\\screens\\Settings\\Account.tsx","statementMap":{"0":{"start":{"line":29,"column":19},"end":{"line":29,"column":38}},"1":{"start":{"line":30,"column":15},"end":{"line":30,"column":24}},"2":{"start":{"line":31,"column":21},"end":{"line":31,"column":72}},"3":{"start":{"line":33,"column":31},"end":{"line":35,"column":3}},"4":{"start":{"line":34,"column":4},"end":{"line":34,"column":42}},"5":{"start":{"line":37,"column":28},"end":{"line":39,"column":3}},"6":{"start":{"line":38,"column":4},"end":{"line":38,"column":39}},"7":{"start":{"line":41,"column":27},"end":{"line":43,"column":3}},"8":{"start":{"line":42,"column":4},"end":{"line":42,"column":36}},"9":{"start":{"line":45,"column":30},"end":{"line":47,"column":3}},"10":{"start":{"line":46,"column":4},"end":{"line":46,"column":41}},"11":{"start":{"line":49,"column":2},"end":{"line":146,"column":4}},"12":{"start":{"line":149,"column":15},"end":{"line":212,"column":2}}},"fnMap":{"0":{"name":"Account","decl":{"start":{"line":28,"column":24},"end":{"line":28,"column":31}},"loc":{"start":{"line":28,"column":68},"end":{"line":147,"column":1}},"line":28},"1":{"name":"(anonymous_1)","decl":{"start":{"line":33,"column":31},"end":{"line":33,"column":32}},"loc":{"start":{"line":33,"column":37},"end":{"line":35,"column":3}},"line":33},"2":{"name":"(anonymous_2)","decl":{"start":{"line":37,"column":28},"end":{"line":37,"column":29}},"loc":{"start":{"line":37,"column":34},"end":{"line":39,"column":3}},"line":37},"3":{"name":"(anonymous_3)","decl":{"start":{"line":41,"column":27},"end":{"line":41,"column":28}},"loc":{"start":{"line":41,"column":33},"end":{"line":43,"column":3}},"line":41},"4":{"name":"(anonymous_4)","decl":{"start":{"line":45,"column":30},"end":{"line":45,"column":31}},"loc":{"start":{"line":45,"column":36},"end":{"line":47,"column":3}},"line":45}},"branchMap":{"0":{"loc":{"start":{"line":28,"column":34},"end":{"line":28,"column":57}},"type":"default-arg","locations":[{"start":{"line":28,"column":43},"end":{"line":28,"column":57}}],"line":28},"1":{"loc":{"start":{"line":51,"column":14},"end":{"line":51,"column":164}},"type":"cond-expr","locations":[{"start":{"line":51,"column":25},"end":{"line":51,"column":97}},{"start":{"line":51,"column":100},"end":{"line":51,"column":164}}],"line":51}},"s":{"0":0,"1":0,"2":0,"3":0,"4":0,"5":0,"6":0,"7":0,"8":0,"9":0,"10":0,"11":0,"12":0},"f":{"0":0,"1":0,"2":0,"3":0,"4":0},"b":{"0":[0],"1":[0,0]}}
,"C:\\Users\\Vartotojas\\Desktop\\3 kursas\\unifit_test\\src\\screens\\Settings\\Appearance.tsx": {"path":"C:\\Users\\Vartotojas\\Desktop\\3 kursas\\unifit_test\\src\\screens\\Settings\\Appearance.tsx","statementMap":{"0":{"start":{"line":9,"column":34},"end":{"line":9,"column":49}},"1":{"start":{"line":11,"column":2},"end":{"line":15,"column":9}},"2":{"start":{"line":12,"column":4},"end":{"line":14,"column":7}},"3":{"start":{"line":13,"column":6},"end":{"line":13,"column":35}},"4":{"start":{"line":17,"column":25},"end":{"line":21,"column":3}},"5":{"start":{"line":18,"column":29},"end":{"line":18,"column":38}},"6":{"start":{"line":19,"column":4},"end":{"line":19,"column":34}},"7":{"start":{"line":20,"column":4},"end":{"line":20,"column":44}},"8":{"start":{"line":23,"column":32},"end":{"line":29,"column":3}},"9":{"start":{"line":24,"column":4},"end":{"line":28,"column":5}},"10":{"start":{"line":25,"column":6},"end":{"line":25,"column":65}},"11":{"start":{"line":27,"column":6},"end":{"line":27,"column":64}},"12":{"start":{"line":33,"column":2},"end":{"line":89,"column":4}},"13":{"start":{"line":92,"column":15},"end":{"line":124,"column":2}}},"fnMap":{"0":{"name":"Appearance","decl":{"start":{"line":8,"column":24},"end":{"line":8,"column":34}},"loc":{"start":{"line":8,"column":37},"end":{"line":90,"column":1}},"line":8},"1":{"name":"(anonymous_1)","decl":{"start":{"line":11,"column":12},"end":{"line":11,"column":13}},"loc":{"start":{"line":11,"column":18},"end":{"line":15,"column":3}},"line":11},"2":{"name":"(anonymous_2)","decl":{"start":{"line":12,"column":32},"end":{"line":12,"column":33}},"loc":{"start":{"line":12,"column":53},"end":{"line":14,"column":5}},"line":12},"3":{"name":"(anonymous_3)","decl":{"start":{"line":17,"column":25},"end":{"line":17,"column":26}},"loc":{"start":{"line":17,"column":31},"end":{"line":21,"column":3}},"line":17},"4":{"name":"(anonymous_4)","decl":{"start":{"line":23,"column":32},"end":{"line":23,"column":33}},"loc":{"start":{"line":23,"column":49},"end":{"line":29,"column":3}},"line":23}},"branchMap":{"0":{"loc":{"start":{"line":35,"column":14},"end":{"line":35,"column":164}},"type":"cond-expr","locations":[{"start":{"line":35,"column":25},"end":{"line":35,"column":97}},{"start":{"line":35,"column":100},"end":{"line":35,"column":164}}],"line":35},"1":{"loc":{"start":{"line":42,"column":22},"end":{"line":42,"column":60}},"type":"cond-expr","locations":[{"start":{"line":42,"column":33},"end":{"line":42,"column":45}},{"start":{"line":42,"column":48},"end":{"line":42,"column":60}}],"line":42}},"s":{"0":0,"1":0,"2":0,"3":0,"4":0,"5":0,"6":0,"7":0,"8":0,"9":0,"10":0,"11":0,"12":0,"13":0},"f":{"0":0,"1":0,"2":0,"3":0,"4":0},"b":{"0":[0,0],"1":[0,0]}}
,"C:\\Users\\Vartotojas\\Desktop\\3 kursas\\unifit_test\\src\\screens\\Settings\\Notifications.tsx": {"path":"C:\\Users\\Vartotojas\\Desktop\\3 kursas\\unifit_test\\src\\screens\\Settings\\Notifications.tsx","statementMap":{"0":{"start":{"line":8,"column":21},"end":{"line":8,"column":40}},"1":{"start":{"line":9,"column":54},"end":{"line":9,"column":68}},"2":{"start":{"line":10,"column":56},"end":{"line":10,"column":70}},"3":{"start":{"line":11,"column":64},"end":{"line":11,"column":78}},"4":{"start":{"line":12,"column":62},"end":{"line":12,"column":78}},"5":{"start":{"line":14,"column":36},"end":{"line":16,"column":5}},"6":{"start":{"line":15,"column":8},"end":{"line":15,"column":49}},"7":{"start":{"line":18,"column":37},"end":{"line":20,"column":5}},"8":{"start":{"line":19,"column":8},"end":{"line":19,"column":51}},"9":{"start":{"line":22,"column":41},"end":{"line":24,"column":5}},"10":{"start":{"line":23,"column":8},"end":{"line":23,"column":59}},"11":{"start":{"line":26,"column":40},"end":{"line":28,"column":5}},"12":{"start":{"line":27,"column":8},"end":{"line":27,"column":40}},"13":{"start":{"line":30,"column":4},"end":{"line":82,"column":6}},"14":{"start":{"line":77,"column":46},"end":{"line":77,"column":97}},"15":{"start":{"line":85,"column":15},"end":{"line":108,"column":2}}},"fnMap":{"0":{"name":"Notifications","decl":{"start":{"line":7,"column":24},"end":{"line":7,"column":37}},"loc":{"start":{"line":7,"column":40},"end":{"line":83,"column":1}},"line":7},"1":{"name":"(anonymous_1)","decl":{"start":{"line":14,"column":36},"end":{"line":14,"column":37}},"loc":{"start":{"line":14,"column":42},"end":{"line":16,"column":5}},"line":14},"2":{"name":"(anonymous_2)","decl":{"start":{"line":18,"column":37},"end":{"line":18,"column":38}},"loc":{"start":{"line":18,"column":43},"end":{"line":20,"column":5}},"line":18},"3":{"name":"(anonymous_3)","decl":{"start":{"line":22,"column":41},"end":{"line":22,"column":42}},"loc":{"start":{"line":22,"column":47},"end":{"line":24,"column":5}},"line":22},"4":{"name":"(anonymous_4)","decl":{"start":{"line":26,"column":40},"end":{"line":26,"column":41}},"loc":{"start":{"line":26,"column":51},"end":{"line":28,"column":5}},"line":26},"5":{"name":"(anonymous_5)","decl":{"start":{"line":77,"column":35},"end":{"line":77,"column":36}},"loc":{"start":{"line":77,"column":46},"end":{"line":77,"column":97}},"line":77}},"branchMap":{"0":{"loc":{"start":{"line":31,"column":32},"end":{"line":31,"column":182}},"type":"cond-expr","locations":[{"start":{"line":31,"column":43},"end":{"line":31,"column":115}},{"start":{"line":31,"column":118},"end":{"line":31,"column":182}}],"line":31},"1":{"loc":{"start":{"line":39,"column":32},"end":{"line":39,"column":78}},"type":"cond-expr","locations":[{"start":{"line":39,"column":52},"end":{"line":39,"column":64}},{"start":{"line":39,"column":67},"end":{"line":39,"column":78}}],"line":39},"2":{"loc":{"start":{"line":51,"column":32},"end":{"line":51,"column":79}},"type":"cond-expr","locations":[{"start":{"line":51,"column":53},"end":{"line":51,"column":65}},{"start":{"line":51,"column":68},"end":{"line":51,"column":79}}],"line":51},"3":{"loc":{"start":{"line":63,"column":32},"end":{"line":63,"column":83}},"type":"cond-expr","locations":[{"start":{"line":63,"column":57},"end":{"line":63,"column":69}},{"start":{"line":63,"column":72},"end":{"line":63,"column":83}}],"line":63},"4":{"loc":{"start":{"line":75,"column":32},"end":{"line":75,"column":93}},"type":"cond-expr","locations":[{"start":{"line":75,"column":67},"end":{"line":75,"column":79}},{"start":{"line":75,"column":82},"end":{"line":75,"column":93}}],"line":75},"5":{"loc":{"start":{"line":77,"column":74},"end":{"line":77,"column":96}},"type":"cond-expr","locations":[{"start":{"line":77,"column":82},"end":{"line":77,"column":88}},{"start":{"line":77,"column":91},"end":{"line":77,"column":96}}],"line":77}},"s":{"0":0,"1":0,"2":0,"3":0,"4":0,"5":0,"6":0,"7":0,"8":0,"9":0,"10":0,"11":0,"12":0,"13":0,"14":0,"15":0},"f":{"0":0,"1":0,"2":0,"3":0,"4":0,"5":0},"b":{"0":[0,0],"1":[0,0],"2":[0,0],"3":[0,0],"4":[0,0],"5":[0,0]}}
,"C:\\Users\\Vartotojas\\Desktop\\3 kursas\\unifit_test\\src\\services\\firebase.tsx": {"path":"C:\\Users\\Vartotojas\\Desktop\\3 kursas\\unifit_test\\src\\services\\firebase.tsx","statementMap":{"0":{"start":{"line":7,"column":23},"end":{"line":15,"column":1}},"1":{"start":{"line":17,"column":19},"end":{"line":17,"column":48}},"2":{"start":{"line":18,"column":13},"end":{"line":20,"column":2}},"3":{"start":{"line":21,"column":18},"end":{"line":21,"column":35}},"4":{"start":{"line":22,"column":20},"end":{"line":22,"column":36}}},"fnMap":{},"branchMap":{},"s":{"0":1,"1":1,"2":1,"3":1,"4":1},"f":{},"b":{},"_coverageSchema":"1a1c01bbd47fc00a2c39e90264f33305004495a9","hash":"31596af417bd4224690dff201bee6c40513e50d8"}
}
