TN:
SF:src\assets\svg\bigmac.svg
FNF:0
FNH:0
DA:1,1
LF:1
LH:1
BRF:0
BRH:0
end_of_record
TN:
SF:src\assets\svg\calories.svg
FNF:0
FNH:0
DA:1,2
LF:1
LH:1
BRF:0
BRH:0
end_of_record
TN:
SF:src\assets\svg\distance.svg
FNF:0
FNH:0
DA:1,1
LF:1
LH:1
BRF:0
BRH:0
end_of_record
TN:
SF:src\assets\svg\facebook.svg
FNF:0
FNH:0
DA:1,2
LF:1
LH:1
BRF:0
BRH:0
end_of_record
TN:
SF:src\assets\svg\google.svg
FNF:0
FNH:0
DA:1,2
LF:1
LH:1
BRF:0
BRH:0
end_of_record
TN:
SF:src\assets\svg\map-shoe.svg
FNF:0
FNH:0
DA:1,1
LF:1
LH:1
BRF:0
BRH:0
end_of_record
TN:
SF:src\assets\svg\time.svg
FNF:0
FNH:0
DA:1,1
LF:1
LH:1
BRF:0
BRH:0
end_of_record
TN:
SF:src\components\Entry\EntryButton.tsx
FN:18,EntryButton
FNF:1
FNH:1
FNDA:12,EntryButton
DA:22,12
DA:23,1
DA:24,11
DA:25,1
DA:29,12
DA:60,3
LF:6
LH:6
BRDA:18,0,0,2
BRDA:22,1,0,1
BRDA:22,1,1,11
BRDA:24,2,0,1
BRDA:24,2,1,10
BRF:5
BRH:5
end_of_record
TN:
SF:src\components\Entry\EntryInputField.tsx
FN:17,EntryInputField
FNF:1
FNH:1
FNDA:24,EntryInputField
DA:18,24
DA:48,3
LF:2
LH:2
BRDA:17,0,0,4
BRDA:17,1,0,23
BRF:2
BRH:2
end_of_record
TN:
SF:src\components\Main\Home\CalorieCounter.tsx
FN:12,CalorieCounter
FN:13,(anonymous_1)
FNF:2
FNH:2
FNDA:3,CalorieCounter
FNDA:3,(anonymous_1)
DA:13,3
DA:14,3
DA:17,3
DA:50,1
LF:4
LH:4
BRDA:12,0,0,2
BRF:1
BRH:1
end_of_record
TN:
SF:src\components\Main\Home\FillerModal.tsx
FN:10,FillerModal
FNF:1
FNH:1
FNDA:2,FillerModal
DA:11,2
DA:31,1
LF:2
LH:2
BRDA:10,0,0,1
BRF:1
BRH:1
end_of_record
TN:
SF:src\components\Main\Home\Stats.tsx
FN:14,Stats
FN:15,(anonymous_1)
FN:25,(anonymous_2)
FN:29,(anonymous_3)
FNF:4
FNH:4
FNDA:3,Stats
FNDA:3,(anonymous_1)
FNDA:3,(anonymous_2)
FNDA:3,(anonymous_3)
DA:15,3
DA:16,3
DA:17,0
DA:19,3
DA:20,3
DA:22,3
DA:25,3
DA:26,3
DA:29,3
DA:30,3
DA:35,3
DA:63,1
LF:12
LH:11
BRDA:14,0,0,2
BRDA:16,1,0,0
BRDA:16,1,1,3
BRF:3
BRH:2
end_of_record
TN:
SF:src\components\Main\Map\HotZoneDropdown.tsx
FN:22,(anonymous_0)
FN:28,(anonymous_1)
FN:46,(anonymous_2)
FNF:3
FNH:2
FNDA:3,(anonymous_0)
FNDA:0,(anonymous_1)
FNDA:6,(anonymous_2)
DA:22,1
DA:28,3
DA:30,0
DA:31,0
DA:33,0
DA:36,3
DA:47,6
DA:55,1
LF:8
LH:5
BRDA:30,0,0,0
BRDA:30,0,1,0
BRDA:30,1,0,0
BRDA:30,1,1,0
BRF:4
BRH:0
end_of_record
TN:
SF:src\components\Main\Map\HotZoneMap.tsx
FN:7,toRadians
FN:12,calculateDistance
FN:56,(anonymous_2)
FN:73,(anonymous_3)
FN:87,(anonymous_4)
FN:99,(anonymous_5)
FN:122,(anonymous_6)
FN:133,(anonymous_7)
FN:168,(anonymous_8)
FN:173,(anonymous_9)
FN:174,(anonymous_10)
FN:207,(anonymous_11)
FN:210,(anonymous_12)
FN:219,(anonymous_13)
FN:236,(anonymous_14)
FN:260,(anonymous_15)
FN:266,(anonymous_16)
FNF:17
FNH:2
FNDA:0,toRadians
FNDA:0,calculateDistance
FNDA:6,(anonymous_2)
FNDA:0,(anonymous_3)
FNDA:0,(anonymous_4)
FNDA:0,(anonymous_5)
FNDA:0,(anonymous_6)
FNDA:0,(anonymous_7)
FNDA:0,(anonymous_8)
FNDA:0,(anonymous_9)
FNDA:0,(anonymous_10)
FNDA:0,(anonymous_11)
FNDA:0,(anonymous_12)
FNDA:12,(anonymous_13)
FNDA:0,(anonymous_14)
FNDA:0,(anonymous_15)
FNDA:0,(anonymous_16)
DA:8,0
DA:13,0
DA:14,0
DA:15,0
DA:16,0
DA:17,0
DA:19,0
DA:22,0
DA:24,0
DA:27,1
DA:34,1
DA:39,1
DA:56,1
DA:57,6
DA:58,6
DA:64,6
DA:65,6
DA:66,6
DA:67,6
DA:68,6
DA:69,6
DA:70,6
DA:73,6
DA:75,0
DA:76,0
DA:82,0
DA:87,6
DA:88,0
DA:89,0
DA:99,6
DA:100,0
DA:101,0
DA:102,0
DA:105,0
DA:106,0
DA:109,0
DA:111,0
DA:118,0
DA:122,6
DA:123,0
DA:124,0
DA:129,0
DA:133,6
DA:134,0
DA:135,0
DA:136,0
DA:139,0
DA:140,0
DA:141,0
DA:142,0
DA:143,0
DA:144,0
DA:145,0
DA:147,0
DA:148,0
DA:149,0
DA:150,0
DA:154,0
DA:157,0
DA:161,0
DA:163,0
DA:164,0
DA:168,6
DA:169,0
DA:170,0
DA:173,6
DA:174,0
DA:175,0
DA:176,0
DA:177,0
DA:178,0
DA:179,0
DA:184,0
DA:190,0
DA:195,0
DA:199,6
DA:207,0
DA:210,0
DA:220,12
DA:236,0
DA:260,0
DA:266,0
DA:276,1
LF:83
LH:23
BRDA:56,0,0,0
BRDA:59,1,0,6
BRDA:59,1,1,0
BRDA:60,2,0,6
BRDA:60,2,1,0
BRDA:75,3,0,0
BRDA:75,3,1,0
BRDA:75,4,0,0
BRDA:75,4,1,0
BRDA:75,4,2,0
BRDA:88,5,0,0
BRDA:88,5,1,0
BRDA:88,6,0,0
BRDA:88,6,1,0
BRDA:88,6,2,0
BRDA:100,7,0,0
BRDA:100,7,1,0
BRDA:100,8,0,0
BRDA:100,8,1,0
BRDA:100,8,2,0
BRDA:123,9,0,0
BRDA:123,9,1,0
BRDA:123,10,0,0
BRDA:123,10,1,0
BRDA:123,10,2,0
BRDA:134,11,0,0
BRDA:134,11,1,0
BRDA:134,12,0,0
BRDA:134,12,1,0
BRDA:135,13,0,0
BRDA:135,13,1,0
BRDA:143,14,0,0
BRDA:143,14,1,0
BRDA:147,15,0,0
BRDA:147,15,1,0
BRDA:149,16,0,0
BRDA:149,16,1,0
BRDA:163,17,0,0
BRDA:163,17,1,0
BRDA:175,18,0,0
BRDA:175,18,1,0
BRDA:176,19,0,0
BRDA:176,19,1,0
BRDA:176,20,0,0
BRDA:176,20,1,0
BRDA:178,21,0,0
BRDA:178,21,1,0
BRDA:213,22,0,6
BRDA:213,22,1,6
BRDA:250,23,0,6
BRDA:250,23,1,0
BRF:51
BRH:5
end_of_record
TN:
SF:src\components\Main\Profile\PressableField.tsx
FN:11,PressableField
FNF:1
FNH:1
FNDA:2,PressableField
DA:12,2
DA:29,1
LF:2
LH:2
BRF:0
BRH:0
end_of_record
TN:
SF:src\components\Main\Store\StoreItem.tsx
FN:5,(anonymous_0)
FN:8,(anonymous_1)
FNF:2
FNH:2
FNDA:2,(anonymous_0)
FNDA:1,(anonymous_1)
DA:5,1
DA:6,2
DA:8,1
DA:16,1
LF:4
LH:4
BRF:0
BRH:0
end_of_record
TN:
SF:src\components\Main\Streaks\Streak.ts
FN:8,isStreakCompleted
FN:12,selectStreak
FNF:2
FNH:2
FNDA:9,isStreakCompleted
FNDA:3,selectStreak
DA:9,9
DA:13,3
DA:15,3
DA:16,6
DA:17,3
DA:19,3
DA:23,3
LF:7
LH:7
BRDA:16,0,0,3
BRDA:16,0,1,3
BRF:2
BRH:2
end_of_record
TN:
SF:src\components\Main\Streaks\StreakTypes.ts
FN:10,(anonymous_0)
FN:21,(anonymous_1)
FN:32,(anonymous_2)
FNF:3
FNH:3
FNDA:3,(anonymous_0)
FNDA:7,(anonymous_1)
FNDA:30,(anonymous_2)
DA:3,1
DA:5,1
DA:10,3
DA:21,7
DA:32,30
LF:5
LH:5
BRF:0
BRH:0
end_of_record
TN:
SF:src\components\Main\Streaks\StreakdateUtils.ts
FN:1,(anonymous_0)
FNF:1
FNH:1
FNDA:3,(anonymous_0)
DA:1,1
DA:2,3
DA:3,3
DA:4,3
DA:18,3
DA:19,3
DA:20,3
DA:21,0
DA:22,3
DA:23,0
DA:24,3
DA:25,0
DA:27,3
LF:13
LH:10
BRDA:20,0,0,0
BRDA:20,0,1,3
BRDA:20,1,0,3
BRDA:20,1,1,3
BRDA:20,1,2,3
BRDA:22,2,0,0
BRDA:22,2,1,3
BRDA:22,3,0,3
BRDA:22,3,1,3
BRDA:24,4,0,0
BRDA:24,4,1,3
BRDA:24,5,0,3
BRDA:24,5,1,3
BRF:13
BRH:10
end_of_record
TN:
SF:src\components\Main\WaterIntake\LogWaterIntake.tsx
FN:6,(anonymous_0)
FN:10,(anonymous_1)
FN:14,(anonymous_2)
FN:27,(anonymous_3)
FN:40,(anonymous_4)
FN:45,(anonymous_5)
FN:57,(anonymous_6)
FNF:7
FNH:2
FNDA:1,(anonymous_0)
FNDA:1,(anonymous_1)
FNDA:0,(anonymous_2)
FNDA:0,(anonymous_3)
FNDA:0,(anonymous_4)
FNDA:0,(anonymous_5)
FNDA:0,(anonymous_6)
DA:6,1
DA:7,1
DA:8,1
DA:10,1
DA:11,1
DA:14,1
DA:15,0
DA:16,0
DA:17,0
DA:18,0
DA:20,0
DA:21,0
DA:23,0
DA:27,1
DA:28,0
DA:29,0
DA:30,0
DA:31,0
DA:33,0
DA:34,0
DA:36,0
DA:40,1
DA:41,0
DA:42,0
DA:45,1
DA:46,0
DA:47,0
DA:50,1
DA:57,0
DA:82,1
LF:30
LH:11
BRDA:15,0,0,0
BRDA:15,0,1,0
BRDA:16,1,0,0
BRDA:16,1,1,0
BRDA:28,2,0,0
BRDA:28,2,1,0
BRDA:29,3,0,0
BRDA:29,3,1,0
BRF:8
BRH:0
end_of_record
TN:
SF:src\constants\Colors.ts
FNF:0
FNH:0
LF:0
LH:0
BRF:0
BRH:0
end_of_record
TN:
SF:src\constants\Enums.ts
FNF:0
FNH:0
LF:0
LH:0
BRF:0
BRH:0
end_of_record
TN:
SF:src\screens\Entry\Login.tsx
FN:12,Login
FN:20,(anonymous_1)
FN:38,(anonymous_2)
FN:45,(anonymous_3)
FN:54,(anonymous_4)
FN:63,(anonymous_5)
FN:68,(anonymous_6)
FNF:7
FNH:3
FNDA:3,Login
FNDA:0,(anonymous_1)
FNDA:1,(anonymous_2)
FNDA:1,(anonymous_3)
FNDA:0,(anonymous_4)
FNDA:0,(anonymous_5)
FNDA:0,(anonymous_6)
DA:13,3
DA:14,3
DA:15,3
DA:16,3
DA:18,3
DA:20,3
DA:21,0
DA:23,0
DA:24,0
DA:28,3
DA:38,1
DA:45,1
DA:54,0
DA:63,0
DA:68,0
DA:77,1
LF:16
LH:10
BRDA:23,0,0,0
BRDA:23,0,1,0
BRDA:32,1,0,0
BRDA:32,1,1,3
BRF:4
BRH:1
end_of_record
TN:
SF:src\screens\Entry\Register.tsx
FN:11,Entry
FN:18,(anonymous_1)
FN:40,(anonymous_2)
FN:47,(anonymous_3)
FN:54,(anonymous_4)
FN:59,(anonymous_5)
FNF:6
FNH:4
FNDA:7,Entry
FNDA:0,(anonymous_1)
FNDA:1,(anonymous_2)
FNDA:1,(anonymous_3)
FNDA:0,(anonymous_4)
FNDA:1,(anonymous_5)
DA:12,7
DA:13,7
DA:14,7
DA:15,7
DA:16,7
DA:18,7
DA:19,0
DA:20,0
DA:21,0
DA:24,0
DA:25,0
DA:30,7
DA:40,1
DA:47,1
DA:54,0
DA:59,1
DA:68,1
LF:17
LH:11
BRDA:20,0,0,0
BRDA:20,0,1,0
BRDA:34,1,0,0
BRDA:34,1,1,7
BRF:4
BRH:1
end_of_record
