TN:
SF:src\react-app-env.d.ts
FNF:0
FNH:0
LF:0
LH:0
BRF:0
BRH:0
end_of_record
TN:
SF:src\components\Entry\EntryButton.tsx
FN:17,EntryButton
FNF:1
FNH:0
FNDA:0,EntryButton
DA:28,0
DA:29,0
DA:30,0
DA:31,0
DA:34,0
DA:65,0
LF:6
LH:0
BRDA:21,0,0,0
BRDA:28,1,0,0
BRDA:28,1,1,0
BRDA:30,2,0,0
BRDA:30,2,1,0
BRF:5
BRH:0
end_of_record
TN:
SF:src\components\Entry\EntryInputField.tsx
FN:17,EntryInputField
FNF:1
FNH:0
FNDA:0,EntryInputField
DA:18,0
DA:48,0
LF:2
LH:0
BRDA:17,0,0,0
BRDA:17,1,0,0
BRF:2
BRH:0
end_of_record
TN:
SF:src\components\Main\Home\CalorieCounter.tsx
FN:12,CalorieCounter
FN:13,(anonymous_1)
FNF:2
FNH:0
FNDA:0,CalorieCounter
FNDA:0,(anonymous_1)
DA:13,0
DA:14,0
DA:17,0
DA:50,0
LF:4
LH:0
BRDA:12,0,0,0
BRF:1
BRH:0
end_of_record
TN:
SF:src\components\Main\Home\DistanceCounter.tsx
FN:12,DistanceCounter
FN:16,(anonymous_1)
FN:30,(anonymous_2)
FN:32,(anonymous_3)
FNF:4
FNH:0
FNDA:0,DistanceCounter
FNDA:0,(anonymous_1)
FNDA:0,(anonymous_2)
FNDA:0,(anonymous_3)
DA:13,0
DA:14,0
DA:16,0
DA:17,0
DA:18,0
DA:19,0
DA:21,0
DA:22,0
DA:23,0
DA:24,0
DA:26,0
DA:30,0
DA:31,0
DA:32,0
DA:33,0
DA:36,0
DA:201,0
LF:17
LH:0
BRDA:12,0,0,0
BRDA:18,1,0,0
BRDA:18,1,1,0
BRDA:21,2,0,0
BRDA:21,2,1,0
BRDA:23,3,0,0
BRDA:23,3,1,0
BRDA:61,4,0,0
BRDA:61,4,1,0
BRDA:72,5,0,0
BRDA:72,5,1,0
BRDA:83,6,0,0
BRDA:83,6,1,0
BRDA:94,7,0,0
BRDA:94,7,1,0
BRDA:105,8,0,0
BRDA:105,8,1,0
BRDA:116,9,0,0
BRDA:116,9,1,0
BRDA:127,10,0,0
BRDA:127,10,1,0
BRDA:138,11,0,0
BRDA:138,11,1,0
BRDA:149,12,0,0
BRDA:149,12,1,0
BRDA:160,13,0,0
BRDA:160,13,1,0
BRDA:171,14,0,0
BRDA:171,14,1,0
BRDA:182,15,0,0
BRDA:182,15,1,0
BRDA:194,16,0,0
BRDA:194,16,1,0
BRF:33
BRH:0
end_of_record
TN:
SF:src\components\Main\Home\FillerModal.tsx
FN:10,FillerModal
FNF:1
FNH:0
FNDA:0,FillerModal
DA:11,0
DA:31,0
LF:2
LH:0
BRDA:10,0,0,0
BRF:1
BRH:0
end_of_record
TN:
SF:src\components\Main\Home\Progress.tsx
FN:21,Progress
FN:29,(anonymous_1)
FN:37,(anonymous_2)
FN:46,(anonymous_3)
FNF:4
FNH:0
FNDA:0,Progress
FNDA:0,(anonymous_1)
FNDA:0,(anonymous_2)
FNDA:0,(anonymous_3)
DA:12,0
DA:13,0
DA:14,0
DA:15,0
DA:16,0
DA:17,0
DA:18,0
DA:19,0
DA:22,0
DA:23,0
DA:29,0
DA:30,0
DA:31,0
DA:32,0
DA:34,0
DA:37,0
DA:38,0
DA:39,0
DA:40,0
DA:41,0
DA:43,0
DA:46,0
DA:47,0
DA:49,0
DA:50,0
DA:51,0
DA:52,0
DA:55,0
DA:56,0
DA:59,0
DA:63,0
DA:64,0
DA:66,0
DA:277,0
LF:34
LH:0
BRDA:21,0,0,0
BRDA:31,1,0,0
BRDA:31,1,1,0
BRDA:40,2,0,0
BRDA:40,2,1,0
BRDA:47,3,0,0
BRDA:47,3,1,0
BRDA:51,4,0,0
BRDA:51,4,1,0
BRDA:55,5,0,0
BRDA:55,5,1,0
BRF:11
BRH:0
end_of_record
TN:
SF:src\components\Main\Home\Stats.tsx
FN:14,Stats
FN:15,(anonymous_1)
FN:25,(anonymous_2)
FN:29,(anonymous_3)
FNF:4
FNH:0
FNDA:0,Stats
FNDA:0,(anonymous_1)
FNDA:0,(anonymous_2)
FNDA:0,(anonymous_3)
DA:15,0
DA:16,0
DA:17,0
DA:19,0
DA:20,0
DA:22,0
DA:25,0
DA:26,0
DA:29,0
DA:30,0
DA:35,0
DA:63,0
LF:12
LH:0
BRDA:14,0,0,0
BRDA:16,1,0,0
BRDA:16,1,1,0
BRF:3
BRH:0
end_of_record
TN:
SF:src\components\Main\Home\StepsCounter.tsx
FN:13,Normalize
FN:27,StepsCounter
FN:63,(anonymous_2)
FNF:3
FNH:0
FNDA:0,Normalize
FNDA:0,StepsCounter
FNDA:0,(anonymous_2)
DA:16,0
DA:17,0
DA:18,0
DA:19,0
DA:21,0
DA:24,0
DA:29,0
DA:64,0
DA:89,0
LF:9
LH:0
BRDA:16,0,0,0
BRDA:16,0,1,0
BRDA:18,1,0,0
BRDA:18,1,1,0
BRDA:27,2,0,0
BRF:5
BRH:0
end_of_record
TN:
SF:src\components\Main\Home\WaterCounter.tsx
FN:14,(anonymous_0)
FN:22,WaterCounter
FN:27,(anonymous_2)
FN:32,(anonymous_3)
FN:36,(anonymous_4)
FN:84,(anonymous_5)
FN:88,(anonymous_6)
FNF:7
FNH:0
FNDA:0,(anonymous_0)
FNDA:0,WaterCounter
FNDA:0,(anonymous_2)
FNDA:0,(anonymous_3)
FNDA:0,(anonymous_4)
FNDA:0,(anonymous_5)
FNDA:0,(anonymous_6)
DA:14,0
DA:15,0
DA:16,0
DA:18,0
DA:19,0
DA:23,0
DA:24,0
DA:25,0
DA:27,0
DA:28,0
DA:29,0
DA:32,0
DA:33,0
DA:36,0
DA:37,0
DA:38,0
DA:39,0
DA:42,0
DA:44,0
DA:85,0
DA:88,0
DA:102,0
LF:22
LH:0
BRDA:15,0,0,0
BRDA:15,0,1,0
BRDA:19,1,0,0
BRDA:19,1,1,0
BRDA:22,2,0,0
BRF:5
BRH:0
end_of_record
TN:
SF:src\components\Main\Map\HotZoneDropdown.tsx
FN:22,(anonymous_0)
FN:28,(anonymous_1)
FN:46,(anonymous_2)
FNF:3
FNH:0
FNDA:0,(anonymous_0)
FNDA:0,(anonymous_1)
FNDA:0,(anonymous_2)
DA:22,0
DA:28,0
DA:30,0
DA:31,0
DA:33,0
DA:36,0
DA:47,0
DA:55,0
LF:8
LH:0
BRDA:30,0,0,0
BRDA:30,0,1,0
BRDA:30,1,0,0
BRDA:30,1,1,0
BRF:4
BRH:0
end_of_record
TN:
SF:src\components\Main\Map\HotZoneMap.tsx
FN:7,toRadians
FN:12,calculateDistance
FN:56,(anonymous_2)
FN:73,(anonymous_3)
FN:87,(anonymous_4)
FN:99,(anonymous_5)
FN:122,(anonymous_6)
FN:133,(anonymous_7)
FN:168,(anonymous_8)
FN:173,(anonymous_9)
FN:174,(anonymous_10)
FN:207,(anonymous_11)
FN:210,(anonymous_12)
FN:219,(anonymous_13)
FN:236,(anonymous_14)
FN:260,(anonymous_15)
FN:266,(anonymous_16)
FNF:17
FNH:0
FNDA:0,toRadians
FNDA:0,calculateDistance
FNDA:0,(anonymous_2)
FNDA:0,(anonymous_3)
FNDA:0,(anonymous_4)
FNDA:0,(anonymous_5)
FNDA:0,(anonymous_6)
FNDA:0,(anonymous_7)
FNDA:0,(anonymous_8)
FNDA:0,(anonymous_9)
FNDA:0,(anonymous_10)
FNDA:0,(anonymous_11)
FNDA:0,(anonymous_12)
FNDA:0,(anonymous_13)
FNDA:0,(anonymous_14)
FNDA:0,(anonymous_15)
FNDA:0,(anonymous_16)
DA:8,0
DA:13,0
DA:14,0
DA:15,0
DA:16,0
DA:17,0
DA:19,0
DA:22,0
DA:24,0
DA:27,0
DA:34,0
DA:39,0
DA:56,0
DA:57,0
DA:58,0
DA:64,0
DA:65,0
DA:66,0
DA:67,0
DA:68,0
DA:69,0
DA:70,0
DA:73,0
DA:75,0
DA:76,0
DA:82,0
DA:87,0
DA:88,0
DA:89,0
DA:99,0
DA:100,0
DA:101,0
DA:102,0
DA:105,0
DA:106,0
DA:109,0
DA:111,0
DA:118,0
DA:122,0
DA:123,0
DA:124,0
DA:129,0
DA:133,0
DA:134,0
DA:135,0
DA:136,0
DA:139,0
DA:140,0
DA:141,0
DA:142,0
DA:143,0
DA:144,0
DA:145,0
DA:147,0
DA:148,0
DA:149,0
DA:150,0
DA:154,0
DA:157,0
DA:161,0
DA:163,0
DA:164,0
DA:168,0
DA:169,0
DA:170,0
DA:173,0
DA:174,0
DA:175,0
DA:176,0
DA:177,0
DA:178,0
DA:179,0
DA:184,0
DA:190,0
DA:195,0
DA:199,0
DA:207,0
DA:210,0
DA:220,0
DA:236,0
DA:260,0
DA:266,0
DA:276,0
LF:83
LH:0
BRDA:56,0,0,0
BRDA:59,1,0,0
BRDA:59,1,1,0
BRDA:60,2,0,0
BRDA:60,2,1,0
BRDA:75,3,0,0
BRDA:75,3,1,0
BRDA:75,4,0,0
BRDA:75,4,1,0
BRDA:75,4,2,0
BRDA:88,5,0,0
BRDA:88,5,1,0
BRDA:88,6,0,0
BRDA:88,6,1,0
BRDA:88,6,2,0
BRDA:100,7,0,0
BRDA:100,7,1,0
BRDA:100,8,0,0
BRDA:100,8,1,0
BRDA:100,8,2,0
BRDA:123,9,0,0
BRDA:123,9,1,0
BRDA:123,10,0,0
BRDA:123,10,1,0
BRDA:123,10,2,0
BRDA:134,11,0,0
BRDA:134,11,1,0
BRDA:134,12,0,0
BRDA:134,12,1,0
BRDA:135,13,0,0
BRDA:135,13,1,0
BRDA:143,14,0,0
BRDA:143,14,1,0
BRDA:147,15,0,0
BRDA:147,15,1,0
BRDA:149,16,0,0
BRDA:149,16,1,0
BRDA:163,17,0,0
BRDA:163,17,1,0
BRDA:175,18,0,0
BRDA:175,18,1,0
BRDA:176,19,0,0
BRDA:176,19,1,0
BRDA:176,20,0,0
BRDA:176,20,1,0
BRDA:178,21,0,0
BRDA:178,21,1,0
BRDA:213,22,0,0
BRDA:213,22,1,0
BRDA:250,23,0,0
BRDA:250,23,1,0
BRF:51
BRH:0
end_of_record
TN:
SF:src\components\Main\Profile\PressableField.tsx
FN:11,PressableField
FNF:1
FNH:0
FNDA:0,PressableField
DA:12,0
DA:29,0
LF:2
LH:0
BRF:0
BRH:0
end_of_record
TN:
SF:src\components\Main\Store\PrizeDropdown.tsx
FN:8,(anonymous_0)
FN:15,(anonymous_1)
FN:24,(anonymous_2)
FN:36,(anonymous_3)
FN:59,(anonymous_4)
FN:68,(anonymous_5)
FN:74,(anonymous_6)
FN:127,(anonymous_7)
FN:152,(anonymous_8)
FNF:9
FNH:0
FNDA:0,(anonymous_0)
FNDA:0,(anonymous_1)
FNDA:0,(anonymous_2)
FNDA:0,(anonymous_3)
FNDA:0,(anonymous_4)
FNDA:0,(anonymous_5)
FNDA:0,(anonymous_6)
FNDA:0,(anonymous_7)
FNDA:0,(anonymous_8)
DA:8,0
DA:9,0
DA:10,0
DA:11,0
DA:12,0
DA:13,0
DA:15,0
DA:16,0
DA:17,0
DA:18,0
DA:19,0
DA:24,0
DA:25,0
DA:26,0
DA:27,0
DA:28,0
DA:29,0
DA:31,0
DA:32,0
DA:36,0
DA:37,0
DA:38,0
DA:39,0
DA:40,0
DA:42,0
DA:44,0
DA:45,0
DA:46,0
DA:48,0
DA:49,0
DA:50,0
DA:51,0
DA:56,0
DA:59,0
DA:60,0
DA:61,0
DA:63,0
DA:68,0
DA:74,0
DA:75,0
DA:76,0
DA:77,0
DA:78,0
DA:80,0
DA:82,0
DA:83,0
DA:84,0
DA:85,0
DA:86,0
DA:89,0
DA:90,0
DA:92,0
DA:93,0
DA:94,0
DA:95,0
DA:96,0
DA:99,0
DA:100,0
DA:101,0
DA:103,0
DA:104,0
DA:106,0
DA:111,0
DA:112,0
DA:114,0
DA:116,0
DA:118,0
DA:119,0
DA:120,0
DA:124,0
DA:127,0
DA:153,0
DA:154,0
DA:156,0
DA:177,0
LF:75
LH:0
BRDA:16,0,0,0
BRDA:16,0,1,0
BRDA:18,1,0,0
BRDA:18,1,1,0
BRDA:44,2,0,0
BRDA:44,2,1,0
BRDA:49,3,0,0
BRDA:49,3,1,0
BRDA:60,4,0,0
BRDA:60,4,1,0
BRDA:84,5,0,0
BRDA:84,5,1,0
BRDA:94,6,0,0
BRDA:94,6,1,0
BRDA:130,7,0,0
BRDA:130,7,1,0
BRDA:134,8,0,0
BRDA:134,8,1,0
BRDA:137,9,0,0
BRDA:137,9,1,0
BRDA:140,10,0,0
BRDA:140,10,1,0
BRDA:148,11,0,0
BRDA:148,11,1,0
BRDA:153,12,0,0
BRDA:153,12,1,0
BRDA:161,13,0,0
BRDA:161,13,1,0
BRDA:161,14,0,0
BRDA:161,14,1,0
BRDA:163,15,0,0
BRDA:163,15,1,0
BRDA:163,15,2,0
BRDA:166,16,0,0
BRDA:166,16,1,0
BRF:35
BRH:0
end_of_record
TN:
SF:src\components\Main\Store\StoreItem.tsx
FN:5,(anonymous_0)
FN:8,(anonymous_1)
FNF:2
FNH:0
FNDA:0,(anonymous_0)
FNDA:0,(anonymous_1)
DA:5,0
DA:6,0
DA:8,0
DA:16,0
LF:4
LH:0
BRF:0
BRH:0
end_of_record
TN:
SF:src\components\Main\Store\StoreModal.tsx
FN:6,(anonymous_0)
FN:9,(anonymous_1)
FN:34,(anonymous_2)
FNF:3
FNH:0
FNDA:0,(anonymous_0)
FNDA:0,(anonymous_1)
FNDA:0,(anonymous_2)
DA:6,0
DA:7,0
DA:9,0
DA:10,0
DA:13,0
DA:15,0
DA:35,0
DA:53,0
LF:8
LH:0
BRDA:10,0,0,0
BRDA:10,0,1,0
BRDA:13,1,0,0
BRDA:13,1,1,0
BRF:4
BRH:0
end_of_record
TN:
SF:src\components\Main\Store\Stores.tsx
FN:12,Stores
FN:17,(anonymous_1)
FN:18,(anonymous_2)
FN:21,(anonymous_3)
FN:32,(anonymous_4)
FN:34,(anonymous_5)
FN:42,(anonymous_6)
FN:48,(anonymous_7)
FN:60,(anonymous_8)
FN:67,(anonymous_9)
FNF:10
FNH:0
FNDA:0,Stores
FNDA:0,(anonymous_1)
FNDA:0,(anonymous_2)
FNDA:0,(anonymous_3)
FNDA:0,(anonymous_4)
FNDA:0,(anonymous_5)
FNDA:0,(anonymous_6)
FNDA:0,(anonymous_7)
FNDA:0,(anonymous_8)
FNDA:0,(anonymous_9)
DA:10,0
DA:13,0
DA:14,0
DA:15,0
DA:17,0
DA:18,0
DA:19,0
DA:20,0
DA:21,0
DA:22,0
DA:23,0
DA:25,0
DA:26,0
DA:29,0
DA:32,0
DA:33,0
DA:34,0
DA:35,0
DA:36,0
DA:37,0
DA:39,0
DA:42,0
DA:43,0
DA:44,0
DA:45,0
DA:46,0
DA:47,0
DA:48,0
DA:51,0
DA:52,0
DA:54,0
DA:58,0
DA:61,0
DA:67,0
LF:34
LH:0
BRDA:23,0,0,0
BRDA:23,0,1,0
BRDA:63,1,0,0
BRDA:63,1,1,0
BRF:4
BRH:0
end_of_record
TN:
SF:src\components\Main\Streaks\Streak.ts
FN:8,isStreakCompleted
FN:12,selectStreak
FNF:2
FNH:0
FNDA:0,isStreakCompleted
FNDA:0,selectStreak
DA:9,0
DA:13,0
DA:15,0
DA:16,0
DA:17,0
DA:19,0
DA:23,0
LF:7
LH:0
BRDA:16,0,0,0
BRDA:16,0,1,0
BRF:2
BRH:0
end_of_record
TN:
SF:src\components\Main\Streaks\StreakTypes.ts
FN:10,(anonymous_0)
FN:21,(anonymous_1)
FN:32,(anonymous_2)
FNF:3
FNH:0
FNDA:0,(anonymous_0)
FNDA:0,(anonymous_1)
FNDA:0,(anonymous_2)
DA:3,0
DA:5,0
DA:10,0
DA:21,0
DA:32,0
LF:5
LH:0
BRF:0
BRH:0
end_of_record
TN:
SF:src\components\Main\Streaks\StreakUtils.ts
FN:6,(anonymous_0)
FN:14,(anonymous_1)
FN:43,(anonymous_2)
FN:56,(anonymous_3)
FN:73,(anonymous_4)
FN:96,(anonymous_5)
FN:112,(anonymous_6)
FNF:7
FNH:0
FNDA:0,(anonymous_0)
FNDA:0,(anonymous_1)
FNDA:0,(anonymous_2)
FNDA:0,(anonymous_3)
FNDA:0,(anonymous_4)
FNDA:0,(anonymous_5)
FNDA:0,(anonymous_6)
DA:6,0
DA:7,0
DA:8,0
DA:9,0
DA:11,0
DA:14,0
DA:15,0
DA:16,0
DA:17,0
DA:18,0
DA:19,0
DA:21,0
DA:22,0
DA:23,0
DA:24,0
DA:25,0
DA:27,0
DA:28,0
DA:29,0
DA:30,0
DA:31,0
DA:32,0
DA:34,0
DA:38,0
DA:39,0
DA:41,0
DA:42,0
DA:43,0
DA:44,0
DA:45,0
DA:46,0
DA:47,0
DA:51,0
DA:52,0
DA:53,0
DA:54,0
DA:56,0
DA:57,0
DA:58,0
DA:59,0
DA:65,0
DA:68,0
DA:73,0
DA:74,0
DA:75,0
DA:76,0
DA:77,0
DA:78,0
DA:79,0
DA:80,0
DA:81,0
DA:82,0
DA:83,0
DA:84,0
DA:86,0
DA:87,0
DA:88,0
DA:89,0
DA:92,0
DA:96,0
DA:97,0
DA:98,0
DA:99,0
DA:100,0
DA:101,0
DA:102,0
DA:103,0
DA:104,0
DA:105,0
DA:107,0
DA:108,0
DA:112,0
DA:113,0
DA:114,0
DA:115,0
DA:116,0
DA:117,0
DA:118,0
DA:120,0
DA:121,0
LF:80
LH:0
BRDA:15,0,0,0
BRDA:15,0,1,0
BRDA:21,1,0,0
BRDA:21,1,1,0
BRDA:31,2,0,0
BRDA:31,2,1,0
BRDA:41,3,0,0
BRDA:41,3,1,0
BRDA:42,4,0,0
BRDA:42,4,1,0
BRDA:43,5,0,0
BRDA:43,5,1,0
BRDA:44,6,0,0
BRDA:44,6,1,0
BRDA:51,7,0,0
BRDA:51,7,1,0
BRDA:56,8,0,0
BRDA:56,8,1,0
BRDA:56,9,0,0
BRDA:56,9,1,0
BRDA:56,10,0,0
BRDA:56,10,1,0
BRDA:74,11,0,0
BRDA:74,11,1,0
BRDA:79,12,0,0
BRDA:79,12,1,0
BRF:26
BRH:0
end_of_record
TN:
SF:src\components\Main\Streaks\StreakdateUtils.ts
FN:1,(anonymous_0)
FNF:1
FNH:0
FNDA:0,(anonymous_0)
DA:1,0
DA:2,0
DA:3,0
DA:4,0
DA:18,0
DA:19,0
DA:20,0
DA:21,0
DA:22,0
DA:23,0
DA:24,0
DA:25,0
DA:27,0
LF:13
LH:0
BRDA:20,0,0,0
BRDA:20,0,1,0
BRDA:20,1,0,0
BRDA:20,1,1,0
BRDA:20,1,2,0
BRDA:22,2,0,0
BRDA:22,2,1,0
BRDA:22,3,0,0
BRDA:22,3,1,0
BRDA:24,4,0,0
BRDA:24,4,1,0
BRDA:24,5,0,0
BRDA:24,5,1,0
BRF:13
BRH:0
end_of_record
TN:
SF:src\components\Main\WaterIntake\LogWaterIntake.tsx
FN:6,(anonymous_0)
FN:10,(anonymous_1)
FN:14,(anonymous_2)
FN:27,(anonymous_3)
FN:40,(anonymous_4)
FN:45,(anonymous_5)
FN:57,(anonymous_6)
FNF:7
FNH:0
FNDA:0,(anonymous_0)
FNDA:0,(anonymous_1)
FNDA:0,(anonymous_2)
FNDA:0,(anonymous_3)
FNDA:0,(anonymous_4)
FNDA:0,(anonymous_5)
FNDA:0,(anonymous_6)
DA:6,0
DA:7,0
DA:8,0
DA:10,0
DA:11,0
DA:14,0
DA:15,0
DA:16,0
DA:17,0
DA:18,0
DA:20,0
DA:21,0
DA:23,0
DA:27,0
DA:28,0
DA:29,0
DA:30,0
DA:31,0
DA:33,0
DA:34,0
DA:36,0
DA:40,0
DA:41,0
DA:42,0
DA:45,0
DA:46,0
DA:47,0
DA:50,0
DA:57,0
DA:82,0
LF:30
LH:0
BRDA:15,0,0,0
BRDA:15,0,1,0
BRDA:16,1,0,0
BRDA:16,1,1,0
BRDA:28,2,0,0
BRDA:28,2,1,0
BRDA:29,3,0,0
BRDA:29,3,1,0
BRF:8
BRH:0
end_of_record
TN:
SF:src\components\Main\WaterIntake\WaterIntakeMetrics.tsx
FN:10,(anonymous_0)
FN:16,(anonymous_1)
FN:39,(anonymous_2)
FN:51,(anonymous_3)
FN:61,(anonymous_4)
FN:71,(anonymous_5)
FN:80,(anonymous_6)
FN:90,(anonymous_7)
FN:100,(anonymous_8)
FN:103,(anonymous_9)
FN:106,(anonymous_10)
FNF:11
FNH:0
FNDA:0,(anonymous_0)
FNDA:0,(anonymous_1)
FNDA:0,(anonymous_2)
FNDA:0,(anonymous_3)
FNDA:0,(anonymous_4)
FNDA:0,(anonymous_5)
FNDA:0,(anonymous_6)
FNDA:0,(anonymous_7)
FNDA:0,(anonymous_8)
FNDA:0,(anonymous_9)
FNDA:0,(anonymous_10)
DA:8,0
DA:10,0
DA:11,0
DA:12,0
DA:13,0
DA:16,0
DA:17,0
DA:18,0
DA:19,0
DA:23,0
DA:24,0
DA:25,0
DA:26,0
DA:27,0
DA:28,0
DA:30,0
DA:31,0
DA:34,0
DA:35,0
DA:38,0
DA:39,0
DA:40,0
DA:41,0
DA:45,0
DA:46,0
DA:47,0
DA:51,0
DA:52,0
DA:53,0
DA:54,0
DA:58,0
DA:59,0
DA:60,0
DA:61,0
DA:62,0
DA:63,0
DA:64,0
DA:69,0
DA:70,0
DA:71,0
DA:72,0
DA:73,0
DA:74,0
DA:76,0
DA:77,0
DA:80,0
DA:81,0
DA:82,0
DA:86,0
DA:87,0
DA:90,0
DA:91,0
DA:94,0
DA:95,0
DA:97,0
DA:100,0
DA:103,0
DA:106,0
DA:141,0
LF:59
LH:0
BRDA:23,0,0,0
BRDA:23,0,1,0
BRDA:26,1,0,0
BRDA:26,1,1,0
BRDA:41,2,0,0
BRDA:41,2,1,0
BRDA:53,3,0,0
BRDA:53,3,1,0
BRDA:59,4,0,0
BRDA:59,4,1,0
BRDA:70,5,0,0
BRDA:70,5,1,0
BRDA:73,6,0,0
BRDA:73,6,1,0
BRDA:95,7,0,0
BRDA:95,7,1,0
BRDA:100,8,0,0
BRDA:100,8,1,0
BRDA:103,9,0,0
BRDA:103,9,1,0
BRDA:106,10,0,0
BRDA:106,10,1,0
BRDA:110,11,0,0
BRDA:110,11,1,0
BRF:24
BRH:0
end_of_record
TN:
SF:src\constants\Colors.ts
FNF:0
FNH:0
LF:0
LH:0
BRF:0
BRH:0
end_of_record
TN:
SF:src\constants\DarkMode.ts
FN:3,(anonymous_0)
FNF:1
FNH:0
FNDA:0,(anonymous_0)
DA:3,0
DA:4,0
DA:5,0
DA:6,0
DA:7,0
DA:9,0
DA:11,0
DA:12,0
LF:8
LH:0
BRDA:6,0,0,0
BRDA:6,0,1,0
BRF:2
BRH:0
end_of_record
TN:
SF:src\constants\Enums.ts
FNF:0
FNH:0
LF:0
LH:0
BRF:0
BRH:0
end_of_record
TN:
SF:src\hooks\getMissionComplete.tsx
FN:15,(anonymous_0)
FN:36,(anonymous_1)
FN:51,(anonymous_2)
FN:76,(anonymous_3)
FNF:4
FNH:0
FNDA:0,(anonymous_0)
FNDA:0,(anonymous_1)
FNDA:0,(anonymous_2)
FNDA:0,(anonymous_3)
DA:13,0
DA:15,0
DA:16,0
DA:17,0
DA:18,0
DA:19,0
DA:20,0
DA:24,0
DA:25,0
DA:26,0
DA:27,0
DA:29,0
DA:30,0
DA:35,0
DA:36,0
DA:37,0
DA:38,0
DA:42,0
DA:47,0
DA:51,0
DA:52,0
DA:53,0
DA:54,0
DA:55,0
DA:56,0
DA:61,0
DA:62,0
DA:63,0
DA:66,0
DA:68,0
DA:69,0
DA:70,0
DA:75,0
DA:76,0
DA:77,0
DA:78,0
DA:81,0
DA:86,0
LF:38
LH:0
BRDA:18,0,0,0
BRDA:18,0,1,0
BRDA:25,1,0,0
BRDA:25,1,1,0
BRDA:54,2,0,0
BRDA:54,2,1,0
BRDA:62,3,0,0
BRDA:62,3,1,0
BRF:8
BRH:0
end_of_record
TN:
SF:src\hooks\useAuth.tsx
FN:34,(anonymous_0)
FN:38,(anonymous_1)
FN:42,(anonymous_2)
FN:48,(anonymous_3)
FN:60,(anonymous_4)
FN:72,(anonymous_5)
FN:81,(anonymous_6)
FN:90,(anonymous_7)
FNF:8
FNH:0
FNDA:0,(anonymous_0)
FNDA:0,(anonymous_1)
FNDA:0,(anonymous_2)
FNDA:0,(anonymous_3)
FNDA:0,(anonymous_4)
FNDA:0,(anonymous_5)
FNDA:0,(anonymous_6)
FNDA:0,(anonymous_7)
DA:32,0
DA:34,0
DA:35,0
DA:38,0
DA:39,0
DA:40,0
DA:42,0
DA:43,0
DA:44,0
DA:48,0
DA:49,0
DA:50,0
DA:51,0
DA:52,0
DA:53,0
DA:55,0
DA:56,0
DA:60,0
DA:61,0
DA:62,0
DA:63,0
DA:64,0
DA:65,0
DA:67,0
DA:68,0
DA:72,0
DA:73,0
DA:74,0
DA:75,0
DA:77,0
DA:81,0
DA:82,0
DA:83,0
DA:85,0
DA:86,0
DA:90,0
DA:91,0
DA:92,0
DA:94,0
DA:95,0
DA:99,0
LF:41
LH:0
BRDA:43,0,0,0
BRDA:43,0,1,0
BRDA:43,1,0,0
BRDA:43,1,1,0
BRF:4
BRH:0
end_of_record
TN:
SF:src\hooks\useDarkModeToggle.tsx
FN:4,(anonymous_0)
FN:7,(anonymous_1)
FN:8,(anonymous_2)
FN:15,(anonymous_3)
FN:20,(anonymous_4)
FNF:5
FNH:0
FNDA:0,(anonymous_0)
FNDA:0,(anonymous_1)
FNDA:0,(anonymous_2)
FNDA:0,(anonymous_3)
FNDA:0,(anonymous_4)
DA:4,0
DA:5,0
DA:7,0
DA:8,0
DA:9,0
DA:10,0
DA:13,0
DA:15,0
DA:16,0
DA:17,0
DA:20,0
DA:23,0
LF:12
LH:0
BRF:0
BRH:0
end_of_record
TN:
SF:src\hooks\useUser.tsx
FN:39,(anonymous_0)
FN:43,(anonymous_1)
FN:61,(anonymous_2)
FN:62,(anonymous_3)
FN:76,(anonymous_4)
FN:81,(anonymous_5)
FN:89,(anonymous_6)
FN:98,(anonymous_7)
FN:115,(anonymous_8)
FN:149,(anonymous_9)
FN:167,(anonymous_10)
FN:178,(anonymous_11)
FN:187,(anonymous_12)
FN:191,(anonymous_13)
FN:195,(anonymous_14)
FN:219,(anonymous_15)
FN:220,(anonymous_16)
FN:241,(anonymous_17)
FN:253,(anonymous_18)
FN:254,(anonymous_19)
FN:267,(anonymous_20)
FN:280,(anonymous_21)
FN:293,(anonymous_22)
FN:297,(anonymous_23)
FN:315,(anonymous_24)
FNF:25
FNH:10
FNDA:4,(anonymous_0)
FNDA:4,(anonymous_1)
FNDA:1,(anonymous_2)
FNDA:1,(anonymous_3)
FNDA:1,(anonymous_4)
FNDA:2,(anonymous_5)
FNDA:2,(anonymous_6)
FNDA:1,(anonymous_7)
FNDA:1,(anonymous_8)
FNDA:1,(anonymous_9)
FNDA:0,(anonymous_10)
FNDA:0,(anonymous_11)
FNDA:0,(anonymous_12)
FNDA:0,(anonymous_13)
FNDA:0,(anonymous_14)
FNDA:0,(anonymous_15)
FNDA:0,(anonymous_16)
FNDA:0,(anonymous_17)
FNDA:0,(anonymous_18)
FNDA:0,(anonymous_19)
FNDA:0,(anonymous_20)
FNDA:0,(anonymous_21)
FNDA:0,(anonymous_22)
FNDA:0,(anonymous_23)
FNDA:0,(anonymous_24)
DA:37,1
DA:39,1
DA:40,4
DA:43,1
DA:44,4
DA:45,4
DA:46,4
DA:47,4
DA:48,4
DA:49,4
DA:50,4
DA:51,4
DA:52,4
DA:53,4
DA:54,4
DA:55,4
DA:56,4
DA:57,4
DA:59,4
DA:61,4
DA:62,1
DA:63,1
DA:65,1
DA:66,1
DA:67,1
DA:68,1
DA:69,1
DA:70,1
DA:73,1
DA:75,1
DA:76,1
DA:77,1
DA:81,4
DA:82,2
DA:83,1
DA:85,1
DA:89,4
DA:90,2
DA:91,1
DA:92,1
DA:93,1
DA:94,1
DA:98,4
DA:99,1
DA:100,1
DA:102,1
DA:103,1
DA:113,1
DA:115,1
DA:116,1
DA:117,1
DA:118,1
DA:119,1
DA:120,1
DA:121,1
DA:122,1
DA:123,1
DA:124,1
DA:125,1
DA:127,1
DA:128,0
DA:129,0
DA:130,0
DA:131,0
DA:132,0
DA:134,0
DA:136,0
DA:139,0
DA:140,0
DA:141,0
DA:142,0
DA:143,0
DA:145,0
DA:148,0
DA:150,1
DA:154,1
DA:155,0
DA:167,0
DA:168,0
DA:169,0
DA:171,0
DA:172,0
DA:174,0
DA:175,0
DA:177,0
DA:179,0
DA:183,1
DA:187,4
DA:188,0
DA:191,4
DA:192,0
DA:195,4
DA:196,0
DA:197,0
DA:198,0
DA:200,0
DA:205,0
DA:206,0
DA:211,0
DA:218,0
DA:219,0
DA:222,0
DA:223,0
DA:224,0
DA:226,0
DA:227,0
DA:228,0
DA:230,0
DA:232,0
DA:237,0
DA:241,4
DA:242,0
DA:243,0
DA:244,0
DA:245,0
DA:247,0
DA:252,0
DA:253,0
DA:255,0
DA:256,0
DA:257,0
DA:258,0
DA:263,0
DA:267,4
DA:268,0
DA:269,0
DA:271,0
DA:272,0
DA:273,0
DA:277,0
DA:280,4
DA:281,0
DA:282,0
DA:283,0
DA:284,0
DA:286,0
DA:289,0
DA:293,4
DA:294,0
DA:295,0
DA:296,0
DA:298,0
DA:299,0
DA:300,0
DA:302,0
DA:303,0
DA:304,0
DA:306,0
DA:307,0
DA:308,0
DA:310,0
DA:311,0
DA:312,0
DA:316,0
DA:321,4
LF:155
LH:71
BRDA:65,0,0,1
BRDA:65,0,1,0
BRDA:67,1,0,1
BRDA:67,1,1,0
BRDA:69,2,0,1
BRDA:69,2,1,0
BRDA:82,3,0,1
BRDA:82,3,1,1
BRDA:90,4,0,1
BRDA:90,4,1,1
BRDA:99,5,0,1
BRDA:99,5,1,0
BRDA:116,6,0,1
BRDA:116,6,1,0
BRDA:127,7,0,0
BRDA:127,7,1,0
BRDA:131,8,0,0
BRDA:131,8,1,0
BRDA:154,9,0,0
BRDA:154,9,1,1
BRDA:154,10,0,1
BRDA:154,10,1,1
BRDA:159,11,0,0
BRDA:159,11,1,0
BRDA:161,12,0,0
BRDA:161,12,1,0
BRDA:162,13,0,0
BRDA:162,13,1,0
BRDA:163,14,0,0
BRDA:163,14,1,0
BRDA:164,15,0,0
BRDA:164,15,1,0
BRDA:177,16,0,0
BRDA:177,16,1,0
BRDA:196,17,0,0
BRDA:196,17,1,0
BRDA:197,18,0,0
BRDA:197,18,1,0
BRDA:197,19,0,0
BRDA:197,19,1,0
BRDA:205,20,0,0
BRDA:205,20,1,0
BRDA:242,21,0,0
BRDA:242,21,1,0
BRDA:244,22,0,0
BRDA:244,22,1,0
BRDA:271,23,0,0
BRDA:271,23,1,0
BRDA:281,24,0,0
BRDA:281,24,1,0
BRDA:281,25,0,0
BRDA:281,25,1,0
BRDA:294,26,0,0
BRDA:294,26,1,0
BRDA:298,27,0,0
BRDA:298,27,1,0
BRDA:302,28,0,0
BRDA:302,28,1,0
BRDA:306,29,0,0
BRDA:306,29,1,0
BRDA:310,30,0,0
BRDA:310,30,1,0
BRF:62
BRH:12
end_of_record
TN:
SF:src\navigations\AppNavigation.tsx
FN:12,Navigation
FNF:1
FNH:0
FNDA:0,Navigation
DA:10,0
DA:13,0
DA:14,0
DA:16,0
LF:4
LH:0
BRDA:18,0,0,0
BRDA:18,0,1,0
BRDA:18,1,0,0
BRDA:18,1,1,0
BRF:4
BRH:0
end_of_record
TN:
SF:src\navigations\EntryNavigation.tsx
FN:11,Navigation
FNF:1
FNH:0
FNDA:0,Navigation
DA:9,0
DA:13,0
LF:2
LH:0
BRF:0
BRH:0
end_of_record
TN:
SF:src\navigations\MainNavigation.tsx
FN:22,HomeStack
FN:31,Navigation
FN:35,(anonymous_2)
FN:57,(anonymous_3)
FNF:4
FNH:0
FNDA:0,HomeStack
FNDA:0,Navigation
FNDA:0,(anonymous_2)
FNDA:0,(anonymous_3)
DA:19,0
DA:20,0
DA:23,0
DA:32,0
DA:35,0
DA:58,0
DA:59,0
DA:60,0
DA:61,0
DA:62,0
DA:63,0
DA:64,0
DA:65,0
DA:66,0
DA:67,0
DA:68,0
DA:69,0
LF:17
LH:0
BRDA:54,0,0,0
BRDA:54,0,1,0
BRDA:58,1,0,0
BRDA:58,1,1,0
BRDA:60,2,0,0
BRDA:60,2,1,0
BRDA:62,3,0,0
BRDA:62,3,1,0
BRDA:64,4,0,0
BRDA:64,4,1,0
BRDA:66,5,0,0
BRDA:66,5,1,0
BRDA:68,6,0,0
BRDA:68,6,1,0
BRF:14
BRH:0
end_of_record
TN:
SF:src\navigations\ProfileNavigation.tsx
FN:15,ProfileNavigation
FNF:1
FNH:0
FNDA:0,ProfileNavigation
DA:13,0
DA:17,0
LF:2
LH:0
BRF:0
BRH:0
end_of_record
TN:
SF:src\navigations\StreakNavigation.tsx
FN:10,StreakNavigation
FNF:1
FNH:0
FNDA:0,StreakNavigation
DA:8,0
DA:12,0
LF:2
LH:0
BRF:0
BRH:0
end_of_record
TN:
SF:src\navigations\navigation.ts
FNF:0
FNH:0
LF:0
LH:0
BRF:0
BRH:0
end_of_record
TN:
SF:src\screens\Account\DeleteAccount.tsx
FN:11,(anonymous_0)
FN:17,(anonymous_1)
FN:19,(anonymous_2)
FN:23,(anonymous_3)
FNF:4
FNH:0
FNDA:0,(anonymous_0)
FNDA:0,(anonymous_1)
FNDA:0,(anonymous_2)
FNDA:0,(anonymous_3)
DA:11,0
DA:12,0
DA:13,0
DA:14,0
DA:15,0
DA:17,0
DA:18,0
DA:20,0
DA:21,0
DA:24,0
DA:28,0
DA:44,0
LF:12
LH:0
BRDA:29,0,0,0
BRDA:29,0,1,0
BRF:2
BRH:0
end_of_record
TN:
SF:src\screens\Account\ProfileEdit.tsx
FN:11,(anonymous_0)
FN:18,handleUpdateProfile
FN:33,(anonymous_2)
FNF:3
FNH:0
FNDA:0,(anonymous_0)
FNDA:0,handleUpdateProfile
FNDA:0,(anonymous_2)
DA:11,0
DA:12,0
DA:13,0
DA:14,0
DA:15,0
DA:16,0
DA:21,0
DA:33,0
DA:47,0
LF:9
LH:0
BRDA:14,0,0,0
BRDA:14,0,1,0
BRDA:15,1,0,0
BRDA:15,1,1,0
BRDA:22,2,0,0
BRDA:22,2,1,0
BRF:6
BRH:0
end_of_record
TN:
SF:src\screens\Account\StepGoal.tsx
FN:13,StepGoal
FN:19,(anonymous_1)
FN:23,(anonymous_2)
FN:39,(anonymous_3)
FN:52,(anonymous_4)
FN:77,(anonymous_5)
FNF:6
FNH:0
FNDA:0,StepGoal
FNDA:0,(anonymous_1)
FNDA:0,(anonymous_2)
FNDA:0,(anonymous_3)
FNDA:0,(anonymous_4)
FNDA:0,(anonymous_5)
DA:14,0
DA:15,0
DA:16,0
DA:17,0
DA:19,0
DA:20,0
DA:23,0
DA:24,0
DA:25,0
DA:26,0
DA:27,0
DA:28,0
DA:29,0
DA:31,0
DA:32,0
DA:35,0
DA:39,0
DA:40,0
DA:41,0
DA:42,0
DA:44,0
DA:45,0
DA:46,0
DA:47,0
DA:51,0
DA:52,0
DA:55,0
DA:59,0
DA:77,0
DA:93,0
LF:30
LH:0
BRDA:28,0,0,0
BRDA:28,0,1,0
BRDA:29,1,0,0
BRDA:29,1,1,0
BRDA:40,2,0,0
BRDA:40,2,1,0
BRDA:40,3,0,0
BRDA:40,3,1,0
BRDA:62,4,0,0
BRDA:62,4,1,0
BRF:10
BRH:0
end_of_record
TN:
SF:src\screens\Entry\ForgotPassword.tsx
FN:10,(anonymous_0)
FN:14,(anonymous_1)
FN:46,(anonymous_2)
FNF:3
FNH:0
FNDA:0,(anonymous_0)
FNDA:0,(anonymous_1)
FNDA:0,(anonymous_2)
DA:10,0
DA:11,0
DA:12,0
DA:14,0
DA:15,0
DA:16,0
DA:17,0
DA:18,0
DA:20,0
DA:21,0
DA:25,0
DA:27,0
DA:28,0
DA:29,0
DA:30,0
DA:32,0
DA:37,0
DA:46,0
DA:61,0
LF:19
LH:0
BRDA:16,0,0,0
BRDA:16,0,1,0
BRDA:27,1,0,0
BRDA:27,1,1,0
BRDA:29,2,0,0
BRDA:29,2,1,0
BRF:6
BRH:0
end_of_record
TN:
SF:src\screens\Entry\Login.tsx
FN:12,Login
FN:20,(anonymous_1)
FN:38,(anonymous_2)
FN:45,(anonymous_3)
FN:54,(anonymous_4)
FN:63,(anonymous_5)
FN:68,(anonymous_6)
FNF:7
FNH:0
FNDA:0,Login
FNDA:0,(anonymous_1)
FNDA:0,(anonymous_2)
FNDA:0,(anonymous_3)
FNDA:0,(anonymous_4)
FNDA:0,(anonymous_5)
FNDA:0,(anonymous_6)
DA:13,0
DA:14,0
DA:15,0
DA:16,0
DA:18,0
DA:20,0
DA:21,0
DA:23,0
DA:24,0
DA:28,0
DA:38,0
DA:45,0
DA:54,0
DA:63,0
DA:68,0
DA:77,0
LF:16
LH:0
BRDA:23,0,0,0
BRDA:23,0,1,0
BRDA:32,1,0,0
BRDA:32,1,1,0
BRF:4
BRH:0
end_of_record
TN:
SF:src\screens\Entry\Register.tsx
FN:11,Entry
FN:18,(anonymous_1)
FN:40,(anonymous_2)
FN:47,(anonymous_3)
FN:54,(anonymous_4)
FN:59,(anonymous_5)
FNF:6
FNH:0
FNDA:0,Entry
FNDA:0,(anonymous_1)
FNDA:0,(anonymous_2)
FNDA:0,(anonymous_3)
FNDA:0,(anonymous_4)
FNDA:0,(anonymous_5)
DA:12,0
DA:13,0
DA:14,0
DA:15,0
DA:16,0
DA:18,0
DA:19,0
DA:20,0
DA:21,0
DA:24,0
DA:25,0
DA:30,0
DA:40,0
DA:47,0
DA:54,0
DA:59,0
DA:68,0
LF:17
LH:0
BRDA:20,0,0,0
BRDA:20,0,1,0
BRDA:34,1,0,0
BRDA:34,1,1,0
BRF:4
BRH:0
end_of_record
TN:
SF:src\screens\Main\Home.tsx
FN:29,Home
FN:46,stepCallback
FN:50,pointsCallback
FN:54,(anonymous_3)
FN:59,(anonymous_4)
FN:67,(anonymous_5)
FN:73,(anonymous_6)
FN:82,(anonymous_7)
FN:83,(anonymous_8)
FN:87,(anonymous_9)
FN:93,(anonymous_10)
FN:99,(anonymous_11)
FN:102,(anonymous_12)
FN:113,(anonymous_13)
FN:114,(anonymous_14)
FN:115,(anonymous_15)
FN:120,(anonymous_16)
FN:124,(anonymous_17)
FN:148,(anonymous_18)
FN:177,(anonymous_19)
FN:222,(anonymous_20)
FN:229,(anonymous_21)
FN:234,(anonymous_22)
FNF:23
FNH:0
FNDA:0,Home
FNDA:0,stepCallback
FNDA:0,pointsCallback
FNDA:0,(anonymous_3)
FNDA:0,(anonymous_4)
FNDA:0,(anonymous_5)
FNDA:0,(anonymous_6)
FNDA:0,(anonymous_7)
FNDA:0,(anonymous_8)
FNDA:0,(anonymous_9)
FNDA:0,(anonymous_10)
FNDA:0,(anonymous_11)
FNDA:0,(anonymous_12)
FNDA:0,(anonymous_13)
FNDA:0,(anonymous_14)
FNDA:0,(anonymous_15)
FNDA:0,(anonymous_16)
FNDA:0,(anonymous_17)
FNDA:0,(anonymous_18)
FNDA:0,(anonymous_19)
FNDA:0,(anonymous_20)
FNDA:0,(anonymous_21)
FNDA:0,(anonymous_22)
DA:26,0
DA:30,0
DA:31,0
DA:32,0
DA:33,0
DA:34,0
DA:35,0
DA:36,0
DA:38,0
DA:39,0
DA:40,0
DA:41,0
DA:42,0
DA:43,0
DA:44,0
DA:47,0
DA:51,0
DA:54,0
DA:55,0
DA:56,0
DA:59,0
DA:60,0
DA:61,0
DA:62,0
DA:63,0
DA:64,0
DA:67,0
DA:68,0
DA:69,0
DA:73,0
DA:74,0
DA:75,0
DA:76,0
DA:77,0
DA:82,0
DA:83,0
DA:84,0
DA:87,0
DA:88,0
DA:91,0
DA:92,0
DA:93,0
DA:94,0
DA:95,0
DA:99,0
DA:100,0
DA:102,0
DA:103,0
DA:104,0
DA:108,0
DA:109,0
DA:110,0
DA:111,0
DA:113,0
DA:114,0
DA:115,0
DA:120,0
DA:121,0
DA:124,0
DA:125,0
DA:148,0
DA:149,0
DA:150,0
DA:151,0
DA:152,0
DA:153,0
DA:154,0
DA:156,0
DA:157,0
DA:158,0
DA:160,0
DA:161,0
DA:163,0
DA:164,0
DA:166,0
DA:169,0
DA:170,0
DA:173,0
DA:177,0
DA:178,0
DA:179,0
DA:222,0
DA:223,0
DA:224,0
DA:228,0
DA:230,0
DA:234,0
DA:235,0
DA:237,0
DA:238,0
DA:239,0
DA:243,0
DA:246,0
DA:279,0
LF:94
LH:0
BRDA:74,0,0,0
BRDA:74,0,1,0
BRDA:108,1,0,0
BRDA:108,1,1,0
BRDA:109,2,0,0
BRDA:109,2,1,0
BRDA:156,3,0,0
BRDA:156,3,1,0
BRDA:158,4,0,0
BRDA:158,4,1,0
BRDA:163,5,0,0
BRDA:163,5,1,0
BRDA:164,6,0,0
BRDA:164,6,1,0
BRDA:223,7,0,0
BRDA:223,7,1,0
BRDA:237,8,0,0
BRDA:237,8,1,0
BRF:18
BRH:0
end_of_record
TN:
SF:src\screens\Main\Leaderboard.tsx
FN:24,Leaderboard
FN:29,(anonymous_1)
FN:34,(anonymous_2)
FN:55,(anonymous_3)
FN:66,(anonymous_4)
FN:77,(anonymous_5)
FNF:6
FNH:0
FNDA:0,Leaderboard
FNDA:0,(anonymous_1)
FNDA:0,(anonymous_2)
FNDA:0,(anonymous_3)
FNDA:0,(anonymous_4)
FNDA:0,(anonymous_5)
DA:25,0
DA:29,0
DA:30,0
DA:31,0
DA:34,0
DA:35,0
DA:38,0
DA:55,0
DA:66,0
DA:77,0
DA:133,0
LF:11
LH:0
BRDA:24,0,0,0
BRDA:59,1,0,0
BRDA:59,1,1,0
BRDA:70,2,0,0
BRDA:70,2,1,0
BRDA:81,3,0,0
BRDA:81,3,1,0
BRF:7
BRH:0
end_of_record
TN:
SF:src\screens\Main\Map.tsx
FN:21,(anonymous_0)
FN:26,(anonymous_1)
FN:27,(anonymous_2)
FN:30,(anonymous_3)
FN:49,(anonymous_4)
FN:57,(anonymous_5)
FN:65,(anonymous_6)
FN:76,(anonymous_7)
FN:80,(anonymous_8)
FN:91,(anonymous_9)
FN:92,(anonymous_10)
FN:103,(anonymous_11)
FN:108,(anonymous_12)
FN:112,(anonymous_13)
FN:113,(anonymous_14)
FN:122,(anonymous_15)
FN:126,(anonymous_16)
FN:133,(anonymous_17)
FN:139,(anonymous_18)
FN:144,(anonymous_19)
FN:148,(anonymous_20)
FN:153,(anonymous_21)
FN:157,(anonymous_22)
FN:182,(anonymous_23)
FN:189,(anonymous_24)
FNF:25
FNH:0
FNDA:0,(anonymous_0)
FNDA:0,(anonymous_1)
FNDA:0,(anonymous_2)
FNDA:0,(anonymous_3)
FNDA:0,(anonymous_4)
FNDA:0,(anonymous_5)
FNDA:0,(anonymous_6)
FNDA:0,(anonymous_7)
FNDA:0,(anonymous_8)
FNDA:0,(anonymous_9)
FNDA:0,(anonymous_10)
FNDA:0,(anonymous_11)
FNDA:0,(anonymous_12)
FNDA:0,(anonymous_13)
FNDA:0,(anonymous_14)
FNDA:0,(anonymous_15)
FNDA:0,(anonymous_16)
FNDA:0,(anonymous_17)
FNDA:0,(anonymous_18)
FNDA:0,(anonymous_19)
FNDA:0,(anonymous_20)
FNDA:0,(anonymous_21)
FNDA:0,(anonymous_22)
FNDA:0,(anonymous_23)
FNDA:0,(anonymous_24)
DA:19,0
DA:21,0
DA:22,0
DA:23,0
DA:24,0
DA:26,0
DA:27,0
DA:28,0
DA:29,0
DA:30,0
DA:34,0
DA:36,0
DA:37,0
DA:39,0
DA:43,0
DA:46,0
DA:49,0
DA:50,0
DA:51,0
DA:52,0
DA:53,0
DA:54,0
DA:55,0
DA:56,0
DA:57,0
DA:59,0
DA:60,0
DA:61,0
DA:63,0
DA:65,0
DA:66,0
DA:67,0
DA:68,0
DA:69,0
DA:70,0
DA:76,0
DA:80,0
DA:84,0
DA:86,0
DA:87,0
DA:88,0
DA:91,0
DA:92,0
DA:93,0
DA:94,0
DA:95,0
DA:98,0
DA:104,0
DA:108,0
DA:112,0
DA:113,0
DA:114,0
DA:115,0
DA:117,0
DA:123,0
DA:126,0
DA:130,0
DA:133,0
DA:134,0
DA:135,0
DA:139,0
DA:140,0
DA:144,0
DA:145,0
DA:148,0
DA:149,0
DA:153,0
DA:154,0
DA:157,0
DA:158,0
DA:161,0
DA:182,0
DA:189,0
DA:228,0
LF:74
LH:0
BRDA:67,0,0,0
BRDA:67,0,1,0
BRDA:94,1,0,0
BRDA:94,1,1,0
BRDA:115,2,0,0
BRDA:115,2,1,0
BRF:6
BRH:0
end_of_record
TN:
SF:src\screens\Main\Missions.tsx
FN:40,(anonymous_0)
FN:56,(anonymous_1)
FN:60,(anonymous_2)
FN:61,(anonymous_3)
FN:62,(anonymous_4)
FN:67,(anonymous_5)
FN:71,(anonymous_6)
FN:75,(anonymous_7)
FN:79,(anonymous_8)
FN:111,(anonymous_9)
FN:148,(anonymous_10)
FN:151,(anonymous_11)
FN:164,(anonymous_12)
FN:171,(anonymous_13)
FN:178,(anonymous_14)
FN:188,(anonymous_15)
FN:193,(anonymous_16)
FN:201,(anonymous_17)
FN:204,(anonymous_18)
FN:218,(anonymous_19)
FN:232,(anonymous_20)
FN:242,(anonymous_21)
FN:252,(anonymous_22)
FN:276,(anonymous_23)
FN:290,(anonymous_24)
FN:293,(anonymous_25)
FN:302,(anonymous_26)
FN:303,(anonymous_27)
FN:310,(anonymous_28)
FN:338,(anonymous_29)
FN:339,(anonymous_30)
FN:348,(anonymous_31)
FN:354,(anonymous_32)
FN:361,(anonymous_33)
FN:370,(anonymous_34)
FN:375,(anonymous_35)
FN:381,(anonymous_36)
FN:415,(anonymous_37)
FN:424,(anonymous_38)
FN:481,(anonymous_39)
FNF:40
FNH:0
FNDA:0,(anonymous_0)
FNDA:0,(anonymous_1)
FNDA:0,(anonymous_2)
FNDA:0,(anonymous_3)
FNDA:0,(anonymous_4)
FNDA:0,(anonymous_5)
FNDA:0,(anonymous_6)
FNDA:0,(anonymous_7)
FNDA:0,(anonymous_8)
FNDA:0,(anonymous_9)
FNDA:0,(anonymous_10)
FNDA:0,(anonymous_11)
FNDA:0,(anonymous_12)
FNDA:0,(anonymous_13)
FNDA:0,(anonymous_14)
FNDA:0,(anonymous_15)
FNDA:0,(anonymous_16)
FNDA:0,(anonymous_17)
FNDA:0,(anonymous_18)
FNDA:0,(anonymous_19)
FNDA:0,(anonymous_20)
FNDA:0,(anonymous_21)
FNDA:0,(anonymous_22)
FNDA:0,(anonymous_23)
FNDA:0,(anonymous_24)
FNDA:0,(anonymous_25)
FNDA:0,(anonymous_26)
FNDA:0,(anonymous_27)
FNDA:0,(anonymous_28)
FNDA:0,(anonymous_29)
FNDA:0,(anonymous_30)
FNDA:0,(anonymous_31)
FNDA:0,(anonymous_32)
FNDA:0,(anonymous_33)
FNDA:0,(anonymous_34)
FNDA:0,(anonymous_35)
FNDA:0,(anonymous_36)
FNDA:0,(anonymous_37)
FNDA:0,(anonymous_38)
FNDA:0,(anonymous_39)
DA:38,0
DA:40,0
DA:41,0
DA:42,0
DA:43,0
DA:44,0
DA:45,0
DA:46,0
DA:47,0
DA:48,0
DA:50,0
DA:51,0
DA:52,0
DA:53,0
DA:54,0
DA:56,0
DA:57,0
DA:59,0
DA:60,0
DA:61,0
DA:62,0
DA:67,0
DA:68,0
DA:71,0
DA:72,0
DA:75,0
DA:76,0
DA:79,0
DA:80,0
DA:81,0
DA:82,0
DA:89,0
DA:90,0
DA:92,0
DA:93,0
DA:94,0
DA:95,0
DA:96,0
DA:97,0
DA:99,0
DA:100,0
DA:104,0
DA:107,0
DA:111,0
DA:112,0
DA:113,0
DA:114,0
DA:121,0
DA:122,0
DA:124,0
DA:125,0
DA:126,0
DA:127,0
DA:128,0
DA:129,0
DA:131,0
DA:132,0
DA:136,0
DA:137,0
DA:138,0
DA:139,0
DA:140,0
DA:144,0
DA:148,0
DA:149,0
DA:150,0
DA:151,0
DA:155,0
DA:157,0
DA:158,0
DA:160,0
DA:164,0
DA:165,0
DA:166,0
DA:167,0
DA:171,0
DA:172,0
DA:173,0
DA:177,0
DA:178,0
DA:182,0
DA:184,0
DA:188,0
DA:189,0
DA:192,0
DA:194,0
DA:195,0
DA:196,0
DA:201,0
DA:202,0
DA:203,0
DA:205,0
DA:208,0
DA:209,0
DA:210,0
DA:212,0
DA:218,0
DA:228,0
DA:232,0
DA:233,0
DA:234,0
DA:235,0
DA:237,0
DA:238,0
DA:242,0
DA:243,0
DA:244,0
DA:245,0
DA:247,0
DA:248,0
DA:252,0
DA:253,0
DA:254,0
DA:258,0
DA:259,0
DA:260,0
DA:261,0
DA:262,0
DA:263,0
DA:264,0
DA:265,0
DA:266,0
DA:267,0
DA:268,0
DA:269,0
DA:270,0
DA:276,0
DA:277,0
DA:279,0
DA:280,0
DA:283,0
DA:286,0
DA:290,0
DA:291,0
DA:292,0
DA:294,0
DA:297,0
DA:298,0
DA:299,0
DA:301,0
DA:302,0
DA:303,0
DA:306,0
DA:310,0
DA:311,0
DA:312,0
DA:313,0
DA:314,0
DA:315,0
DA:317,0
DA:318,0
DA:319,0
DA:320,0
DA:321,0
DA:323,0
DA:324,0
DA:325,0
DA:327,0
DA:328,0
DA:329,0
DA:331,0
DA:332,0
DA:333,0
DA:337,0
DA:338,0
DA:339,0
DA:344,0
DA:348,0
DA:349,0
DA:352,0
DA:354,0
DA:355,0
DA:361,0
DA:362,0
DA:370,0
DA:371,0
DA:372,0
DA:374,0
DA:376,0
DA:380,0
DA:382,0
DA:387,0
DA:388,0
DA:392,0
DA:395,0
DA:396,0
DA:398,0
DA:415,0
DA:424,0
DA:452,0
DA:453,0
DA:460,0
DA:461,0
DA:468,0
DA:481,0
DA:516,0
LF:196
LH:0
BRDA:59,0,0,0
BRDA:59,0,1,0
BRDA:89,1,0,0
BRDA:89,1,1,0
BRDA:95,2,0,0
BRDA:95,2,1,0
BRDA:100,3,0,0
BRDA:100,3,1,0
BRDA:101,4,0,0
BRDA:101,4,1,0
BRDA:121,5,0,0
BRDA:121,5,1,0
BRDA:127,6,0,0
BRDA:127,6,1,0
BRDA:132,7,0,0
BRDA:132,7,1,0
BRDA:133,8,0,0
BRDA:133,8,1,0
BRDA:139,9,0,0
BRDA:139,9,1,0
BRDA:166,10,0,0
BRDA:166,10,1,0
BRDA:195,11,0,0
BRDA:195,11,1,0
BRDA:205,12,0,0
BRDA:205,12,1,0
BRDA:208,13,0,0
BRDA:208,13,1,0
BRDA:259,14,0,0
BRDA:259,14,1,0
BRDA:261,15,0,0
BRDA:261,15,1,0
BRDA:264,16,0,0
BRDA:264,16,1,0
BRDA:294,17,0,0
BRDA:294,17,1,0
BRDA:297,18,0,0
BRDA:297,18,1,0
BRDA:314,19,0,0
BRDA:314,19,1,0
BRDA:314,20,0,0
BRDA:314,20,1,0
BRDA:320,21,0,0
BRDA:320,21,1,0
BRDA:324,22,0,0
BRDA:324,22,1,0
BRDA:324,23,0,0
BRDA:324,23,1,0
BRDA:324,23,2,0
BRDA:328,24,0,0
BRDA:328,24,1,0
BRDA:328,25,0,0
BRDA:328,25,1,0
BRDA:333,26,0,0
BRDA:333,26,1,0
BRDA:334,27,0,0
BRDA:334,27,1,0
BRDA:376,28,0,0
BRDA:376,28,1,0
BRDA:382,29,0,0
BRDA:382,29,1,0
BRDA:382,29,2,0
BRDA:387,30,0,0
BRDA:387,30,1,0
BRDA:402,31,0,0
BRDA:402,31,1,0
BRDA:412,32,0,0
BRDA:412,32,1,0
BRDA:432,33,0,0
BRDA:432,33,1,0
BRDA:434,34,0,0
BRDA:434,34,1,0
BRDA:452,35,0,0
BRDA:452,35,1,0
BRDA:460,36,0,0
BRDA:460,36,1,0
BRF:76
BRH:0
end_of_record
TN:
SF:src\screens\Main\Profile.tsx
FN:25,Profile
FN:40,(anonymous_1)
FN:42,(anonymous_2)
FN:47,(anonymous_3)
FN:48,(anonymous_4)
FN:66,(anonymous_5)
FN:70,(anonymous_6)
FN:106,(anonymous_7)
FN:141,(anonymous_8)
FN:144,(anonymous_9)
FN:224,(anonymous_10)
FN:266,(anonymous_11)
FN:281,(anonymous_12)
FN:290,(anonymous_13)
FN:304,(anonymous_14)
FN:322,(anonymous_15)
FN:364,(anonymous_16)
FN:379,(anonymous_17)
FN:388,(anonymous_18)
FN:402,(anonymous_19)
FN:422,(anonymous_20)
FN:436,(anonymous_21)
FN:450,(anonymous_22)
FN:461,(anonymous_23)
FN:479,(anonymous_24)
FN:505,(anonymous_25)
FNF:26
FNH:0
FNDA:0,Profile
FNDA:0,(anonymous_1)
FNDA:0,(anonymous_2)
FNDA:0,(anonymous_3)
FNDA:0,(anonymous_4)
FNDA:0,(anonymous_5)
FNDA:0,(anonymous_6)
FNDA:0,(anonymous_7)
FNDA:0,(anonymous_8)
FNDA:0,(anonymous_9)
FNDA:0,(anonymous_10)
FNDA:0,(anonymous_11)
FNDA:0,(anonymous_12)
FNDA:0,(anonymous_13)
FNDA:0,(anonymous_14)
FNDA:0,(anonymous_15)
FNDA:0,(anonymous_16)
FNDA:0,(anonymous_17)
FNDA:0,(anonymous_18)
FNDA:0,(anonymous_19)
FNDA:0,(anonymous_20)
FNDA:0,(anonymous_21)
FNDA:0,(anonymous_22)
FNDA:0,(anonymous_23)
FNDA:0,(anonymous_24)
FNDA:0,(anonymous_25)
DA:26,0
DA:27,0
DA:28,0
DA:29,0
DA:30,0
DA:31,0
DA:32,0
DA:33,0
DA:34,0
DA:36,0
DA:37,0
DA:38,0
DA:40,0
DA:41,0
DA:42,0
DA:43,0
DA:47,0
DA:48,0
DA:53,0
DA:54,0
DA:55,0
DA:59,0
DA:62,0
DA:66,0
DA:67,0
DA:70,0
DA:71,0
DA:72,0
DA:73,0
DA:74,0
DA:75,0
DA:76,0
DA:77,0
DA:79,0
DA:82,0
DA:83,0
DA:84,0
DA:85,0
DA:86,0
DA:88,0
DA:89,0
DA:90,0
DA:91,0
DA:92,0
DA:93,0
DA:94,0
DA:96,0
DA:97,0
DA:98,0
DA:99,0
DA:100,0
DA:102,0
DA:106,0
DA:107,0
DA:109,0
DA:110,0
DA:114,0
DA:116,0
DA:117,0
DA:121,0
DA:123,0
DA:124,0
DA:128,0
DA:130,0
DA:131,0
DA:135,0
DA:138,0
DA:139,0
DA:142,0
DA:146,0
DA:150,0
DA:225,0
DA:267,0
DA:282,0
DA:291,0
DA:305,0
DA:306,0
DA:307,0
DA:308,0
DA:323,0
DA:365,0
DA:380,0
DA:389,0
DA:403,0
DA:404,0
DA:405,0
DA:406,0
DA:423,0
DA:437,0
DA:451,0
DA:462,0
DA:480,0
DA:505,0
DA:519,0
LF:94
LH:0
BRDA:53,0,0,0
BRDA:53,0,1,0
BRDA:71,1,0,0
BRDA:71,1,1,0
BRDA:72,2,0,0
BRDA:72,2,1,0
BRDA:72,3,0,0
BRDA:72,3,1,0
BRDA:75,4,0,0
BRDA:75,4,1,0
BRDA:76,5,0,0
BRDA:76,5,1,0
BRDA:89,6,0,0
BRDA:89,6,1,0
BRDA:90,7,0,0
BRDA:90,7,1,0
BRDA:90,8,0,0
BRDA:90,8,1,0
BRDA:93,9,0,0
BRDA:93,9,1,0
BRDA:109,10,0,0
BRDA:109,10,1,0
BRDA:109,11,0,0
BRDA:109,11,1,0
BRDA:116,12,0,0
BRDA:116,12,1,0
BRDA:116,13,0,0
BRDA:116,13,1,0
BRDA:123,14,0,0
BRDA:123,14,1,0
BRDA:123,15,0,0
BRDA:123,15,1,0
BRDA:130,16,0,0
BRDA:130,16,1,0
BRDA:130,17,0,0
BRDA:130,17,1,0
BRDA:138,18,0,0
BRDA:138,18,1,0
BRDA:254,19,0,0
BRDA:254,19,1,0
BRDA:352,20,0,0
BRDA:352,20,1,0
BRDA:428,21,0,0
BRDA:428,21,1,0
BRDA:442,22,0,0
BRDA:442,22,1,0
BRDA:454,23,0,0
BRDA:454,23,1,0
BRDA:471,24,0,0
BRDA:471,24,1,0
BRF:50
BRH:0
end_of_record
TN:
SF:src\screens\Main\Store.tsx
FN:12,Store
FNF:1
FNH:0
FNDA:0,Store
DA:13,0
DA:14,0
DA:16,0
DA:43,0
LF:4
LH:0
BRF:0
BRH:0
end_of_record
TN:
SF:src\screens\Main\Streaks.tsx
FN:40,(anonymous_0)
FN:54,(anonymous_1)
FN:58,(anonymous_2)
FN:65,(anonymous_3)
FN:74,(anonymous_4)
FN:78,(anonymous_5)
FN:82,(anonymous_6)
FN:86,(anonymous_7)
FN:90,(anonymous_8)
FN:106,(anonymous_9)
FN:118,(anonymous_10)
FN:125,(anonymous_11)
FN:133,(anonymous_12)
FN:164,(anonymous_13)
FN:263,(anonymous_14)
FN:265,(anonymous_15)
FN:277,(anonymous_16)
FN:299,(anonymous_17)
FN:326,(anonymous_18)
FN:328,(anonymous_19)
FNF:20
FNH:0
FNDA:0,(anonymous_0)
FNDA:0,(anonymous_1)
FNDA:0,(anonymous_2)
FNDA:0,(anonymous_3)
FNDA:0,(anonymous_4)
FNDA:0,(anonymous_5)
FNDA:0,(anonymous_6)
FNDA:0,(anonymous_7)
FNDA:0,(anonymous_8)
FNDA:0,(anonymous_9)
FNDA:0,(anonymous_10)
FNDA:0,(anonymous_11)
FNDA:0,(anonymous_12)
FNDA:0,(anonymous_13)
FNDA:0,(anonymous_14)
FNDA:0,(anonymous_15)
FNDA:0,(anonymous_16)
FNDA:0,(anonymous_17)
FNDA:0,(anonymous_18)
FNDA:0,(anonymous_19)
DA:40,0
DA:41,0
DA:42,0
DA:43,0
DA:44,0
DA:45,0
DA:46,0
DA:47,0
DA:48,0
DA:49,0
DA:51,0
DA:52,0
DA:54,0
DA:55,0
DA:58,0
DA:59,0
DA:65,0
DA:66,0
DA:74,0
DA:75,0
DA:78,0
DA:79,0
DA:82,0
DA:83,0
DA:86,0
DA:87,0
DA:90,0
DA:91,0
DA:92,0
DA:93,0
DA:95,0
DA:96,0
DA:106,0
DA:107,0
DA:108,0
DA:118,0
DA:119,0
DA:120,0
DA:121,0
DA:122,0
DA:125,0
DA:126,0
DA:127,0
DA:128,0
DA:129,0
DA:133,0
DA:134,0
DA:136,0
DA:138,0
DA:140,0
DA:142,0
DA:144,0
DA:146,0
DA:148,0
DA:150,0
DA:152,0
DA:154,0
DA:156,0
DA:158,0
DA:160,0
DA:164,0
DA:165,0
DA:172,0
DA:176,0
DA:182,0
DA:188,0
DA:194,0
DA:264,0
DA:265,0
DA:267,0
DA:268,0
DA:278,0
DA:300,0
DA:326,0
DA:330,0
DA:331,0
DA:364,0
LF:77
LH:0
BRDA:92,0,0,0
BRDA:92,0,1,0
BRDA:95,1,0,0
BRDA:95,1,1,0
BRDA:107,2,0,0
BRDA:107,2,1,0
BRDA:134,3,0,0
BRDA:134,3,1,0
BRDA:134,3,2,0
BRDA:134,3,3,0
BRDA:134,3,4,0
BRDA:134,3,5,0
BRDA:134,3,6,0
BRDA:134,3,7,0
BRDA:134,3,8,0
BRDA:134,3,9,0
BRDA:134,3,10,0
BRDA:134,3,11,0
BRDA:134,3,12,0
BRDA:176,4,0,0
BRDA:176,4,1,0
BRDA:178,5,0,0
BRDA:178,5,1,0
BRDA:182,6,0,0
BRDA:182,6,1,0
BRDA:184,7,0,0
BRDA:184,7,1,0
BRDA:188,8,0,0
BRDA:188,8,1,0
BRDA:190,9,0,0
BRDA:190,9,1,0
BRDA:258,10,0,0
BRDA:258,10,1,0
BRDA:258,10,2,0
BRDA:267,11,0,0
BRDA:267,11,1,0
BRDA:287,12,0,0
BRDA:287,12,1,0
BRDA:287,12,2,0
BRDA:296,13,0,0
BRDA:296,13,1,0
BRDA:306,14,0,0
BRDA:306,14,1,0
BRDA:319,15,0,0
BRDA:319,15,1,0
BRDA:330,16,0,0
BRDA:330,16,1,0
BRDA:339,17,0,0
BRDA:339,17,1,0
BRF:49
BRH:0
end_of_record
TN:
SF:src\screens\Main\WaterIntake.tsx
FN:13,(anonymous_0)
FN:18,(anonymous_1)
FN:19,(anonymous_2)
FN:26,WaterIntake
FN:39,(anonymous_4)
FN:45,(anonymous_5)
FN:82,(anonymous_6)
FN:86,(anonymous_7)
FN:88,(anonymous_8)
FN:90,(anonymous_9)
FN:94,(anonymous_10)
FN:116,(anonymous_11)
FN:144,(anonymous_12)
FN:159,(anonymous_13)
FNF:14
FNH:0
FNDA:0,(anonymous_0)
FNDA:0,(anonymous_1)
FNDA:0,(anonymous_2)
FNDA:0,WaterIntake
FNDA:0,(anonymous_4)
FNDA:0,(anonymous_5)
FNDA:0,(anonymous_6)
FNDA:0,(anonymous_7)
FNDA:0,(anonymous_8)
FNDA:0,(anonymous_9)
FNDA:0,(anonymous_10)
FNDA:0,(anonymous_11)
FNDA:0,(anonymous_12)
FNDA:0,(anonymous_13)
DA:11,0
DA:13,0
DA:14,0
DA:15,0
DA:18,0
DA:19,0
DA:27,0
DA:28,0
DA:33,0
DA:34,0
DA:35,0
DA:36,0
DA:37,0
DA:39,0
DA:40,0
DA:41,0
DA:42,0
DA:45,0
DA:46,0
DA:47,0
DA:48,0
DA:49,0
DA:50,0
DA:52,0
DA:53,0
DA:54,0
DA:55,0
DA:57,0
DA:58,0
DA:60,0
DA:61,0
DA:63,0
DA:64,0
DA:67,0
DA:68,0
DA:69,0
DA:71,0
DA:72,0
DA:73,0
DA:76,0
DA:78,0
DA:82,0
DA:83,0
DA:86,0
DA:87,0
DA:88,0
DA:89,0
DA:90,0
DA:94,0
DA:95,0
DA:96,0
DA:97,0
DA:98,0
DA:99,0
DA:101,0
DA:103,0
DA:104,0
DA:106,0
DA:107,0
DA:109,0
DA:111,0
DA:116,0
DA:117,0
DA:144,0
DA:145,0
DA:154,0
DA:159,0
DA:160,0
DA:168,0
DA:186,0
LF:70
LH:0
BRDA:52,0,0,0
BRDA:52,0,1,0
BRDA:54,1,0,0
BRDA:54,1,1,0
BRDA:55,2,0,0
BRDA:55,2,1,0
BRDA:60,3,0,0
BRDA:60,3,1,0
BRDA:61,4,0,0
BRDA:61,4,1,0
BRDA:87,5,0,0
BRDA:87,5,1,0
BRDA:89,6,0,0
BRDA:89,6,1,0
BRDA:118,7,0,0
BRDA:118,7,1,0
BRDA:146,8,0,0
BRDA:146,8,1,0
BRF:18
BRH:0
end_of_record
TN:
SF:src\screens\Settings\About.tsx
FN:7,AboutUs
FNF:1
FNH:0
FNDA:0,AboutUs
DA:8,0
DA:9,0
DA:31,0
LF:3
LH:0
BRDA:10,0,0,0
BRDA:10,0,1,0
BRF:2
BRH:0
end_of_record
TN:
SF:src\screens\Settings\Account.tsx
FN:28,Account
FN:33,(anonymous_1)
FN:37,(anonymous_2)
FN:41,(anonymous_3)
FN:45,(anonymous_4)
FNF:5
FNH:0
FNDA:0,Account
FNDA:0,(anonymous_1)
FNDA:0,(anonymous_2)
FNDA:0,(anonymous_3)
FNDA:0,(anonymous_4)
DA:29,0
DA:30,0
DA:31,0
DA:33,0
DA:34,0
DA:37,0
DA:38,0
DA:41,0
DA:42,0
DA:45,0
DA:46,0
DA:49,0
DA:149,0
LF:13
LH:0
BRDA:28,0,0,0
BRDA:51,1,0,0
BRDA:51,1,1,0
BRF:3
BRH:0
end_of_record
TN:
SF:src\screens\Settings\Appearance.tsx
FN:8,Appearance
FN:11,(anonymous_1)
FN:12,(anonymous_2)
FN:17,(anonymous_3)
FN:23,(anonymous_4)
FNF:5
FNH:0
FNDA:0,Appearance
FNDA:0,(anonymous_1)
FNDA:0,(anonymous_2)
FNDA:0,(anonymous_3)
FNDA:0,(anonymous_4)
DA:9,0
DA:11,0
DA:12,0
DA:13,0
DA:17,0
DA:18,0
DA:19,0
DA:20,0
DA:23,0
DA:24,0
DA:25,0
DA:27,0
DA:33,0
DA:92,0
LF:14
LH:0
BRDA:35,0,0,0
BRDA:35,0,1,0
BRDA:42,1,0,0
BRDA:42,1,1,0
BRF:4
BRH:0
end_of_record
TN:
SF:src\screens\Settings\Notifications.tsx
FN:7,Notifications
FN:14,(anonymous_1)
FN:18,(anonymous_2)
FN:22,(anonymous_3)
FN:26,(anonymous_4)
FN:77,(anonymous_5)
FNF:6
FNH:0
FNDA:0,Notifications
FNDA:0,(anonymous_1)
FNDA:0,(anonymous_2)
FNDA:0,(anonymous_3)
FNDA:0,(anonymous_4)
FNDA:0,(anonymous_5)
DA:8,0
DA:9,0
DA:10,0
DA:11,0
DA:12,0
DA:14,0
DA:15,0
DA:18,0
DA:19,0
DA:22,0
DA:23,0
DA:26,0
DA:27,0
DA:30,0
DA:77,0
DA:85,0
LF:16
LH:0
BRDA:31,0,0,0
BRDA:31,0,1,0
BRDA:39,1,0,0
BRDA:39,1,1,0
BRDA:51,2,0,0
BRDA:51,2,1,0
BRDA:63,3,0,0
BRDA:63,3,1,0
BRDA:75,4,0,0
BRDA:75,4,1,0
BRDA:77,5,0,0
BRDA:77,5,1,0
BRF:12
BRH:0
end_of_record
TN:
SF:src\services\firebase.tsx
FNF:0
FNH:0
DA:7,1
DA:17,1
DA:18,1
DA:21,1
DA:22,1
LF:5
LH:5
BRF:0
BRH:0
end_of_record
